F
======================================================================
FAIL: test_permutations (permutations_testSuite.Test.test_permutations)
----------------------------------------------------------------------
Traceback (most recent call last):
  File "/app/permutations_testSuite.py", line 6, in test_permutations
    self.assertEqual(permutations([1, 2, 3]), [[1, 2, 3], [1, 3, 2], [2, 1, 3], [2, 3, 1], [3, 1, 2], [3, 2, 1]])
AssertionError: Lists differ: [[1, 2, 3], [1, 3, 2], [2, 3, 1], [2, 1, 3], [3, 1, 2], [3, 2, 1]] != [[1, 2, 3], [1, 3, 2], [2, 1, 3], [2, 3, 1], [3, 1, 2], [3, 2, 1]]

First differing element 2:
[2, 3, 1]
[2, 1, 3]

- [[1, 2, 3], [1, 3, 2], [2, 3, 1], [2, 1, 3], [3, 1, 2], [3, 2, 1]]
?                                   -----------

+ [[1, 2, 3], [1, 3, 2], [2, 1, 3], [2, 3, 1], [3, 1, 2], [3, 2, 1]]
?                            +++++++++++


----------------------------------------------------------------------
Ran 1 test in 0.042s

FAILED (failures=1)
Command exited with non-zero status 1
	Command being timed: "python3 -m unittest discover -s . -p *test*.py"
	User time (seconds): 0.27
	System time (seconds): 0.17
	Percent of CPU this job got: 32%
	Elapsed (wall clock) time (h:mm:ss or m:ss): 0:01.34
	Average shared text size (kbytes): 0
	Average unshared data size (kbytes): 0
	Average stack size (kbytes): 0
	Average total size (kbytes): 0
	Maximum resident set size (kbytes): 14848
	Average resident set size (kbytes): 0
	Major (requiring I/O) page faults: 0
	Minor (reclaiming a frame) page faults: 2487
	Voluntary context switches: 155
	Involuntary context switches: 237
	Swaps: 0
	File system inputs: 0
	File system outputs: 576
	Socket messages sent: 0
	Socket messages received: 0
	Signals delivered: 0
	Page size (bytes): 4096
	Exit status: 1
