acronym.test.ts(1,23): error TS2306: File '/app/acronym.ts' is not a module.
acronym.ts(2,23): error TS2304: Cannot find name 'exports'.
acronym.ts(3,1): error TS2304: Cannot find name 'exports'.
acronym.ts(4,16): error TS7006: Parameter 'phrase' implicitly has an 'any' type.
openAI/ChatGPT4_acronym_v3.ts(4,34): error TS2550: Property 'matchAll' does not exist on type 'string'. Do you need to change your target library? Try changing the 'lib' compiler option to 'es2020' or later.
openAI/ChatGPT4_acronym_v3.ts(4,64): error TS18046: 'match' is of type 'unknown'.
npm notice
npm notice New major version of npm available! 10.8.2 -> 11.6.1
npm notice Changelog: https://github.com/npm/cli/releases/tag/v11.6.1
npm notice To update run: npm install -g npm@11.6.1
npm notice
