E
======================================================================
ERROR: find_min_path_testSuite (unittest.loader._FailedTest.find_min_path_testSuite)
----------------------------------------------------------------------
ImportError: Failed to import test module: find_min_path_testSuite
Traceback (most recent call last):
  File "/usr/local/lib/python3.11/unittest/loader.py", line 419, in _find_test_path
    module = self._get_module_from_name(name)
             ^^^^^^^^^^^^^^^^^^^^^^^^^^^^^^^^
  File "/usr/local/lib/python3.11/unittest/loader.py", line 362, in _get_module_from_name
    __import__(name)
  File "/app/find_min_path_testSuite.py", line 5, in <module>
    print(find_min_path([[f, f, f, f], [t, t, f, t], [f, f, f, f], [f, f, f, f]], (3, 0), (0, 0)))
          ^^^^^^^^^^^^^
NameError: name 'find_min_path' is not defined


----------------------------------------------------------------------
Ran 1 test in 0.042s

FAILED (errors=1)
Command exited with non-zero status 1
	Command being timed: "python3 -m unittest discover -s . -p *test*.py"
	User time (seconds): 0.53
	System time (seconds): 0.53
	Percent of CPU this job got: 18%
	Elapsed (wall clock) time (h:mm:ss or m:ss): 0:05.72
	Average shared text size (kbytes): 0
	Average unshared data size (kbytes): 0
	Average stack size (kbytes): 0
	Average total size (kbytes): 0
	Maximum resident set size (kbytes): 14848
	Average resident set size (kbytes): 0
	Major (requiring I/O) page faults: 0
	Minor (reclaiming a frame) page faults: 2499
	Voluntary context switches: 105
	Involuntary context switches: 250
	Swaps: 0
	File system inputs: 0
	File system outputs: 576
	Socket messages sent: 0
	Socket messages received: 0
	Signals delivered: 0
	Page size (bytes): 4096
	Exit status: 1
