raindrops.test.ts(1,25): error TS2306: File '/app/raindrops.ts' is not a module.
raindrops.ts(2,23): error TS2304: Cannot find name 'exports'.
raindrops.ts(3,1): error TS2304: Cannot find name 'exports'.
raindrops.ts(11,18): error TS7006: Parameter 'input' implicitly has an 'any' type.
raindrops.ts(16,21): error TS2363: The right-hand side of an arithmetic operation must be of type 'any', 'number', 'bigint' or an enum type.
