E
======================================================================
ERROR: longest_substring_with_k_distinct_characters_testSuite (unittest.loader._FailedTest.longest_substring_with_k_distinct_characters_testSuite)
----------------------------------------------------------------------
ImportError: Failed to import test module: longest_substring_with_k_distinct_characters_testSuite
Traceback (most recent call last):
  File "/usr/local/lib/python3.11/unittest/loader.py", line 419, in _find_test_path
    module = self._get_module_from_name(name)
             ^^^^^^^^^^^^^^^^^^^^^^^^^^^^^^^^
  File "/usr/local/lib/python3.11/unittest/loader.py", line 362, in _get_module_from_name
    __import__(name)
  File "/app/longest_substring_with_k_distinct_characters_testSuite.py", line 2, in <module>
    from longest_substring_with_k_distinct_characters import longest_substring_with_k_distinct_characters
ImportError: cannot import name 'longest_substring_with_k_distinct_characters' from 'longest_substring_with_k_distinct_characters' (/app/longest_substring_with_k_distinct_characters.py)


----------------------------------------------------------------------
Ran 1 test in 0.003s

FAILED (errors=1)
Command exited with non-zero status 1
	Command being timed: "python3 -m unittest discover -s . -p *test*.py"
	User time (seconds): 0.30
	System time (seconds): 0.21
	Percent of CPU this job got: 38%
	Elapsed (wall clock) time (h:mm:ss or m:ss): 0:01.38
	Average shared text size (kbytes): 0
	Average unshared data size (kbytes): 0
	Average stack size (kbytes): 0
	Average total size (kbytes): 0
	Maximum resident set size (kbytes): 14848
	Average resident set size (kbytes): 0
	Major (requiring I/O) page faults: 0
	Minor (reclaiming a frame) page faults: 2504
	Voluntary context switches: 126
	Involuntary context switches: 353
	Swaps: 0
	File system inputs: 0
	File system outputs: 576
	Socket messages sent: 0
	Socket messages received: 0
	Signals delivered: 0
	Page size (bytes): 4096
	Exit status: 1
