...F
======================================================================
FAIL: test_4 (longest_common_substring_testSuite.TestLongestCommonSubstring.test_4)
----------------------------------------------------------------------
Traceback (most recent call last):
  File "/app/longest_common_substring_testSuite.py", line 16, in test_4
    self.assertEqual(longest_common_substring('zxabcdezy', 'yzabcdezx'), 'abcde')
AssertionError: 'abcdez' != 'abcde'
- abcdez
?      -
+ abcde


----------------------------------------------------------------------
Ran 4 tests in 0.018s

FAILED (failures=1)
Command exited with non-zero status 1
	Command being timed: "python3 -m unittest discover -s . -p *test*.py"
	User time (seconds): 0.20
	System time (seconds): 0.13
	Percent of CPU this job got: 38%
	Elapsed (wall clock) time (h:mm:ss or m:ss): 0:00.89
	Average shared text size (kbytes): 0
	Average unshared data size (kbytes): 0
	Average stack size (kbytes): 0
	Average total size (kbytes): 0
	Maximum resident set size (kbytes): 14848
	Average resident set size (kbytes): 0
	Major (requiring I/O) page faults: 0
	Minor (reclaiming a frame) page faults: 2486
	Voluntary context switches: 106
	Involuntary context switches: 257
	Swaps: 0
	File system inputs: 0
	File system outputs: 576
	Socket messages sent: 0
	Socket messages received: 0
	Signals delivered: 0
	Page size (bytes): 4096
	Exit status: 1
