{
    "entries": [
        {
            "id": "cpp_complex_numbers_Exercism (thefullarcticfox)",
            "error_message": "\u274c\u203c Errore nel container cpp_complex_numbers_Exercism (thefullarcticfox) -  | result:\nCompletedProcess(args=['docker', 'run', '--rm', '--memory=4g', '-v', '/Users/mars/Desktop/Everything/Pisa/tesi/src/dataset/cpp/complex_numbers_Exercism_thefullarcticfox:/app', 'test_cpp_persistant'], returncode=1, stdout='\ud83d\udd27 Compilazione con make...\\nrm -rf obj test_exec\\n\ud83d\udcc2 File sorgente trovati:\\n-rw-r--r-- 1 501 dialout 1833 Jul 31 09:08 src/complex_numbers.cpp\\nNessun file .cpp o .c in src/\\n\ud83d\udcc2 File di test trovati:\\n-rw-r--r-- 1 501 dialout 5606 Aug  4 11:33 test/complex_numbers_test.cpp\\nNessun file .cpp o .c in test/\\n\ud83d\udd0d Rilevamento framework di test...\\n\ud83d\udccb Rilevato Catch2 test framework\\n\ud83d\udd28 Iniziando compilazione...\\nmkdir -p obj\\n\ud83d\udd28 Compilando src/complex_numbers.cpp...\\ng++ -std=c++17 -I src -I test -I /usr/local/include -I. -c src/complex_numbers.cpp -o obj/complex_numbers.o\\n\ud83d\udd28 Compilando test/complex_numbers_test.cpp...\\ng++ -std=c++17 -I src -I test -I /usr/local/include -I. -c test/complex_numbers_test.cpp -o obj/complex_numbers_test.o\\nIn file included from test/complex_numbers_test.cpp:5:\\ntest/complex_numbers_test.cpp: In function \\'void require_approx_equal(const complex_numbers::Complex&, const complex_numbers::Complex&)\\':\\ntest/complex_numbers_test.cpp:25:13: error: \\'Approx\\' was not declared in this scope\\n   25 |     REQUIRE(Approx(lhs.real()).margin(eps) == rhs.real());\\n      |             ^~~~~~\\n./catch_amalgamated.hpp:470:37: note: in definition of macro \\'CATCH_INTERNAL_IGNORE_BUT_WARN\\'\\n  470 |         (void)__builtin_constant_p( __VA_ARGS__ ) /* NOLINT(cppcoreguidelines-pro-type-vararg, \\\\\\n      |                                     ^~~~~~~~~~~\\n./catch_amalgamated.hpp:6371:26: note: in expansion of macro \\'INTERNAL_CATCH_TEST\\'\\n 6371 |   #define REQUIRE( ... ) INTERNAL_CATCH_TEST( \"REQUIRE\", Catch::ResultDisposition::Normal, __VA_ARGS__  )\\n      |                          ^~~~~~~~~~~~~~~~~~~\\ntest/complex_numbers_test.cpp:25:5: note: in expansion of macro \\'REQUIRE\\'\\n   25 |     REQUIRE(Approx(lhs.real()).margin(eps) == rhs.real());\\n      |     ^~~~~~~\\ntest/complex_numbers_test.cpp:25:13: note: suggested alternatives:\\n   25 |     REQUIRE(Approx(lhs.real()).margin(eps) == rhs.real());\\n      |             ^~~~~~\\n./catch_amalgamated.hpp:470:37: note: in definition of macro \\'CATCH_INTERNAL_IGNORE_BUT_WARN\\'\\n  470 |         (void)__builtin_constant_p( __VA_ARGS__ ) /* NOLINT(cppcoreguidelines-pro-type-vararg, \\\\\\n      |                                     ^~~~~~~~~~~\\n./catch_amalgamated.hpp:6371:26: note: in expansion of macro \\'INTERNAL_CATCH_TEST\\'\\n 6371 |   #define REQUIRE( ... ) INTERNAL_CATCH_TEST( \"REQUIRE\", Catch::ResultDisposition::Normal, __VA_ARGS__  )\\n      |                          ^~~~~~~~~~~~~~~~~~~\\ntest/complex_numbers_test.cpp:25:5: note: in expansion of macro \\'REQUIRE\\'\\n   25 |     REQUIRE(Approx(lhs.real()).margin(eps) == rhs.real());\\n      |     ^~~~~~~\\n./catch_amalgamated.hpp:3106:11: note:   \\'Catch::Approx\\'\\n 3106 |     class Approx {\\n      |           ^~~~~~\\n./catch_amalgamated.hpp:13160:45: note:   \\'Catch::Matchers::Approx\\'\\n13160 |     ApproxMatcher<T, AllocComp, AllocMatch> Approx( std::vector<T, AllocComp> const& comparator ) {\\n      |                                             ^~~~~~\\ntest/complex_numbers_test.cpp:25:13: error: \\'Approx\\' was not declared in this scope\\n   25 |     REQUIRE(Approx(lhs.real()).margin(eps) == rhs.real());\\n      |             ^~~~~~\\n./catch_amalgamated.hpp:5723:63: note: in definition of macro \\'INTERNAL_CATCH_TEST\\'\\n 5723 |     } while( (void)0, (false) && static_cast<const bool&>( !!(__VA_ARGS__) ) ) // the expression here is never evaluated at runtime but it forces the compiler to give it a look\\n      |                                                               ^~~~~~~~~~~\\ntest/complex_numbers_test.cpp:25:5: note: in expansion of macro \\'REQUIRE\\'\\n   25 |     REQUIRE(Approx(lhs.real()).margin(eps) == rhs.real());\\n      |     ^~~~~~~\\ntest/complex_numbers_test.cpp:25:13: note: suggested alternatives:\\n   25 |     REQUIRE(Approx(lhs.real()).margin(eps) == rhs.real());\\n      |             ^~~~~~\\n./catch_amalgamated.hpp:5723:63: note: in definition of macro \\'INTERNAL_CATCH_TEST\\'\\n 5723 |     } while( (void)0, (false) && static_cast<const bool&>( !!(__VA_ARGS__) ) ) // the expression here is never evaluated at runtime but it forces the compiler to give it a look\\n      |                                                               ^~~~~~~~~~~\\ntest/complex_numbers_test.cpp:25:5: note: in expansion of macro \\'REQUIRE\\'\\n   25 |     REQUIRE(Approx(lhs.real()).margin(eps) == rhs.real());\\n      |     ^~~~~~~\\n./catch_amalgamated.hpp:3106:11: note:   \\'Catch::Approx\\'\\n 3106 |     class Approx {\\n      |           ^~~~~~\\n./catch_amalgamated.hpp:13160:45: note:   \\'Catch::Matchers::Approx\\'\\n13160 |     ApproxMatcher<T, AllocComp, AllocMatch> Approx( std::vector<T, AllocComp> const& comparator ) {\\n      |                                             ^~~~~~\\ntest/complex_numbers_test.cpp: In function \\'void CATCH2_INTERNAL_TEST_0()\\':\\ntest/complex_numbers_test.cpp:32:13: error: \\'Approx\\' was not declared in this scope\\n   32 |     REQUIRE(Approx(1.0) == c.real());\\n      |             ^~~~~~\\n./catch_amalgamated.hpp:470:37: note: in definition of macro \\'CATCH_INTERNAL_IGNORE_BUT_WARN\\'\\n  470 |         (void)__builtin_constant_p( __VA_ARGS__ ) /* NOLINT(cppcoreguidelines-pro-type-vararg, \\\\\\n      |                                     ^~~~~~~~~~~\\n./catch_amalgamated.hpp:6371:26: note: in expansion of macro \\'INTERNAL_CATCH_TEST\\'\\n 6371 |   #define REQUIRE( ... ) INTERNAL_CATCH_TEST( \"REQUIRE\", Catch::ResultDisposition::Normal, __VA_ARGS__  )\\n      |                          ^~~~~~~~~~~~~~~~~~~\\ntest/complex_numbers_test.cpp:32:5: note: in expansion of macro \\'REQUIRE\\'\\n   32 |     REQUIRE(Approx(1.0) == c.real());\\n      |     ^~~~~~~\\ntest/complex_numbers_test.cpp:32:13: note: suggested alternatives:\\n   32 |     REQUIRE(Approx(1.0) == c.real());\\n      |             ^~~~~~\\n./catch_amalgamated.hpp:470:37: note: in definition of macro \\'CATCH_INTERNAL_IGNORE_BUT_WARN\\'\\n  470 |         (void)__builtin_constant_p( __VA_ARGS__ ) /* NOLINT(cppcoreguidelines-pro-type-vararg, \\\\\\n      |                                     ^~~~~~~~~~~\\n./catch_amalgamated.hpp:6371:26: note: in expansion of macro \\'INTERNAL_CATCH_TEST\\'\\n 6371 |   #define REQUIRE( ... ) INTERNAL_CATCH_TEST( \"REQUIRE\", Catch::ResultDisposition::Normal, __VA_ARGS__  )\\n      |                          ^~~~~~~~~~~~~~~~~~~\\ntest/complex_numbers_test.cpp:32:5: note: in expansion of macro \\'REQUIRE\\'\\n   32 |     REQUIRE(Approx(1.0) == c.real());\\n      |     ^~~~~~~\\n./catch_amalgamated.hpp:3106:11: note:   \\'Catch::Approx\\'\\n 3106 |     class Approx {\\n      |           ^~~~~~\\n./catch_amalgamated.hpp:13160:45: note:   \\'Catch::Matchers::Approx\\'\\n13160 |     ApproxMatcher<T, AllocComp, AllocMatch> Approx( std::vector<T, AllocComp> const& comparator ) {\\n      |                                             ^~~~~~\\ntest/complex_numbers_test.cpp:32:13: error: \\'Approx\\' was not declared in this scope\\n   32 |     REQUIRE(Approx(1.0) == c.real());\\n      |             ^~~~~~\\n./catch_amalgamated.hpp:5723:63: note: in definition of macro \\'INTERNAL_CATCH_TEST\\'\\n 5723 |     } while( (void)0, (false) && static_cast<const bool&>( !!(__VA_ARGS__) ) ) // the expression here is never evaluated at runtime but it forces the compiler to give it a look\\n      |                                                               ^~~~~~~~~~~\\ntest/complex_numbers_test.cpp:32:5: note: in expansion of macro \\'REQUIRE\\'\\n   32 |     REQUIRE(Approx(1.0) == c.real());\\n      |     ^~~~~~~\\ntest/complex_numbers_test.cpp:32:13: note: suggested alternatives:\\n   32 |     REQUIRE(Approx(1.0) == c.real());\\n      |             ^~~~~~\\n./catch_amalgamated.hpp:5723:63: note: in definition of macro \\'INTERNAL_CATCH_TEST\\'\\n 5723 |     } while( (void)0, (false) && static_cast<const bool&>( !!(__VA_ARGS__) ) ) // the expression here is never evaluated at runtime but it forces the compiler to give it a look\\n      |                                                               ^~~~~~~~~~~\\ntest/complex_numbers_test.cpp:32:5: note: in expansion of macro \\'REQUIRE\\'\\n   32 |     REQUIRE(Approx(1.0) == c.real());\\n      |     ^~~~~~~\\n./catch_amalgamated.hpp:3106:11: note:   \\'Catch::Approx\\'\\n 3106 |     class Approx {\\n      |           ^~~~~~\\n./catch_amalgamated.hpp:13160:45: note:   \\'Catch::Matchers::Approx\\'\\n13160 |     ApproxMatcher<T, AllocComp, AllocMatch> Approx( std::vector<T, AllocComp> const& comparator ) {\\n      |                                             ^~~~~~\\ntest/complex_numbers_test.cpp: In function \\'void CATCH2_INTERNAL_TEST_2()\\':\\ntest/complex_numbers_test.cpp:38:13: error: \\'Approx\\' was not declared in this scope\\n   38 |     REQUIRE(Approx(0.0).margin(eps) == c.real());\\n      |             ^~~~~~\\n./catch_amalgamated.hpp:470:37: note: in definition of macro \\'CATCH_INTERNAL_IGNORE_BUT_WARN\\'\\n  470 |         (void)__builtin_constant_p( __VA_ARGS__ ) /* NOLINT(cppcoreguidelines-pro-type-vararg, \\\\\\n      |                                     ^~~~~~~~~~~\\n./catch_amalgamated.hpp:6371:26: note: in expansion of macro \\'INTERNAL_CATCH_TEST\\'\\n 6371 |   #define REQUIRE( ... ) INTERNAL_CATCH_TEST( \"REQUIRE\", Catch::ResultDisposition::Normal, __VA_ARGS__  )\\n      |                          ^~~~~~~~~~~~~~~~~~~\\ntest/complex_numbers_test.cpp:38:5: note: in expansion of macro \\'REQUIRE\\'\\n   38 |     REQUIRE(Approx(0.0).margin(eps) == c.real());\\n      |     ^~~~~~~\\ntest/complex_numbers_test.cpp:38:13: note: suggested alternatives:\\n   38 |     REQUIRE(Approx(0.0).margin(eps) == c.real());\\n      |             ^~~~~~\\n./catch_amalgamated.hpp:470:37: note: in definition of macro \\'CATCH_INTERNAL_IGNORE_BUT_WARN\\'\\n  470 |         (void)__builtin_constant_p( __VA_ARGS__ ) /* NOLINT(cppcoreguidelines-pro-type-vararg, \\\\\\n      |                                     ^~~~~~~~~~~\\n./catch_amalgamated.hpp:6371:26: note: in expansion of macro \\'INTERNAL_CATCH_TEST\\'\\n 6371 |   #define REQUIRE( ... ) INTERNAL_CATCH_TEST( \"REQUIRE\", Catch::ResultDisposition::Normal, __VA_ARGS__  )\\n      |                          ^~~~~~~~~~~~~~~~~~~\\ntest/complex_numbers_test.cpp:38:5: note: in expansion of macro \\'REQUIRE\\'\\n   38 |     REQUIRE(Approx(0.0).margin(eps) == c.real());\\n      |     ^~~~~~~\\n./catch_amalgamated.hpp:3106:11: note:   \\'Catch::Approx\\'\\n 3106 |     class Approx {\\n      |           ^~~~~~\\n./catch_amalgamated.hpp:13160:45: note:   \\'Catch::Matchers::Approx\\'\\n13160 |     ApproxMatcher<T, AllocComp, AllocMatch> Approx( std::vector<T, AllocComp> const& comparator ) {\\n      |                                             ^~~~~~\\ntest/complex_numbers_test.cpp:38:13: error: \\'Approx\\' was not declared in this scope\\n   38 |     REQUIRE(Approx(0.0).margin(eps) == c.real());\\n      |             ^~~~~~\\n./catch_amalgamated.hpp:5723:63: note: in definition of macro \\'INTERNAL_CATCH_TEST\\'\\n 5723 |     } while( (void)0, (false) && static_cast<const bool&>( !!(__VA_ARGS__) ) ) // the expression here is never evaluated at runtime but it forces the compiler to give it a look\\n      |                                                               ^~~~~~~~~~~\\ntest/complex_numbers_test.cpp:38:5: note: in expansion of macro \\'REQUIRE\\'\\n   38 |     REQUIRE(Approx(0.0).margin(eps) == c.real());\\n      |     ^~~~~~~\\ntest/complex_numbers_test.cpp:38:13: note: suggested alternatives:\\n   38 |     REQUIRE(Approx(0.0).margin(eps) == c.real());\\n      |             ^~~~~~\\n./catch_amalgamated.hpp:5723:63: note: in definition of macro \\'INTERNAL_CATCH_TEST\\'\\n 5723 |     } while( (void)0, (false) && static_cast<const bool&>( !!(__VA_ARGS__) ) ) // the expression here is never evaluated at runtime but it forces the compiler to give it a look\\n      |                                                               ^~~~~~~~~~~\\ntest/complex_numbers_test.cpp:38:5: note: in expansion of macro \\'REQUIRE\\'\\n   38 |     REQUIRE(Approx(0.0).margin(eps) == c.real());\\n      |     ^~~~~~~\\n./catch_amalgamated.hpp:3106:11: note:   \\'Catch::Approx\\'\\n 3106 |     class Approx {\\n      |           ^~~~~~\\n./catch_amalgamated.hpp:13160:45: note:   \\'Catch::Matchers::Approx\\'\\n13160 |     ApproxMatcher<T, AllocComp, AllocMatch> Approx( std::vector<T, AllocComp> const& comparator ) {\\n      |                                             ^~~~~~\\ntest/complex_numbers_test.cpp: In function \\'void CATCH2_INTERNAL_TEST_4()\\':\\ntest/complex_numbers_test.cpp:44:13: error: \\'Approx\\' was not declared in this scope\\n   44 |     REQUIRE(Approx(1.0) == c.real());\\n      |             ^~~~~~\\n./catch_amalgamated.hpp:470:37: note: in definition of macro \\'CATCH_INTERNAL_IGNORE_BUT_WARN\\'\\n  470 |         (void)__builtin_constant_p( __VA_ARGS__ ) /* NOLINT(cppcoreguidelines-pro-type-vararg, \\\\\\n      |                                     ^~~~~~~~~~~\\n./catch_amalgamated.hpp:6371:26: note: in expansion of macro \\'INTERNAL_CATCH_TEST\\'\\n 6371 |   #define REQUIRE( ... ) INTERNAL_CATCH_TEST( \"REQUIRE\", Catch::ResultDisposition::Normal, __VA_ARGS__  )\\n      |                          ^~~~~~~~~~~~~~~~~~~\\ntest/complex_numbers_test.cpp:44:5: note: in expansion of macro \\'REQUIRE\\'\\n   44 |     REQUIRE(Approx(1.0) == c.real());\\n      |     ^~~~~~~\\ntest/complex_numbers_test.cpp:44:13: note: suggested alternatives:\\n   44 |     REQUIRE(Approx(1.0) == c.real());\\n      |             ^~~~~~\\n./catch_amalgamated.hpp:470:37: note: in definition of macro \\'CATCH_INTERNAL_IGNORE_BUT_WARN\\'\\n  470 |         (void)__builtin_constant_p( __VA_ARGS__ ) /* NOLINT(cppcoreguidelines-pro-type-vararg, \\\\\\n      |                                     ^~~~~~~~~~~\\n./catch_amalgamated.hpp:6371:26: note: in expansion of macro \\'INTERNAL_CATCH_TEST\\'\\n 6371 |   #define REQUIRE( ... ) INTERNAL_CATCH_TEST( \"REQUIRE\", Catch::ResultDisposition::Normal, __VA_ARGS__  )\\n      |                          ^~~~~~~~~~~~~~~~~~~\\ntest/complex_numbers_test.cpp:44:5: note: in expansion of macro \\'REQUIRE\\'\\n   44 |     REQUIRE(Approx(1.0) == c.real());\\n      |     ^~~~~~~\\n./catch_amalgamated.hpp:3106:11: note:   \\'Catch::Approx\\'\\n 3106 |     class Approx {\\n      |           ^~~~~~\\n./catch_amalgamated.hpp:13160:45: note:   \\'Catch::Matchers::Approx\\'\\n13160 |     ApproxMatcher<T, AllocComp, AllocMatch> Approx( std::vector<T, AllocComp> const& comparator ) {\\n      |                                             ^~~~~~\\ntest/complex_numbers_test.cpp:44:13: error: \\'Approx\\' was not declared in this scope\\n   44 |     REQUIRE(Approx(1.0) == c.real());\\n      |             ^~~~~~\\n./catch_amalgamated.hpp:5723:63: note: in definition of macro \\'INTERNAL_CATCH_TEST\\'\\n 5723 |     } while( (void)0, (false) && static_cast<const bool&>( !!(__VA_ARGS__) ) ) // the expression here is never evaluated at runtime but it forces the compiler to give it a look\\n      |                                                               ^~~~~~~~~~~\\ntest/complex_numbers_test.cpp:44:5: note: in expansion of macro \\'REQUIRE\\'\\n   44 |     REQUIRE(Approx(1.0) == c.real());\\n      |     ^~~~~~~\\ntest/complex_numbers_test.cpp:44:13: note: suggested alternatives:\\n   44 |     REQUIRE(Approx(1.0) == c.real());\\n      |             ^~~~~~\\n./catch_amalgamated.hpp:5723:63: note: in definition of macro \\'INTERNAL_CATCH_TEST\\'\\n 5723 |     } while( (void)0, (false) && static_cast<const bool&>( !!(__VA_ARGS__) ) ) // the expression here is never evaluated at runtime but it forces the compiler to give it a look\\n      |                                                               ^~~~~~~~~~~\\ntest/complex_numbers_test.cpp:44:5: note: in expansion of macro \\'REQUIRE\\'\\n   44 |     REQUIRE(Approx(1.0) == c.real());\\n      |     ^~~~~~~\\n./catch_amalgamated.hpp:3106:11: note:   \\'Catch::Approx\\'\\n 3106 |     class Approx {\\n      |           ^~~~~~\\n./catch_amalgamated.hpp:13160:45: note:   \\'Catch::Matchers::Approx\\'\\n13160 |     ApproxMatcher<T, AllocComp, AllocMatch> Approx( std::vector<T, AllocComp> const& comparator ) {\\n      |                                             ^~~~~~\\ntest/complex_numbers_test.cpp: In function \\'void CATCH2_INTERNAL_TEST_6()\\':\\ntest/complex_numbers_test.cpp:50:13: error: \\'Approx\\' was not declared in this scope\\n   50 |     REQUIRE(Approx(0.0).margin(eps) == c.imag());\\n      |             ^~~~~~\\n./catch_amalgamated.hpp:470:37: note: in definition of macro \\'CATCH_INTERNAL_IGNORE_BUT_WARN\\'\\n  470 |         (void)__builtin_constant_p( __VA_ARGS__ ) /* NOLINT(cppcoreguidelines-pro-type-vararg, \\\\\\n      |                                     ^~~~~~~~~~~\\n./catch_amalgamated.hpp:6371:26: note: in expansion of macro \\'INTERNAL_CATCH_TEST\\'\\n 6371 |   #define REQUIRE( ... ) INTERNAL_CATCH_TEST( \"REQUIRE\", Catch::ResultDisposition::Normal, __VA_ARGS__  )\\n      |                          ^~~~~~~~~~~~~~~~~~~\\ntest/complex_numbers_test.cpp:50:5: note: in expansion of macro \\'REQUIRE\\'\\n   50 |     REQUIRE(Approx(0.0).margin(eps) == c.imag());\\n      |     ^~~~~~~\\ntest/complex_numbers_test.cpp:50:13: note: suggested alternatives:\\n   50 |     REQUIRE(Approx(0.0).margin(eps) == c.imag());\\n      |             ^~~~~~\\n./catch_amalgamated.hpp:470:37: note: in definition of macro \\'CATCH_INTERNAL_IGNORE_BUT_WARN\\'\\n  470 |         (void)__builtin_constant_p( __VA_ARGS__ ) /* NOLINT(cppcoreguidelines-pro-type-vararg, \\\\\\n      |                                     ^~~~~~~~~~~\\n./catch_amalgamated.hpp:6371:26: note: in expansion of macro \\'INTERNAL_CATCH_TEST\\'\\n 6371 |   #define REQUIRE( ... ) INTERNAL_CATCH_TEST( \"REQUIRE\", Catch::ResultDisposition::Normal, __VA_ARGS__  )\\n      |                          ^~~~~~~~~~~~~~~~~~~\\ntest/complex_numbers_test.cpp:50:5: note: in expansion of macro \\'REQUIRE\\'\\n   50 |     REQUIRE(Approx(0.0).margin(eps) == c.imag());\\n      |     ^~~~~~~\\n./catch_amalgamated.hpp:3106:11: note:   \\'Catch::Approx\\'\\n 3106 |     class Approx {\\n      |           ^~~~~~\\n./catch_amalgamated.hpp:13160:45: note:   \\'Catch::Matchers::Approx\\'\\n13160 |     ApproxMatcher<T, AllocComp, AllocMatch> Approx( std::vector<T, AllocComp> const& comparator ) {\\n      |                                             ^~~~~~\\ntest/complex_numbers_test.cpp:50:13: error: \\'Approx\\' was not declared in this scope\\n   50 |     REQUIRE(Approx(0.0).margin(eps) == c.imag());\\n      |             ^~~~~~\\n./catch_amalgamated.hpp:5723:63: note: in definition of macro \\'INTERNAL_CATCH_TEST\\'\\n 5723 |     } while( (void)0, (false) && static_cast<const bool&>( !!(__VA_ARGS__) ) ) // the expression here is never evaluated at runtime but it forces the compiler to give it a look\\n      |                                                               ^~~~~~~~~~~\\ntest/complex_numbers_test.cpp:50:5: note: in expansion of macro \\'REQUIRE\\'\\n   50 |     REQUIRE(Approx(0.0).margin(eps) == c.imag());\\n      |     ^~~~~~~\\ntest/complex_numbers_test.cpp:50:13: note: suggested alternatives:\\n   50 |     REQUIRE(Approx(0.0).margin(eps) == c.imag());\\n      |             ^~~~~~\\n./catch_amalgamated.hpp:5723:63: note: in definition of macro \\'INTERNAL_CATCH_TEST\\'\\n 5723 |     } while( (void)0, (false) && static_cast<const bool&>( !!(__VA_ARGS__) ) ) // the expression here is never evaluated at runtime but it forces the compiler to give it a look\\n      |                                                               ^~~~~~~~~~~\\ntest/complex_numbers_test.cpp:50:5: note: in expansion of macro \\'REQUIRE\\'\\n   50 |     REQUIRE(Approx(0.0).margin(eps) == c.imag());\\n      |     ^~~~~~~\\n./catch_amalgamated.hpp:3106:11: note:   \\'Catch::Approx\\'\\n 3106 |     class Approx {\\n      |           ^~~~~~\\n./catch_amalgamated.hpp:13160:45: note:   \\'Catch::Matchers::Approx\\'\\n13160 |     ApproxMatcher<T, AllocComp, AllocMatch> Approx( std::vector<T, AllocComp> const& comparator ) {\\n      |                                             ^~~~~~\\ntest/complex_numbers_test.cpp: In function \\'void CATCH2_INTERNAL_TEST_8()\\':\\ntest/complex_numbers_test.cpp:56:13: error: \\'Approx\\' was not declared in this scope\\n   56 |     REQUIRE(Approx(1.0) == c.imag());\\n      |             ^~~~~~\\n./catch_amalgamated.hpp:470:37: note: in definition of macro \\'CATCH_INTERNAL_IGNORE_BUT_WARN\\'\\n  470 |         (void)__builtin_constant_p( __VA_ARGS__ ) /* NOLINT(cppcoreguidelines-pro-type-vararg, \\\\\\n      |                                     ^~~~~~~~~~~\\n./catch_amalgamated.hpp:6371:26: note: in expansion of macro \\'INTERNAL_CATCH_TEST\\'\\n 6371 |   #define REQUIRE( ... ) INTERNAL_CATCH_TEST( \"REQUIRE\", Catch::ResultDisposition::Normal, __VA_ARGS__  )\\n      |                          ^~~~~~~~~~~~~~~~~~~\\ntest/complex_numbers_test.cpp:56:5: note: in expansion of macro \\'REQUIRE\\'\\n   56 |     REQUIRE(Approx(1.0) == c.imag());\\n      |     ^~~~~~~\\ntest/complex_numbers_test.cpp:56:13: note: suggested alternatives:\\n   56 |     REQUIRE(Approx(1.0) == c.imag());\\n      |             ^~~~~~\\n./catch_amalgamated.hpp:470:37: note: in definition of macro \\'CATCH_INTERNAL_IGNORE_BUT_WARN\\'\\n  470 |         (void)__builtin_constant_p( __VA_ARGS__ ) /* NOLINT(cppcoreguidelines-pro-type-vararg, \\\\\\n      |                                     ^~~~~~~~~~~\\n./catch_amalgamated.hpp:6371:26: note: in expansion of macro \\'INTERNAL_CATCH_TEST\\'\\n 6371 |   #define REQUIRE( ... ) INTERNAL_CATCH_TEST( \"REQUIRE\", Catch::ResultDisposition::Normal, __VA_ARGS__  )\\n      |                          ^~~~~~~~~~~~~~~~~~~\\ntest/complex_numbers_test.cpp:56:5: note: in expansion of macro \\'REQUIRE\\'\\n   56 |     REQUIRE(Approx(1.0) == c.imag());\\n      |     ^~~~~~~\\n./catch_amalgamated.hpp:3106:11: note:   \\'Catch::Approx\\'\\n 3106 |     class Approx {\\n      |           ^~~~~~\\n./catch_amalgamated.hpp:13160:45: note:   \\'Catch::Matchers::Approx\\'\\n13160 |     ApproxMatcher<T, AllocComp, AllocMatch> Approx( std::vector<T, AllocComp> const& comparator ) {\\n      |                                             ^~~~~~\\ntest/complex_numbers_test.cpp:56:13: error: \\'Approx\\' was not declared in this scope\\n   56 |     REQUIRE(Approx(1.0) == c.imag());\\n      |             ^~~~~~\\n./catch_amalgamated.hpp:5723:63: note: in definition of macro \\'INTERNAL_CATCH_TEST\\'\\n 5723 |     } while( (void)0, (false) && static_cast<const bool&>( !!(__VA_ARGS__) ) ) // the expression here is never evaluated at runtime but it forces the compiler to give it a look\\n      |                                                               ^~~~~~~~~~~\\ntest/complex_numbers_test.cpp:56:5: note: in expansion of macro \\'REQUIRE\\'\\n   56 |     REQUIRE(Approx(1.0) == c.imag());\\n      |     ^~~~~~~\\ntest/complex_numbers_test.cpp:56:13: note: suggested alternatives:\\n   56 |     REQUIRE(Approx(1.0) == c.imag());\\n      |             ^~~~~~\\n./catch_amalgamated.hpp:5723:63: note: in definition of macro \\'INTERNAL_CATCH_TEST\\'\\n 5723 |     } while( (void)0, (false) && static_cast<const bool&>( !!(__VA_ARGS__) ) ) // the expression here is never evaluated at runtime but it forces the compiler to give it a look\\n      |                                                               ^~~~~~~~~~~\\ntest/complex_numbers_test.cpp:56:5: note: in expansion of macro \\'REQUIRE\\'\\n   56 |     REQUIRE(Approx(1.0) == c.imag());\\n      |     ^~~~~~~\\n./catch_amalgamated.hpp:3106:11: note:   \\'Catch::Approx\\'\\n 3106 |     class Approx {\\n      |           ^~~~~~\\n./catch_amalgamated.hpp:13160:45: note:   \\'Catch::Matchers::Approx\\'\\n13160 |     ApproxMatcher<T, AllocComp, AllocMatch> Approx( std::vector<T, AllocComp> const& comparator ) {\\n      |                                             ^~~~~~\\ntest/complex_numbers_test.cpp: In function \\'void CATCH2_INTERNAL_TEST_10()\\':\\ntest/complex_numbers_test.cpp:62:13: error: \\'Approx\\' was not declared in this scope\\n   62 |     REQUIRE(Approx(2.0) == c.imag());\\n      |             ^~~~~~\\n./catch_amalgamated.hpp:470:37: note: in definition of macro \\'CATCH_INTERNAL_IGNORE_BUT_WARN\\'\\n  470 |         (void)__builtin_constant_p( __VA_ARGS__ ) /* NOLINT(cppcoreguidelines-pro-type-vararg, \\\\\\n      |                                     ^~~~~~~~~~~\\n./catch_amalgamated.hpp:6371:26: note: in expansion of macro \\'INTERNAL_CATCH_TEST\\'\\n 6371 |   #define REQUIRE( ... ) INTERNAL_CATCH_TEST( \"REQUIRE\", Catch::ResultDisposition::Normal, __VA_ARGS__  )\\n      |                          ^~~~~~~~~~~~~~~~~~~\\ntest/complex_numbers_test.cpp:62:5: note: in expansion of macro \\'REQUIRE\\'\\n   62 |     REQUIRE(Approx(2.0) == c.imag());\\n      |     ^~~~~~~\\ntest/complex_numbers_test.cpp:62:13: note: suggested alternatives:\\n   62 |     REQUIRE(Approx(2.0) == c.imag());\\n      |             ^~~~~~\\n./catch_amalgamated.hpp:470:37: note: in definition of macro \\'CATCH_INTERNAL_IGNORE_BUT_WARN\\'\\n  470 |         (void)__builtin_constant_p( __VA_ARGS__ ) /* NOLINT(cppcoreguidelines-pro-type-vararg, \\\\\\n      |                                     ^~~~~~~~~~~\\n./catch_amalgamated.hpp:6371:26: note: in expansion of macro \\'INTERNAL_CATCH_TEST\\'\\n 6371 |   #define REQUIRE( ... ) INTERNAL_CATCH_TEST( \"REQUIRE\", Catch::ResultDisposition::Normal, __VA_ARGS__  )\\n      |                          ^~~~~~~~~~~~~~~~~~~\\ntest/complex_numbers_test.cpp:62:5: note: in expansion of macro \\'REQUIRE\\'\\n   62 |     REQUIRE(Approx(2.0) == c.imag());\\n      |     ^~~~~~~\\n./catch_amalgamated.hpp:3106:11: note:   \\'Catch::Approx\\'\\n 3106 |     class Approx {\\n      |           ^~~~~~\\n./catch_amalgamated.hpp:13160:45: note:   \\'Catch::Matchers::Approx\\'\\n13160 |     ApproxMatcher<T, AllocComp, AllocMatch> Approx( std::vector<T, AllocComp> const& comparator ) {\\n      |                                             ^~~~~~\\ntest/complex_numbers_test.cpp:62:13: error: \\'Approx\\' was not declared in this scope\\n   62 |     REQUIRE(Approx(2.0) == c.imag());\\n      |             ^~~~~~\\n./catch_amalgamated.hpp:5723:63: note: in definition of macro \\'INTERNAL_CATCH_TEST\\'\\n 5723 |     } while( (void)0, (false) && static_cast<const bool&>( !!(__VA_ARGS__) ) ) // the expression here is never evaluated at runtime but it forces the compiler to give it a look\\n      |                                                               ^~~~~~~~~~~\\ntest/complex_numbers_test.cpp:62:5: note: in expansion of macro \\'REQUIRE\\'\\n   62 |     REQUIRE(Approx(2.0) == c.imag());\\n      |     ^~~~~~~\\ntest/complex_numbers_test.cpp:62:13: note: suggested alternatives:\\n   62 |     REQUIRE(Approx(2.0) == c.imag());\\n      |             ^~~~~~\\n./catch_amalgamated.hpp:5723:63: note: in definition of macro \\'INTERNAL_CATCH_TEST\\'\\n 5723 |     } while( (void)0, (false) && static_cast<const bool&>( !!(__VA_ARGS__) ) ) // the expression here is never evaluated at runtime but it forces the compiler to give it a look\\n      |                                                               ^~~~~~~~~~~\\ntest/complex_numbers_test.cpp:62:5: note: in expansion of macro \\'REQUIRE\\'\\n   62 |     REQUIRE(Approx(2.0) == c.imag());\\n      |     ^~~~~~~\\n./catch_amalgamated.hpp:3106:11: note:   \\'Catch::Approx\\'\\n 3106 |     class Approx {\\n      |           ^~~~~~\\n./catch_amalgamated.hpp:13160:45: note:   \\'Catch::Matchers::Approx\\'\\n13160 |     ApproxMatcher<T, AllocComp, AllocMatch> Approx( std::vector<T, AllocComp> const& comparator ) {\\n      |                                             ^~~~~~\\ntest/complex_numbers_test.cpp: In function \\'void CATCH2_INTERNAL_TEST_38()\\':\\ntest/complex_numbers_test.cpp:159:13: error: \\'Approx\\' was not declared in this scope\\n  159 |     REQUIRE(Approx(5.0) == c.abs());\\n      |             ^~~~~~\\n./catch_amalgamated.hpp:470:37: note: in definition of macro \\'CATCH_INTERNAL_IGNORE_BUT_WARN\\'\\n  470 |         (void)__builtin_constant_p( __VA_ARGS__ ) /* NOLINT(cppcoreguidelines-pro-type-vararg, \\\\\\n      |                                     ^~~~~~~~~~~\\n./catch_amalgamated.hpp:6371:26: note: in expansion of macro \\'INTERNAL_CATCH_TEST\\'\\n 6371 |   #define REQUIRE( ... ) INTERNAL_CATCH_TEST( \"REQUIRE\", Catch::ResultDisposition::Normal, __VA_ARGS__  )\\n      |                          ^~~~~~~~~~~~~~~~~~~\\ntest/complex_numbers_test.cpp:159:5: note: in expansion of macro \\'REQUIRE\\'\\n  159 |     REQUIRE(Approx(5.0) == c.abs());\\n      |     ^~~~~~~\\ntest/complex_numbers_test.cpp:159:13: note: suggested alternatives:\\n  159 |     REQUIRE(Approx(5.0) == c.abs());\\n      |             ^~~~~~\\n./catch_amalgamated.hpp:470:37: note: in definition of macro \\'CATCH_INTERNAL_IGNORE_BUT_WARN\\'\\n  470 |         (void)__builtin_constant_p( __VA_ARGS__ ) /* NOLINT(cppcoreguidelines-pro-type-vararg, \\\\\\n      |                                     ^~~~~~~~~~~\\n./catch_amalgamated.hpp:6371:26: note: in expansion of macro \\'INTERNAL_CATCH_TEST\\'\\n 6371 |   #define REQUIRE( ... ) INTERNAL_CATCH_TEST( \"REQUIRE\", Catch::ResultDisposition::Normal, __VA_ARGS__  )\\n      |                          ^~~~~~~~~~~~~~~~~~~\\ntest/complex_numbers_test.cpp:159:5: note: in expansion of macro \\'REQUIRE\\'\\n  159 |     REQUIRE(Approx(5.0) == c.abs());\\n      |     ^~~~~~~\\n./catch_amalgamated.hpp:3106:11: note:   \\'Catch::Approx\\'\\n 3106 |     class Approx {\\n      |           ^~~~~~\\n./catch_amalgamated.hpp:13160:45: note:   \\'Catch::Matchers::Approx\\'\\n13160 |     ApproxMatcher<T, AllocComp, AllocMatch> Approx( std::vector<T, AllocComp> const& comparator ) {\\n      |                                             ^~~~~~\\ntest/complex_numbers_test.cpp:159:13: error: \\'Approx\\' was not declared in this scope\\n  159 |     REQUIRE(Approx(5.0) == c.abs());\\n      |             ^~~~~~\\n./catch_amalgamated.hpp:5723:63: note: in definition of macro \\'INTERNAL_CATCH_TEST\\'\\n 5723 |     } while( (void)0, (false) && static_cast<const bool&>( !!(__VA_ARGS__) ) ) // the expression here is never evaluated at runtime but it forces the compiler to give it a look\\n      |                                                               ^~~~~~~~~~~\\ntest/complex_numbers_test.cpp:159:5: note: in expansion of macro \\'REQUIRE\\'\\n  159 |     REQUIRE(Approx(5.0) == c.abs());\\n      |     ^~~~~~~\\ntest/complex_numbers_test.cpp:159:13: note: suggested alternatives:\\n  159 |     REQUIRE(Approx(5.0) == c.abs());\\n      |             ^~~~~~\\n./catch_amalgamated.hpp:5723:63: note: in definition of macro \\'INTERNAL_CATCH_TEST\\'\\n 5723 |     } while( (void)0, (false) && static_cast<const bool&>( !!(__VA_ARGS__) ) ) // the expression here is never evaluated at runtime but it forces the compiler to give it a look\\n      |                                                               ^~~~~~~~~~~\\ntest/complex_numbers_test.cpp:159:5: note: in expansion of macro \\'REQUIRE\\'\\n  159 |     REQUIRE(Approx(5.0) == c.abs());\\n      |     ^~~~~~~\\n./catch_amalgamated.hpp:3106:11: note:   \\'Catch::Approx\\'\\n 3106 |     class Approx {\\n      |           ^~~~~~\\n./catch_amalgamated.hpp:13160:45: note:   \\'Catch::Matchers::Approx\\'\\n13160 |     ApproxMatcher<T, AllocComp, AllocMatch> Approx( std::vector<T, AllocComp> const& comparator ) {\\n      |                                             ^~~~~~\\ntest/complex_numbers_test.cpp: In function \\'void CATCH2_INTERNAL_TEST_40()\\':\\ntest/complex_numbers_test.cpp:165:13: error: \\'Approx\\' was not declared in this scope\\n  165 |     REQUIRE(Approx(5.0) == c.abs());\\n      |             ^~~~~~\\n./catch_amalgamated.hpp:470:37: note: in definition of macro \\'CATCH_INTERNAL_IGNORE_BUT_WARN\\'\\n  470 |         (void)__builtin_constant_p( __VA_ARGS__ ) /* NOLINT(cppcoreguidelines-pro-type-vararg, \\\\\\n      |                                     ^~~~~~~~~~~\\n./catch_amalgamated.hpp:6371:26: note: in expansion of macro \\'INTERNAL_CATCH_TEST\\'\\n 6371 |   #define REQUIRE( ... ) INTERNAL_CATCH_TEST( \"REQUIRE\", Catch::ResultDisposition::Normal, __VA_ARGS__  )\\n      |                          ^~~~~~~~~~~~~~~~~~~\\ntest/complex_numbers_test.cpp:165:5: note: in expansion of macro \\'REQUIRE\\'\\n  165 |     REQUIRE(Approx(5.0) == c.abs());\\n      |     ^~~~~~~\\ntest/complex_numbers_test.cpp:165:13: note: suggested alternatives:\\n  165 |     REQUIRE(Approx(5.0) == c.abs());\\n      |             ^~~~~~\\n./catch_amalgamated.hpp:470:37: note: in definition of macro \\'CATCH_INTERNAL_IGNORE_BUT_WARN\\'\\n  470 |         (void)__builtin_constant_p( __VA_ARGS__ ) /* NOLINT(cppcoreguidelines-pro-type-vararg, \\\\\\n      |                                     ^~~~~~~~~~~\\n./catch_amalgamated.hpp:6371:26: note: in expansion of macro \\'INTERNAL_CATCH_TEST\\'\\n 6371 |   #define REQUIRE( ... ) INTERNAL_CATCH_TEST( \"REQUIRE\", Catch::ResultDisposition::Normal, __VA_ARGS__  )\\n      |                          ^~~~~~~~~~~~~~~~~~~\\ntest/complex_numbers_test.cpp:165:5: note: in expansion of macro \\'REQUIRE\\'\\n  165 |     REQUIRE(Approx(5.0) == c.abs());\\n      |     ^~~~~~~\\n./catch_amalgamated.hpp:3106:11: note:   \\'Catch::Approx\\'\\n 3106 |     class Approx {\\n      |           ^~~~~~\\n./catch_amalgamated.hpp:13160:45: note:   \\'Catch::Matchers::Approx\\'\\n13160 |     ApproxMatcher<T, AllocComp, AllocMatch> Approx( std::vector<T, AllocComp> const& comparator ) {\\n      |                                             ^~~~~~\\ntest/complex_numbers_test.cpp:165:13: error: \\'Approx\\' was not declared in this scope\\n  165 |     REQUIRE(Approx(5.0) == c.abs());\\n      |             ^~~~~~\\n./catch_amalgamated.hpp:5723:63: note: in definition of macro \\'INTERNAL_CATCH_TEST\\'\\n 5723 |     } while( (void)0, (false) && static_cast<const bool&>( !!(__VA_ARGS__) ) ) // the expression here is never evaluated at runtime but it forces the compiler to give it a look\\n      |                                                               ^~~~~~~~~~~\\ntest/complex_numbers_test.cpp:165:5: note: in expansion of macro \\'REQUIRE\\'\\n  165 |     REQUIRE(Approx(5.0) == c.abs());\\n      |     ^~~~~~~\\ntest/complex_numbers_test.cpp:165:13: note: suggested alternatives:\\n  165 |     REQUIRE(Approx(5.0) == c.abs());\\n      |             ^~~~~~\\n./catch_amalgamated.hpp:5723:63: note: in definition of macro \\'INTERNAL_CATCH_TEST\\'\\n 5723 |     } while( (void)0, (false) && static_cast<const bool&>( !!(__VA_ARGS__) ) ) // the expression here is never evaluated at runtime but it forces the compiler to give it a look\\n      |                                                               ^~~~~~~~~~~\\ntest/complex_numbers_test.cpp:165:5: note: in expansion of macro \\'REQUIRE\\'\\n  165 |     REQUIRE(Approx(5.0) == c.abs());\\n      |     ^~~~~~~\\n./catch_amalgamated.hpp:3106:11: note:   \\'Catch::Approx\\'\\n 3106 |     class Approx {\\n      |           ^~~~~~\\n./catch_amalgamated.hpp:13160:45: note:   \\'Catch::Matchers::Approx\\'\\n13160 |     ApproxMatcher<T, AllocComp, AllocMatch> Approx( std::vector<T, AllocComp> const& comparator ) {\\n      |                                             ^~~~~~\\ntest/complex_numbers_test.cpp: In function \\'void CATCH2_INTERNAL_TEST_42()\\':\\ntest/complex_numbers_test.cpp:173:13: error: \\'Approx\\' was not declared in this scope\\n  173 |     REQUIRE(Approx(5.0) == c.abs());\\n      |             ^~~~~~\\n./catch_amalgamated.hpp:470:37: note: in definition of macro \\'CATCH_INTERNAL_IGNORE_BUT_WARN\\'\\n  470 |         (void)__builtin_constant_p( __VA_ARGS__ ) /* NOLINT(cppcoreguidelines-pro-type-vararg, \\\\\\n      |                                     ^~~~~~~~~~~\\n./catch_amalgamated.hpp:6371:26: note: in expansion of macro \\'INTERNAL_CATCH_TEST\\'\\n 6371 |   #define REQUIRE( ... ) INTERNAL_CATCH_TEST( \"REQUIRE\", Catch::ResultDisposition::Normal, __VA_ARGS__  )\\n      |                          ^~~~~~~~~~~~~~~~~~~\\ntest/complex_numbers_test.cpp:173:5: note: in expansion of macro \\'REQUIRE\\'\\n  173 |     REQUIRE(Approx(5.0) == c.abs());\\n      |     ^~~~~~~\\ntest/complex_numbers_test.cpp:173:13: note: suggested alternatives:\\n  173 |     REQUIRE(Approx(5.0) == c.abs());\\n      |             ^~~~~~\\n./catch_amalgamated.hpp:470:37: note: in definition of macro \\'CATCH_INTERNAL_IGNORE_BUT_WARN\\'\\n  470 |         (void)__builtin_constant_p( __VA_ARGS__ ) /* NOLINT(cppcoreguidelines-pro-type-vararg, \\\\\\n      |                                     ^~~~~~~~~~~\\n./catch_amalgamated.hpp:6371:26: note: in expansion of macro \\'INTERNAL_CATCH_TEST\\'\\n 6371 |   #define REQUIRE( ... ) INTERNAL_CATCH_TEST( \"REQUIRE\", Catch::ResultDisposition::Normal, __VA_ARGS__  )\\n      |                          ^~~~~~~~~~~~~~~~~~~\\ntest/complex_numbers_test.cpp:173:5: note: in expansion of macro \\'REQUIRE\\'\\n  173 |     REQUIRE(Approx(5.0) == c.abs());\\n      |     ^~~~~~~\\n./catch_amalgamated.hpp:3106:11: note:   \\'Catch::Approx\\'\\n 3106 |     class Approx {\\n      |           ^~~~~~\\n./catch_amalgamated.hpp:13160:45: note:   \\'Catch::Matchers::Approx\\'\\n13160 |     ApproxMatcher<T, AllocComp, AllocMatch> Approx( std::vector<T, AllocComp> const& comparator ) {\\n      |                                             ^~~~~~\\ntest/complex_numbers_test.cpp:173:13: error: \\'Approx\\' was not declared in this scope\\n  173 |     REQUIRE(Approx(5.0) == c.abs());\\n      |             ^~~~~~\\n./catch_amalgamated.hpp:5723:63: note: in definition of macro \\'INTERNAL_CATCH_TEST\\'\\n 5723 |     } while( (void)0, (false) && static_cast<const bool&>( !!(__VA_ARGS__) ) ) // the expression here is never evaluated at runtime but it forces the compiler to give it a look\\n      |                                                               ^~~~~~~~~~~\\ntest/complex_numbers_test.cpp:173:5: note: in expansion of macro \\'REQUIRE\\'\\n  173 |     REQUIRE(Approx(5.0) == c.abs());\\n      |     ^~~~~~~\\ntest/complex_numbers_test.cpp:173:13: note: suggested alternatives:\\n  173 |     REQUIRE(Approx(5.0) == c.abs());\\n      |             ^~~~~~\\n./catch_amalgamated.hpp:5723:63: note: in definition of macro \\'INTERNAL_CATCH_TEST\\'\\n 5723 |     } while( (void)0, (false) && static_cast<const bool&>( !!(__VA_ARGS__) ) ) // the expression here is never evaluated at runtime but it forces the compiler to give it a look\\n      |                                                               ^~~~~~~~~~~\\ntest/complex_numbers_test.cpp:173:5: note: in expansion of macro \\'REQUIRE\\'\\n  173 |     REQUIRE(Approx(5.0) == c.abs());\\n      |     ^~~~~~~\\n./catch_amalgamated.hpp:3106:11: note:   \\'Catch::Approx\\'\\n 3106 |     class Approx {\\n      |           ^~~~~~\\n./catch_amalgamated.hpp:13160:45: note:   \\'Catch::Matchers::Approx\\'\\n13160 |     ApproxMatcher<T, AllocComp, AllocMatch> Approx( std::vector<T, AllocComp> const& comparator ) {\\n      |                                             ^~~~~~\\ntest/complex_numbers_test.cpp: In function \\'void CATCH2_INTERNAL_TEST_44()\\':\\ntest/complex_numbers_test.cpp:181:13: error: \\'Approx\\' was not declared in this scope\\n  181 |     REQUIRE(Approx(5.0) == c.abs());\\n      |             ^~~~~~\\n./catch_amalgamated.hpp:470:37: note: in definition of macro \\'CATCH_INTERNAL_IGNORE_BUT_WARN\\'\\n  470 |         (void)__builtin_constant_p( __VA_ARGS__ ) /* NOLINT(cppcoreguidelines-pro-type-vararg, \\\\\\n      |                                     ^~~~~~~~~~~\\n./catch_amalgamated.hpp:6371:26: note: in expansion of macro \\'INTERNAL_CATCH_TEST\\'\\n 6371 |   #define REQUIRE( ... ) INTERNAL_CATCH_TEST( \"REQUIRE\", Catch::ResultDisposition::Normal, __VA_ARGS__  )\\n      |                          ^~~~~~~~~~~~~~~~~~~\\ntest/complex_numbers_test.cpp:181:5: note: in expansion of macro \\'REQUIRE\\'\\n  181 |     REQUIRE(Approx(5.0) == c.abs());\\n      |     ^~~~~~~\\ntest/complex_numbers_test.cpp:181:13: note: suggested alternatives:\\n  181 |     REQUIRE(Approx(5.0) == c.abs());\\n      |             ^~~~~~\\n./catch_amalgamated.hpp:470:37: note: in definition of macro \\'CATCH_INTERNAL_IGNORE_BUT_WARN\\'\\n  470 |         (void)__builtin_constant_p( __VA_ARGS__ ) /* NOLINT(cppcoreguidelines-pro-type-vararg, \\\\\\n      |                                     ^~~~~~~~~~~\\n./catch_amalgamated.hpp:6371:26: note: in expansion of macro \\'INTERNAL_CATCH_TEST\\'\\n 6371 |   #define REQUIRE( ... ) INTERNAL_CATCH_TEST( \"REQUIRE\", Catch::ResultDisposition::Normal, __VA_ARGS__  )\\n      |                          ^~~~~~~~~~~~~~~~~~~\\ntest/complex_numbers_test.cpp:181:5: note: in expansion of macro \\'REQUIRE\\'\\n  181 |     REQUIRE(Approx(5.0) == c.abs());\\n      |     ^~~~~~~\\n./catch_amalgamated.hpp:3106:11: note:   \\'Catch::Approx\\'\\n 3106 |     class Approx {\\n      |           ^~~~~~\\n./catch_amalgamated.hpp:13160:45: note:   \\'Catch::Matchers::Approx\\'\\n13160 |     ApproxMatcher<T, AllocComp, AllocMatch> Approx( std::vector<T, AllocComp> const& comparator ) {\\n      |                                             ^~~~~~\\ntest/complex_numbers_test.cpp:181:13: error: \\'Approx\\' was not declared in this scope\\n  181 |     REQUIRE(Approx(5.0) == c.abs());\\n      |             ^~~~~~\\n./catch_amalgamated.hpp:5723:63: note: in definition of macro \\'INTERNAL_CATCH_TEST\\'\\n 5723 |     } while( (void)0, (false) && static_cast<const bool&>( !!(__VA_ARGS__) ) ) // the expression here is never evaluated at runtime but it forces the compiler to give it a look\\n      |                                                               ^~~~~~~~~~~\\ntest/complex_numbers_test.cpp:181:5: note: in expansion of macro \\'REQUIRE\\'\\n  181 |     REQUIRE(Approx(5.0) == c.abs());\\n      |     ^~~~~~~\\ntest/complex_numbers_test.cpp:181:13: note: suggested alternatives:\\n  181 |     REQUIRE(Approx(5.0) == c.abs());\\n      |             ^~~~~~\\n./catch_amalgamated.hpp:5723:63: note: in definition of macro \\'INTERNAL_CATCH_TEST\\'\\n 5723 |     } while( (void)0, (false) && static_cast<const bool&>( !!(__VA_ARGS__) ) ) // the expression here is never evaluated at runtime but it forces the compiler to give it a look\\n      |                                                               ^~~~~~~~~~~\\ntest/complex_numbers_test.cpp:181:5: note: in expansion of macro \\'REQUIRE\\'\\n  181 |     REQUIRE(Approx(5.0) == c.abs());\\n      |     ^~~~~~~\\n./catch_amalgamated.hpp:3106:11: note:   \\'Catch::Approx\\'\\n 3106 |     class Approx {\\n      |           ^~~~~~\\n./catch_amalgamated.hpp:13160:45: note:   \\'Catch::Matchers::Approx\\'\\n13160 |     ApproxMatcher<T, AllocComp, AllocMatch> Approx( std::vector<T, AllocComp> const& comparator ) {\\n      |                                             ^~~~~~\\ntest/complex_numbers_test.cpp: In function \\'void CATCH2_INTERNAL_TEST_46()\\':\\ntest/complex_numbers_test.cpp:187:13: error: \\'Approx\\' was not declared in this scope\\n  187 |     REQUIRE(Approx(5.0) == c.abs());\\n      |             ^~~~~~\\n./catch_amalgamated.hpp:470:37: note: in definition of macro \\'CATCH_INTERNAL_IGNORE_BUT_WARN\\'\\n  470 |         (void)__builtin_constant_p( __VA_ARGS__ ) /* NOLINT(cppcoreguidelines-pro-type-vararg, \\\\\\n      |                                     ^~~~~~~~~~~\\n./catch_amalgamated.hpp:6371:26: note: in expansion of macro \\'INTERNAL_CATCH_TEST\\'\\n 6371 |   #define REQUIRE( ... ) INTERNAL_CATCH_TEST( \"REQUIRE\", Catch::ResultDisposition::Normal, __VA_ARGS__  )\\n      |                          ^~~~~~~~~~~~~~~~~~~\\ntest/complex_numbers_test.cpp:187:5: note: in expansion of macro \\'REQUIRE\\'\\n  187 |     REQUIRE(Approx(5.0) == c.abs());\\n      |     ^~~~~~~\\ntest/complex_numbers_test.cpp:187:13: note: suggested alternatives:\\n  187 |     REQUIRE(Approx(5.0) == c.abs());\\n      |             ^~~~~~\\n./catch_amalgamated.hpp:470:37: note: in definition of macro \\'CATCH_INTERNAL_IGNORE_BUT_WARN\\'\\n  470 |         (void)__builtin_constant_p( __VA_ARGS__ ) /* NOLINT(cppcoreguidelines-pro-type-vararg, \\\\\\n      |                                     ^~~~~~~~~~~\\n./catch_amalgamated.hpp:6371:26: note: in expansion of macro \\'INTERNAL_CATCH_TEST\\'\\n 6371 |   #define REQUIRE( ... ) INTERNAL_CATCH_TEST( \"REQUIRE\", Catch::ResultDisposition::Normal, __VA_ARGS__  )\\n      |                          ^~~~~~~~~~~~~~~~~~~\\ntest/complex_numbers_test.cpp:187:5: note: in expansion of macro \\'REQUIRE\\'\\n  187 |     REQUIRE(Approx(5.0) == c.abs());\\n      |     ^~~~~~~\\n./catch_amalgamated.hpp:3106:11: note:   \\'Catch::Approx\\'\\n 3106 |     class Approx {\\n      |           ^~~~~~\\n./catch_amalgamated.hpp:13160:45: note:   \\'Catch::Matchers::Approx\\'\\n13160 |     ApproxMatcher<T, AllocComp, AllocMatch> Approx( std::vector<T, AllocComp> const& comparator ) {\\n      |                                             ^~~~~~\\ntest/complex_numbers_test.cpp:187:13: error: \\'Approx\\' was not declared in this scope\\n  187 |     REQUIRE(Approx(5.0) == c.abs());\\n      |             ^~~~~~\\n./catch_amalgamated.hpp:5723:63: note: in definition of macro \\'INTERNAL_CATCH_TEST\\'\\n 5723 |     } while( (void)0, (false) && static_cast<const bool&>( !!(__VA_ARGS__) ) ) // the expression here is never evaluated at runtime but it forces the compiler to give it a look\\n      |                                                               ^~~~~~~~~~~\\ntest/complex_numbers_test.cpp:187:5: note: in expansion of macro \\'REQUIRE\\'\\n  187 |     REQUIRE(Approx(5.0) == c.abs());\\n      |     ^~~~~~~\\ntest/complex_numbers_test.cpp:187:13: note: suggested alternatives:\\n  187 |     REQUIRE(Approx(5.0) == c.abs());\\n      |             ^~~~~~\\n./catch_amalgamated.hpp:5723:63: note: in definition of macro \\'INTERNAL_CATCH_TEST\\'\\n 5723 |     } while( (void)0, (false) && static_cast<const bool&>( !!(__VA_ARGS__) ) ) // the expression here is never evaluated at runtime but it forces the compiler to give it a look\\n      |                                                               ^~~~~~~~~~~\\ntest/complex_numbers_test.cpp:187:5: note: in expansion of macro \\'REQUIRE\\'\\n  187 |     REQUIRE(Approx(5.0) == c.abs());\\n      |     ^~~~~~~\\n./catch_amalgamated.hpp:3106:11: note:   \\'Catch::Approx\\'\\n 3106 |     class Approx {\\n      |           ^~~~~~\\n./catch_amalgamated.hpp:13160:45: note:   \\'Catch::Matchers::Approx\\'\\n13160 |     ApproxMatcher<T, AllocComp, AllocMatch> Approx( std::vector<T, AllocComp> const& comparator ) {\\n      |                                             ^~~~~~\\nmake: *** [Makefile:40: obj/complex_numbers_test.o] Error 1\\n\u274c Compilazione fallita\\n\ud83d\udd28 Compilando test/complex_numbers_test.cpp...\\ng++ -std=c++17 -I src -I test -I /usr/local/include -I. -c test/complex_numbers_test.cpp -o obj/complex_numbers_test.o\\nIn file included from test/complex_numbers_test.cpp:5:\\ntest/complex_numbers_test.cpp: In function \\'void require_approx_equal(const complex_numbers::Complex&, const complex_numbers::Complex&)\\':\\ntest/complex_numbers_test.cpp:25:13: error: \\'Approx\\' was not declared in this scope\\n   25 |     REQUIRE(Approx(lhs.real()).margin(eps) == rhs.real());\\n      |             ^~~~~~\\n./catch_amalgamated.hpp:470:37: note: in definition of macro \\'CATCH_INTERNAL_IGNORE_BUT_WARN\\'\\n  470 |         (void)__builtin_constant_p( __VA_ARGS__ ) /* NOLINT(cppcoreguidelines-pro-type-vararg, \\\\\\n      |                                     ^~~~~~~~~~~\\n./catch_amalgamated.hpp:6371:26: note: in expansion of macro \\'INTERNAL_CATCH_TEST\\'\\n 6371 |   #define REQUIRE( ... ) INTERNAL_CATCH_TEST( \"REQUIRE\", Catch::ResultDisposition::Normal, __VA_ARGS__  )\\n      |                          ^~~~~~~~~~~~~~~~~~~\\ntest/complex_numbers_test.cpp:25:5: note: in expansion of macro \\'REQUIRE\\'\\n   25 |     REQUIRE(Approx(lhs.real()).margin(eps) == rhs.real());\\n      |     ^~~~~~~\\ntest/complex_numbers_test.cpp:25:13: note: suggested alternatives:\\n   25 |     REQUIRE(Approx(lhs.real()).margin(eps) == rhs.real());\\n      |             ^~~~~~\\n./catch_amalgamated.hpp:470:37: note: in definition of macro \\'CATCH_INTERNAL_IGNORE_BUT_WARN\\'\\n  470 |         (void)__builtin_constant_p( __VA_ARGS__ ) /* NOLINT(cppcoreguidelines-pro-type-vararg, \\\\\\n      |                                     ^~~~~~~~~~~\\n./catch_amalgamated.hpp:6371:26: note: in expansion of macro \\'INTERNAL_CATCH_TEST\\'\\n 6371 |   #define REQUIRE( ... ) INTERNAL_CATCH_TEST( \"REQUIRE\", Catch::ResultDisposition::Normal, __VA_ARGS__  )\\n      |                          ^~~~~~~~~~~~~~~~~~~\\ntest/complex_numbers_test.cpp:25:5: note: in expansion of macro \\'REQUIRE\\'\\n   25 |     REQUIRE(Approx(lhs.real()).margin(eps) == rhs.real());\\n      |     ^~~~~~~\\n./catch_amalgamated.hpp:3106:11: note:   \\'Catch::Approx\\'\\n 3106 |     class Approx {\\n      |           ^~~~~~\\n./catch_amalgamated.hpp:13160:45: note:   \\'Catch::Matchers::Approx\\'\\n13160 |     ApproxMatcher<T, AllocComp, AllocMatch> Approx( std::vector<T, AllocComp> const& comparator ) {\\n      |                                             ^~~~~~\\ntest/complex_numbers_test.cpp:25:13: error: \\'Approx\\' was not declared in this scope\\n   25 |     REQUIRE(Approx(lhs.real()).margin(eps) == rhs.real());\\n      |             ^~~~~~\\n./catch_amalgamated.hpp:5723:63: note: in definition of macro \\'INTERNAL_CATCH_TEST\\'\\n 5723 |     } while( (void)0, (false) && static_cast<const bool&>( !!(__VA_ARGS__) ) ) // the expression here is never evaluated at runtime but it forces the compiler to give it a look\\n      |                                                               ^~~~~~~~~~~\\ntest/complex_numbers_test.cpp:25:5: note: in expansion of macro \\'REQUIRE\\'\\n   25 |     REQUIRE(Approx(lhs.real()).margin(eps) == rhs.real());\\n      |     ^~~~~~~\\ntest/complex_numbers_test.cpp:25:13: note: suggested alternatives:\\n   25 |     REQUIRE(Approx(lhs.real()).margin(eps) == rhs.real());\\n      |             ^~~~~~\\n./catch_amalgamated.hpp:5723:63: note: in definition of macro \\'INTERNAL_CATCH_TEST\\'\\n 5723 |     } while( (void)0, (false) && static_cast<const bool&>( !!(__VA_ARGS__) ) ) // the expression here is never evaluated at runtime but it forces the compiler to give it a look\\n      |                                                               ^~~~~~~~~~~\\ntest/complex_numbers_test.cpp:25:5: note: in expansion of macro \\'REQUIRE\\'\\n   25 |     REQUIRE(Approx(lhs.real()).margin(eps) == rhs.real());\\n      |     ^~~~~~~\\n./catch_amalgamated.hpp:3106:11: note:   \\'Catch::Approx\\'\\n 3106 |     class Approx {\\n      |           ^~~~~~\\n./catch_amalgamated.hpp:13160:45: note:   \\'Catch::Matchers::Approx\\'\\n13160 |     ApproxMatcher<T, AllocComp, AllocMatch> Approx( std::vector<T, AllocComp> const& comparator ) {\\n      |                                             ^~~~~~\\ntest/complex_numbers_test.cpp: In function \\'void CATCH2_INTERNAL_TEST_0()\\':\\ntest/complex_numbers_test.cpp:32:13: error: \\'Approx\\' was not declared in this scope\\n   32 |     REQUIRE(Approx(1.0) == c.real());\\n      |             ^~~~~~\\n./catch_amalgamated.hpp:470:37: note: in definition of macro \\'CATCH_INTERNAL_IGNORE_BUT_WARN\\'\\n  470 |         (void)__builtin_constant_p( __VA_ARGS__ ) /* NOLINT(cppcoreguidelines-pro-type-vararg, \\\\\\n      |                                     ^~~~~~~~~~~\\n./catch_amalgamated.hpp:6371:26: note: in expansion of macro \\'INTERNAL_CATCH_TEST\\'\\n 6371 |   #define REQUIRE( ... ) INTERNAL_CATCH_TEST( \"REQUIRE\", Catch::ResultDisposition::Normal, __VA_ARGS__  )\\n      |                          ^~~~~~~~~~~~~~~~~~~\\ntest/complex_numbers_test.cpp:32:5: note: in expansion of macro \\'REQUIRE\\'\\n   32 |     REQUIRE(Approx(1.0) == c.real());\\n      |     ^~~~~~~\\ntest/complex_numbers_test.cpp:32:13: note: suggested alternatives:\\n   32 |     REQUIRE(Approx(1.0) == c.real());\\n      |             ^~~~~~\\n./catch_amalgamated.hpp:470:37: note: in definition of macro \\'CATCH_INTERNAL_IGNORE_BUT_WARN\\'\\n  470 |         (void)__builtin_constant_p( __VA_ARGS__ ) /* NOLINT(cppcoreguidelines-pro-type-vararg, \\\\\\n      |                                     ^~~~~~~~~~~\\n./catch_amalgamated.hpp:6371:26: note: in expansion of macro \\'INTERNAL_CATCH_TEST\\'\\n 6371 |   #define REQUIRE( ... ) INTERNAL_CATCH_TEST( \"REQUIRE\", Catch::ResultDisposition::Normal, __VA_ARGS__  )\\n      |                          ^~~~~~~~~~~~~~~~~~~\\ntest/complex_numbers_test.cpp:32:5: note: in expansion of macro \\'REQUIRE\\'\\n   32 |     REQUIRE(Approx(1.0) == c.real());\\n      |     ^~~~~~~\\n./catch_amalgamated.hpp:3106:11: note:   \\'Catch::Approx\\'\\n 3106 |     class Approx {\\n      |           ^~~~~~\\n./catch_amalgamated.hpp:13160:45: note:   \\'Catch::Matchers::Approx\\'\\n13160 |     ApproxMatcher<T, AllocComp, AllocMatch> Approx( std::vector<T, AllocComp> const& comparator ) {\\n      |                                             ^~~~~~\\ntest/complex_numbers_test.cpp:32:13: error: \\'Approx\\' was not declared in this scope\\n   32 |     REQUIRE(Approx(1.0) == c.real());\\n      |             ^~~~~~\\n./catch_amalgamated.hpp:5723:63: note: in definition of macro \\'INTERNAL_CATCH_TEST\\'\\n 5723 |     } while( (void)0, (false) && static_cast<const bool&>( !!(__VA_ARGS__) ) ) // the expression here is never evaluated at runtime but it forces the compiler to give it a look\\n      |                                                               ^~~~~~~~~~~\\ntest/complex_numbers_test.cpp:32:5: note: in expansion of macro \\'REQUIRE\\'\\n   32 |     REQUIRE(Approx(1.0) == c.real());\\n      |     ^~~~~~~\\ntest/complex_numbers_test.cpp:32:13: note: suggested alternatives:\\n   32 |     REQUIRE(Approx(1.0) == c.real());\\n      |             ^~~~~~\\n./catch_amalgamated.hpp:5723:63: note: in definition of macro \\'INTERNAL_CATCH_TEST\\'\\n 5723 |     } while( (void)0, (false) && static_cast<const bool&>( !!(__VA_ARGS__) ) ) // the expression here is never evaluated at runtime but it forces the compiler to give it a look\\n      |                                                               ^~~~~~~~~~~\\ntest/complex_numbers_test.cpp:32:5: note: in expansion of macro \\'REQUIRE\\'\\n   32 |     REQUIRE(Approx(1.0) == c.real());\\n      |     ^~~~~~~\\n./catch_amalgamated.hpp:3106:11: note:   \\'Catch::Approx\\'\\n 3106 |     class Approx {\\n      |           ^~~~~~\\n./catch_amalgamated.hpp:13160:45: note:   \\'Catch::Matchers::Approx\\'\\n13160 |     ApproxMatcher<T, AllocComp, AllocMatch> Approx( std::vector<T, AllocComp> const& comparator ) {\\n      |                                             ^~~~~~\\ntest/complex_numbers_test.cpp: In function \\'void CATCH2_INTERNAL_TEST_2()\\':\\ntest/complex_numbers_test.cpp:38:13: error: \\'Approx\\' was not declared in this scope\\n   38 |     REQUIRE(Approx(0.0).margin(eps) == c.real());\\n      |             ^~~~~~\\n./catch_amalgamated.hpp:470:37: note: in definition of macro \\'CATCH_INTERNAL_IGNORE_BUT_WARN\\'\\n  470 |         (void)__builtin_constant_p( __VA_ARGS__ ) /* NOLINT(cppcoreguidelines-pro-type-vararg, \\\\\\n      |                                     ^~~~~~~~~~~\\n./catch_amalgamated.hpp:6371:26: note: in expansion of macro \\'INTERNAL_CATCH_TEST\\'\\n 6371 |   #define REQUIRE( ... ) INTERNAL_CATCH_TEST( \"REQUIRE\", Catch::ResultDisposition::Normal, __VA_ARGS__  )\\n      |                          ^~~~~~~~~~~~~~~~~~~\\ntest/complex_numbers_test.cpp:38:5: note: in expansion of macro \\'REQUIRE\\'\\n   38 |     REQUIRE(Approx(0.0).margin(eps) == c.real());\\n      |     ^~~~~~~\\ntest/complex_numbers_test.cpp:38:13: note: suggested alternatives:\\n   38 |     REQUIRE(Approx(0.0).margin(eps) == c.real());\\n      |             ^~~~~~\\n./catch_amalgamated.hpp:470:37: note: in definition of macro \\'CATCH_INTERNAL_IGNORE_BUT_WARN\\'\\n  470 |         (void)__builtin_constant_p( __VA_ARGS__ ) /* NOLINT(cppcoreguidelines-pro-type-vararg, \\\\\\n      |                                     ^~~~~~~~~~~\\n./catch_amalgamated.hpp:6371:26: note: in expansion of macro \\'INTERNAL_CATCH_TEST\\'\\n 6371 |   #define REQUIRE( ... ) INTERNAL_CATCH_TEST( \"REQUIRE\", Catch::ResultDisposition::Normal, __VA_ARGS__  )\\n      |                          ^~~~~~~~~~~~~~~~~~~\\ntest/complex_numbers_test.cpp:38:5: note: in expansion of macro \\'REQUIRE\\'\\n   38 |     REQUIRE(Approx(0.0).margin(eps) == c.real());\\n      |     ^~~~~~~\\n./catch_amalgamated.hpp:3106:11: note:   \\'Catch::Approx\\'\\n 3106 |     class Approx {\\n      |           ^~~~~~\\n./catch_amalgamated.hpp:13160:45: note:   \\'Catch::Matchers::Approx\\'\\n13160 |     ApproxMatcher<T, AllocComp, AllocMatch> Approx( std::vector<T, AllocComp> const& comparator ) {\\n      |                                             ^~~~~~\\ntest/complex_numbers_test.cpp:38:13: error: \\'Approx\\' was not declared in this scope\\n   38 |     REQUIRE(Approx(0.0).margin(eps) == c.real());\\n      |             ^~~~~~\\n./catch_amalgamated.hpp:5723:63: note: in definition of macro \\'INTERNAL_CATCH_TEST\\'\\n 5723 |     } while( (void)0, (false) && static_cast<const bool&>( !!(__VA_ARGS__) ) ) // the expression here is never evaluated at runtime but it forces the compiler to give it a look\\n      |                                                               ^~~~~~~~~~~\\ntest/complex_numbers_test.cpp:38:5: note: in expansion of macro \\'REQUIRE\\'\\n   38 |     REQUIRE(Approx(0.0).margin(eps) == c.real());\\n      |     ^~~~~~~\\ntest/complex_numbers_test.cpp:38:13: note: suggested alternatives:\\n   38 |     REQUIRE(Approx(0.0).margin(eps) == c.real());\\n      |             ^~~~~~\\n./catch_amalgamated.hpp:5723:63: note: in definition of macro \\'INTERNAL_CATCH_TEST\\'\\n 5723 |     } while( (void)0, (false) && static_cast<const bool&>( !!(__VA_ARGS__) ) ) // the expression here is never evaluated at runtime but it forces the compiler to give it a look\\n      |                                                               ^~~~~~~~~~~\\ntest/complex_numbers_test.cpp:38:5: note: in expansion of macro \\'REQUIRE\\'\\n   38 |     REQUIRE(Approx(0.0).margin(eps) == c.real());\\n      |     ^~~~~~~\\n./catch_amalgamated.hpp:3106:11: note:   \\'Catch::Approx\\'\\n 3106 |     class Approx {\\n      |           ^~~~~~\\n./catch_amalgamated.hpp:13160:45: note:   \\'Catch::Matchers::Approx\\'\\n13160 |     ApproxMatcher<T, AllocComp, AllocMatch> Approx( std::vector<T, AllocComp> const& comparator ) {\\n      |                                             ^~~~~~\\ntest/complex_numbers_test.cpp: In function \\'void CATCH2_INTERNAL_TEST_4()\\':\\ntest/complex_numbers_test.cpp:44:13: error: \\'Approx\\' was not declared in this scope\\n   44 |     REQUIRE(Approx(1.0) == c.real());\\n      |             ^~~~~~\\n./catch_amalgamated.hpp:470:37: note: in definition of macro \\'CATCH_INTERNAL_IGNORE_BUT_WARN\\'\\n  470 |         (void)__builtin_constant_p( __VA_ARGS__ ) /* NOLINT(cppcoreguidelines-pro-type-vararg, \\\\\\n      |                                     ^~~~~~~~~~~\\n./catch_amalgamated.hpp:6371:26: note: in expansion of macro \\'INTERNAL_CATCH_TEST\\'\\n 6371 |   #define REQUIRE( ... ) INTERNAL_CATCH_TEST( \"REQUIRE\", Catch::ResultDisposition::Normal, __VA_ARGS__  )\\n      |                          ^~~~~~~~~~~~~~~~~~~\\ntest/complex_numbers_test.cpp:44:5: note: in expansion of macro \\'REQUIRE\\'\\n   44 |     REQUIRE(Approx(1.0) == c.real());\\n      |     ^~~~~~~\\ntest/complex_numbers_test.cpp:44:13: note: suggested alternatives:\\n   44 |     REQUIRE(Approx(1.0) == c.real());\\n      |             ^~~~~~\\n./catch_amalgamated.hpp:470:37: note: in definition of macro \\'CATCH_INTERNAL_IGNORE_BUT_WARN\\'\\n  470 |         (void)__builtin_constant_p( __VA_ARGS__ ) /* NOLINT(cppcoreguidelines-pro-type-vararg, \\\\\\n      |                                     ^~~~~~~~~~~\\n./catch_amalgamated.hpp:6371:26: note: in expansion of macro \\'INTERNAL_CATCH_TEST\\'\\n 6371 |   #define REQUIRE( ... ) INTERNAL_CATCH_TEST( \"REQUIRE\", Catch::ResultDisposition::Normal, __VA_ARGS__  )\\n      |                          ^~~~~~~~~~~~~~~~~~~\\ntest/complex_numbers_test.cpp:44:5: note: in expansion of macro \\'REQUIRE\\'\\n   44 |     REQUIRE(Approx(1.0) == c.real());\\n      |     ^~~~~~~\\n./catch_amalgamated.hpp:3106:11: note:   \\'Catch::Approx\\'\\n 3106 |     class Approx {\\n      |           ^~~~~~\\n./catch_amalgamated.hpp:13160:45: note:   \\'Catch::Matchers::Approx\\'\\n13160 |     ApproxMatcher<T, AllocComp, AllocMatch> Approx( std::vector<T, AllocComp> const& comparator ) {\\n      |                                             ^~~~~~\\ntest/complex_numbers_test.cpp:44:13: error: \\'Approx\\' was not declared in this scope\\n   44 |     REQUIRE(Approx(1.0) == c.real());\\n      |             ^~~~~~\\n./catch_amalgamated.hpp:5723:63: note: in definition of macro \\'INTERNAL_CATCH_TEST\\'\\n 5723 |     } while( (void)0, (false) && static_cast<const bool&>( !!(__VA_ARGS__) ) ) // the expression here is never evaluated at runtime but it forces the compiler to give it a look\\n      |                                                               ^~~~~~~~~~~\\ntest/complex_numbers_test.cpp:44:5: note: in expansion of macro \\'REQUIRE\\'\\n   44 |     REQUIRE(Approx(1.0) == c.real());\\n      |     ^~~~~~~\\ntest/complex_numbers_test.cpp:44:13: note: suggested alternatives:\\n   44 |     REQUIRE(Approx(1.0) == c.real());\\n      |             ^~~~~~\\n./catch_amalgamated.hpp:5723:63: note: in definition of macro \\'INTERNAL_CATCH_TEST\\'\\n 5723 |     } while( (void)0, (false) && static_cast<const bool&>( !!(__VA_ARGS__) ) ) // the expression here is never evaluated at runtime but it forces the compiler to give it a look\\n      |                                                               ^~~~~~~~~~~\\ntest/complex_numbers_test.cpp:44:5: note: in expansion of macro \\'REQUIRE\\'\\n   44 |     REQUIRE(Approx(1.0) == c.real());\\n      |     ^~~~~~~\\n./catch_amalgamated.hpp:3106:11: note:   \\'Catch::Approx\\'\\n 3106 |     class Approx {\\n      |           ^~~~~~\\n./catch_amalgamated.hpp:13160:45: note:   \\'Catch::Matchers::Approx\\'\\n13160 |     ApproxMatcher<T, AllocComp, AllocMatch> Approx( std::vector<T, AllocComp> const& comparator ) {\\n      |                                             ^~~~~~\\ntest/complex_numbers_test.cpp: In function \\'void CATCH2_INTERNAL_TEST_6()\\':\\ntest/complex_numbers_test.cpp:50:13: error: \\'Approx\\' was not declared in this scope\\n   50 |     REQUIRE(Approx(0.0).margin(eps) == c.imag());\\n      |             ^~~~~~\\n./catch_amalgamated.hpp:470:37: note: in definition of macro \\'CATCH_INTERNAL_IGNORE_BUT_WARN\\'\\n  470 |         (void)__builtin_constant_p( __VA_ARGS__ ) /* NOLINT(cppcoreguidelines-pro-type-vararg, \\\\\\n      |                                     ^~~~~~~~~~~\\n./catch_amalgamated.hpp:6371:26: note: in expansion of macro \\'INTERNAL_CATCH_TEST\\'\\n 6371 |   #define REQUIRE( ... ) INTERNAL_CATCH_TEST( \"REQUIRE\", Catch::ResultDisposition::Normal, __VA_ARGS__  )\\n      |                          ^~~~~~~~~~~~~~~~~~~\\ntest/complex_numbers_test.cpp:50:5: note: in expansion of macro \\'REQUIRE\\'\\n   50 |     REQUIRE(Approx(0.0).margin(eps) == c.imag());\\n      |     ^~~~~~~\\ntest/complex_numbers_test.cpp:50:13: note: suggested alternatives:\\n   50 |     REQUIRE(Approx(0.0).margin(eps) == c.imag());\\n      |             ^~~~~~\\n./catch_amalgamated.hpp:470:37: note: in definition of macro \\'CATCH_INTERNAL_IGNORE_BUT_WARN\\'\\n  470 |         (void)__builtin_constant_p( __VA_ARGS__ ) /* NOLINT(cppcoreguidelines-pro-type-vararg, \\\\\\n      |                                     ^~~~~~~~~~~\\n./catch_amalgamated.hpp:6371:26: note: in expansion of macro \\'INTERNAL_CATCH_TEST\\'\\n 6371 |   #define REQUIRE( ... ) INTERNAL_CATCH_TEST( \"REQUIRE\", Catch::ResultDisposition::Normal, __VA_ARGS__  )\\n      |                          ^~~~~~~~~~~~~~~~~~~\\ntest/complex_numbers_test.cpp:50:5: note: in expansion of macro \\'REQUIRE\\'\\n   50 |     REQUIRE(Approx(0.0).margin(eps) == c.imag());\\n      |     ^~~~~~~\\n./catch_amalgamated.hpp:3106:11: note:   \\'Catch::Approx\\'\\n 3106 |     class Approx {\\n      |           ^~~~~~\\n./catch_amalgamated.hpp:13160:45: note:   \\'Catch::Matchers::Approx\\'\\n13160 |     ApproxMatcher<T, AllocComp, AllocMatch> Approx( std::vector<T, AllocComp> const& comparator ) {\\n      |                                             ^~~~~~\\ntest/complex_numbers_test.cpp:50:13: error: \\'Approx\\' was not declared in this scope\\n   50 |     REQUIRE(Approx(0.0).margin(eps) == c.imag());\\n      |             ^~~~~~\\n./catch_amalgamated.hpp:5723:63: note: in definition of macro \\'INTERNAL_CATCH_TEST\\'\\n 5723 |     } while( (void)0, (false) && static_cast<const bool&>( !!(__VA_ARGS__) ) ) // the expression here is never evaluated at runtime but it forces the compiler to give it a look\\n      |                                                               ^~~~~~~~~~~\\ntest/complex_numbers_test.cpp:50:5: note: in expansion of macro \\'REQUIRE\\'\\n   50 |     REQUIRE(Approx(0.0).margin(eps) == c.imag());\\n      |     ^~~~~~~\\ntest/complex_numbers_test.cpp:50:13: note: suggested alternatives:\\n   50 |     REQUIRE(Approx(0.0).margin(eps) == c.imag());\\n      |             ^~~~~~\\n./catch_amalgamated.hpp:5723:63: note: in definition of macro \\'INTERNAL_CATCH_TEST\\'\\n 5723 |     } while( (void)0, (false) && static_cast<const bool&>( !!(__VA_ARGS__) ) ) // the expression here is never evaluated at runtime but it forces the compiler to give it a look\\n      |                                                               ^~~~~~~~~~~\\ntest/complex_numbers_test.cpp:50:5: note: in expansion of macro \\'REQUIRE\\'\\n   50 |     REQUIRE(Approx(0.0).margin(eps) == c.imag());\\n      |     ^~~~~~~\\n./catch_amalgamated.hpp:3106:11: note:   \\'Catch::Approx\\'\\n 3106 |     class Approx {\\n      |           ^~~~~~\\n./catch_amalgamated.hpp:13160:45: note:   \\'Catch::Matchers::Approx\\'\\n13160 |     ApproxMatcher<T, AllocComp, AllocMatch> Approx( std::vector<T, AllocComp> const& comparator ) {\\n      |                                             ^~~~~~\\ntest/complex_numbers_test.cpp: In function \\'void CATCH2_INTERNAL_TEST_8()\\':\\ntest/complex_numbers_test.cpp:56:13: error: \\'Approx\\' was not declared in this scope\\n   56 |     REQUIRE(Approx(1.0) == c.imag());\\n      |             ^~~~~~\\n./catch_amalgamated.hpp:470:37: note: in definition of macro \\'CATCH_INTERNAL_IGNORE_BUT_WARN\\'\\n  470 |         (void)__builtin_constant_p( __VA_ARGS__ ) /* NOLINT(cppcoreguidelines-pro-type-vararg, \\\\\\n      |                                     ^~~~~~~~~~~\\n./catch_amalgamated.hpp:6371:26: note: in expansion of macro \\'INTERNAL_CATCH_TEST\\'\\n 6371 |   #define REQUIRE( ... ) INTERNAL_CATCH_TEST( \"REQUIRE\", Catch::ResultDisposition::Normal, __VA_ARGS__  )\\n      |                          ^~~~~~~~~~~~~~~~~~~\\ntest/complex_numbers_test.cpp:56:5: note: in expansion of macro \\'REQUIRE\\'\\n   56 |     REQUIRE(Approx(1.0) == c.imag());\\n      |     ^~~~~~~\\ntest/complex_numbers_test.cpp:56:13: note: suggested alternatives:\\n   56 |     REQUIRE(Approx(1.0) == c.imag());\\n      |             ^~~~~~\\n./catch_amalgamated.hpp:470:37: note: in definition of macro \\'CATCH_INTERNAL_IGNORE_BUT_WARN\\'\\n  470 |         (void)__builtin_constant_p( __VA_ARGS__ ) /* NOLINT(cppcoreguidelines-pro-type-vararg, \\\\\\n      |                                     ^~~~~~~~~~~\\n./catch_amalgamated.hpp:6371:26: note: in expansion of macro \\'INTERNAL_CATCH_TEST\\'\\n 6371 |   #define REQUIRE( ... ) INTERNAL_CATCH_TEST( \"REQUIRE\", Catch::ResultDisposition::Normal, __VA_ARGS__  )\\n      |                          ^~~~~~~~~~~~~~~~~~~\\ntest/complex_numbers_test.cpp:56:5: note: in expansion of macro \\'REQUIRE\\'\\n   56 |     REQUIRE(Approx(1.0) == c.imag());\\n      |     ^~~~~~~\\n./catch_amalgamated.hpp:3106:11: note:   \\'Catch::Approx\\'\\n 3106 |     class Approx {\\n      |           ^~~~~~\\n./catch_amalgamated.hpp:13160:45: note:   \\'Catch::Matchers::Approx\\'\\n13160 |     ApproxMatcher<T, AllocComp, AllocMatch> Approx( std::vector<T, AllocComp> const& comparator ) {\\n      |                                             ^~~~~~\\ntest/complex_numbers_test.cpp:56:13: error: \\'Approx\\' was not declared in this scope\\n   56 |     REQUIRE(Approx(1.0) == c.imag());\\n      |             ^~~~~~\\n./catch_amalgamated.hpp:5723:63: note: in definition of macro \\'INTERNAL_CATCH_TEST\\'\\n 5723 |     } while( (void)0, (false) && static_cast<const bool&>( !!(__VA_ARGS__) ) ) // the expression here is never evaluated at runtime but it forces the compiler to give it a look\\n      |                                                               ^~~~~~~~~~~\\ntest/complex_numbers_test.cpp:56:5: note: in expansion of macro \\'REQUIRE\\'\\n   56 |     REQUIRE(Approx(1.0) == c.imag());\\n      |     ^~~~~~~\\ntest/complex_numbers_test.cpp:56:13: note: suggested alternatives:\\n   56 |     REQUIRE(Approx(1.0) == c.imag());\\n      |             ^~~~~~\\n./catch_amalgamated.hpp:5723:63: note: in definition of macro \\'INTERNAL_CATCH_TEST\\'\\n 5723 |     } while( (void)0, (false) && static_cast<const bool&>( !!(__VA_ARGS__) ) ) // the expression here is never evaluated at runtime but it forces the compiler to give it a look\\n      |                                                               ^~~~~~~~~~~\\ntest/complex_numbers_test.cpp:56:5: note: in expansion of macro \\'REQUIRE\\'\\n   56 |     REQUIRE(Approx(1.0) == c.imag());\\n      |     ^~~~~~~\\n./catch_amalgamated.hpp:3106:11: note:   \\'Catch::Approx\\'\\n 3106 |     class Approx {\\n      |           ^~~~~~\\n./catch_amalgamated.hpp:13160:45: note:   \\'Catch::Matchers::Approx\\'\\n13160 |     ApproxMatcher<T, AllocComp, AllocMatch> Approx( std::vector<T, AllocComp> const& comparator ) {\\n      |                                             ^~~~~~\\ntest/complex_numbers_test.cpp: In function \\'void CATCH2_INTERNAL_TEST_10()\\':\\ntest/complex_numbers_test.cpp:62:13: error: \\'Approx\\' was not declared in this scope\\n   62 |     REQUIRE(Approx(2.0) == c.imag());\\n      |             ^~~~~~\\n./catch_amalgamated.hpp:470:37: note: in definition of macro \\'CATCH_INTERNAL_IGNORE_BUT_WARN\\'\\n  470 |         (void)__builtin_constant_p( __VA_ARGS__ ) /* NOLINT(cppcoreguidelines-pro-type-vararg, \\\\\\n      |                                     ^~~~~~~~~~~\\n./catch_amalgamated.hpp:6371:26: note: in expansion of macro \\'INTERNAL_CATCH_TEST\\'\\n 6371 |   #define REQUIRE( ... ) INTERNAL_CATCH_TEST( \"REQUIRE\", Catch::ResultDisposition::Normal, __VA_ARGS__  )\\n      |                          ^~~~~~~~~~~~~~~~~~~\\ntest/complex_numbers_test.cpp:62:5: note: in expansion of macro \\'REQUIRE\\'\\n   62 |     REQUIRE(Approx(2.0) == c.imag());\\n      |     ^~~~~~~\\ntest/complex_numbers_test.cpp:62:13: note: suggested alternatives:\\n   62 |     REQUIRE(Approx(2.0) == c.imag());\\n      |             ^~~~~~\\n./catch_amalgamated.hpp:470:37: note: in definition of macro \\'CATCH_INTERNAL_IGNORE_BUT_WARN\\'\\n  470 |         (void)__builtin_constant_p( __VA_ARGS__ ) /* NOLINT(cppcoreguidelines-pro-type-vararg, \\\\\\n      |                                     ^~~~~~~~~~~\\n./catch_amalgamated.hpp:6371:26: note: in expansion of macro \\'INTERNAL_CATCH_TEST\\'\\n 6371 |   #define REQUIRE( ... ) INTERNAL_CATCH_TEST( \"REQUIRE\", Catch::ResultDisposition::Normal, __VA_ARGS__  )\\n      |                          ^~~~~~~~~~~~~~~~~~~\\ntest/complex_numbers_test.cpp:62:5: note: in expansion of macro \\'REQUIRE\\'\\n   62 |     REQUIRE(Approx(2.0) == c.imag());\\n      |     ^~~~~~~\\n./catch_amalgamated.hpp:3106:11: note:   \\'Catch::Approx\\'\\n 3106 |     class Approx {\\n      |           ^~~~~~\\n./catch_amalgamated.hpp:13160:45: note:   \\'Catch::Matchers::Approx\\'\\n13160 |     ApproxMatcher<T, AllocComp, AllocMatch> Approx( std::vector<T, AllocComp> const& comparator ) {\\n      |                                             ^~~~~~\\ntest/complex_numbers_test.cpp:62:13: error: \\'Approx\\' was not declared in this scope\\n   62 |     REQUIRE(Approx(2.0) == c.imag());\\n      |             ^~~~~~\\n./catch_amalgamated.hpp:5723:63: note: in definition of macro \\'INTERNAL_CATCH_TEST\\'\\n 5723 |     } while( (void)0, (false) && static_cast<const bool&>( !!(__VA_ARGS__) ) ) // the expression here is never evaluated at runtime but it forces the compiler to give it a look\\n      |                                                               ^~~~~~~~~~~\\ntest/complex_numbers_test.cpp:62:5: note: in expansion of macro \\'REQUIRE\\'\\n   62 |     REQUIRE(Approx(2.0) == c.imag());\\n      |     ^~~~~~~\\ntest/complex_numbers_test.cpp:62:13: note: suggested alternatives:\\n   62 |     REQUIRE(Approx(2.0) == c.imag());\\n      |             ^~~~~~\\n./catch_amalgamated.hpp:5723:63: note: in definition of macro \\'INTERNAL_CATCH_TEST\\'\\n 5723 |     } while( (void)0, (false) && static_cast<const bool&>( !!(__VA_ARGS__) ) ) // the expression here is never evaluated at runtime but it forces the compiler to give it a look\\n      |                                                               ^~~~~~~~~~~\\ntest/complex_numbers_test.cpp:62:5: note: in expansion of macro \\'REQUIRE\\'\\n   62 |     REQUIRE(Approx(2.0) == c.imag());\\n      |     ^~~~~~~\\n./catch_amalgamated.hpp:3106:11: note:   \\'Catch::Approx\\'\\n 3106 |     class Approx {\\n      |           ^~~~~~\\n./catch_amalgamated.hpp:13160:45: note:   \\'Catch::Matchers::Approx\\'\\n13160 |     ApproxMatcher<T, AllocComp, AllocMatch> Approx( std::vector<T, AllocComp> const& comparator ) {\\n      |                                             ^~~~~~\\ntest/complex_numbers_test.cpp: In function \\'void CATCH2_INTERNAL_TEST_38()\\':\\ntest/complex_numbers_test.cpp:159:13: error: \\'Approx\\' was not declared in this scope\\n  159 |     REQUIRE(Approx(5.0) == c.abs());\\n      |             ^~~~~~\\n./catch_amalgamated.hpp:470:37: note: in definition of macro \\'CATCH_INTERNAL_IGNORE_BUT_WARN\\'\\n  470 |         (void)__builtin_constant_p( __VA_ARGS__ ) /* NOLINT(cppcoreguidelines-pro-type-vararg, \\\\\\n      |                                     ^~~~~~~~~~~\\n./catch_amalgamated.hpp:6371:26: note: in expansion of macro \\'INTERNAL_CATCH_TEST\\'\\n 6371 |   #define REQUIRE( ... ) INTERNAL_CATCH_TEST( \"REQUIRE\", Catch::ResultDisposition::Normal, __VA_ARGS__  )\\n      |                          ^~~~~~~~~~~~~~~~~~~\\ntest/complex_numbers_test.cpp:159:5: note: in expansion of macro \\'REQUIRE\\'\\n  159 |     REQUIRE(Approx(5.0) == c.abs());\\n      |     ^~~~~~~\\ntest/complex_numbers_test.cpp:159:13: note: suggested alternatives:\\n  159 |     REQUIRE(Approx(5.0) == c.abs());\\n      |             ^~~~~~\\n./catch_amalgamated.hpp:470:37: note: in definition of macro \\'CATCH_INTERNAL_IGNORE_BUT_WARN\\'\\n  470 |         (void)__builtin_constant_p( __VA_ARGS__ ) /* NOLINT(cppcoreguidelines-pro-type-vararg, \\\\\\n      |                                     ^~~~~~~~~~~\\n./catch_amalgamated.hpp:6371:26: note: in expansion of macro \\'INTERNAL_CATCH_TEST\\'\\n 6371 |   #define REQUIRE( ... ) INTERNAL_CATCH_TEST( \"REQUIRE\", Catch::ResultDisposition::Normal, __VA_ARGS__  )\\n      |                          ^~~~~~~~~~~~~~~~~~~\\ntest/complex_numbers_test.cpp:159:5: note: in expansion of macro \\'REQUIRE\\'\\n  159 |     REQUIRE(Approx(5.0) == c.abs());\\n      |     ^~~~~~~\\n./catch_amalgamated.hpp:3106:11: note:   \\'Catch::Approx\\'\\n 3106 |     class Approx {\\n      |           ^~~~~~\\n./catch_amalgamated.hpp:13160:45: note:   \\'Catch::Matchers::Approx\\'\\n13160 |     ApproxMatcher<T, AllocComp, AllocMatch> Approx( std::vector<T, AllocComp> const& comparator ) {\\n      |                                             ^~~~~~\\ntest/complex_numbers_test.cpp:159:13: error: \\'Approx\\' was not declared in this scope\\n  159 |     REQUIRE(Approx(5.0) == c.abs());\\n      |             ^~~~~~\\n./catch_amalgamated.hpp:5723:63: note: in definition of macro \\'INTERNAL_CATCH_TEST\\'\\n 5723 |     } while( (void)0, (false) && static_cast<const bool&>( !!(__VA_ARGS__) ) ) // the expression here is never evaluated at runtime but it forces the compiler to give it a look\\n      |                                                               ^~~~~~~~~~~\\ntest/complex_numbers_test.cpp:159:5: note: in expansion of macro \\'REQUIRE\\'\\n  159 |     REQUIRE(Approx(5.0) == c.abs());\\n      |     ^~~~~~~\\ntest/complex_numbers_test.cpp:159:13: note: suggested alternatives:\\n  159 |     REQUIRE(Approx(5.0) == c.abs());\\n      |             ^~~~~~\\n./catch_amalgamated.hpp:5723:63: note: in definition of macro \\'INTERNAL_CATCH_TEST\\'\\n 5723 |     } while( (void)0, (false) && static_cast<const bool&>( !!(__VA_ARGS__) ) ) // the expression here is never evaluated at runtime but it forces the compiler to give it a look\\n      |                                                               ^~~~~~~~~~~\\ntest/complex_numbers_test.cpp:159:5: note: in expansion of macro \\'REQUIRE\\'\\n  159 |     REQUIRE(Approx(5.0) == c.abs());\\n      |     ^~~~~~~\\n./catch_amalgamated.hpp:3106:11: note:   \\'Catch::Approx\\'\\n 3106 |     class Approx {\\n      |           ^~~~~~\\n./catch_amalgamated.hpp:13160:45: note:   \\'Catch::Matchers::Approx\\'\\n13160 |     ApproxMatcher<T, AllocComp, AllocMatch> Approx( std::vector<T, AllocComp> const& comparator ) {\\n      |                                             ^~~~~~\\ntest/complex_numbers_test.cpp: In function \\'void CATCH2_INTERNAL_TEST_40()\\':\\ntest/complex_numbers_test.cpp:165:13: error: \\'Approx\\' was not declared in this scope\\n  165 |     REQUIRE(Approx(5.0) == c.abs());\\n      |             ^~~~~~\\n./catch_amalgamated.hpp:470:37: note: in definition of macro \\'CATCH_INTERNAL_IGNORE_BUT_WARN\\'\\n  470 |         (void)__builtin_constant_p( __VA_ARGS__ ) /* NOLINT(cppcoreguidelines-pro-type-vararg, \\\\\\n      |                                     ^~~~~~~~~~~\\n./catch_amalgamated.hpp:6371:26: note: in expansion of macro \\'INTERNAL_CATCH_TEST\\'\\n 6371 |   #define REQUIRE( ... ) INTERNAL_CATCH_TEST( \"REQUIRE\", Catch::ResultDisposition::Normal, __VA_ARGS__  )\\n      |                          ^~~~~~~~~~~~~~~~~~~\\ntest/complex_numbers_test.cpp:165:5: note: in expansion of macro \\'REQUIRE\\'\\n  165 |     REQUIRE(Approx(5.0) == c.abs());\\n      |     ^~~~~~~\\ntest/complex_numbers_test.cpp:165:13: note: suggested alternatives:\\n  165 |     REQUIRE(Approx(5.0) == c.abs());\\n      |             ^~~~~~\\n./catch_amalgamated.hpp:470:37: note: in definition of macro \\'CATCH_INTERNAL_IGNORE_BUT_WARN\\'\\n  470 |         (void)__builtin_constant_p( __VA_ARGS__ ) /* NOLINT(cppcoreguidelines-pro-type-vararg, \\\\\\n      |                                     ^~~~~~~~~~~\\n./catch_amalgamated.hpp:6371:26: note: in expansion of macro \\'INTERNAL_CATCH_TEST\\'\\n 6371 |   #define REQUIRE( ... ) INTERNAL_CATCH_TEST( \"REQUIRE\", Catch::ResultDisposition::Normal, __VA_ARGS__  )\\n      |                          ^~~~~~~~~~~~~~~~~~~\\ntest/complex_numbers_test.cpp:165:5: note: in expansion of macro \\'REQUIRE\\'\\n  165 |     REQUIRE(Approx(5.0) == c.abs());\\n      |     ^~~~~~~\\n./catch_amalgamated.hpp:3106:11: note:   \\'Catch::Approx\\'\\n 3106 |     class Approx {\\n      |           ^~~~~~\\n./catch_amalgamated.hpp:13160:45: note:   \\'Catch::Matchers::Approx\\'\\n13160 |     ApproxMatcher<T, AllocComp, AllocMatch> Approx( std::vector<T, AllocComp> const& comparator ) {\\n      |                                             ^~~~~~\\ntest/complex_numbers_test.cpp:165:13: error: \\'Approx\\' was not declared in this scope\\n  165 |     REQUIRE(Approx(5.0) == c.abs());\\n      |             ^~~~~~\\n./catch_amalgamated.hpp:5723:63: note: in definition of macro \\'INTERNAL_CATCH_TEST\\'\\n 5723 |     } while( (void)0, (false) && static_cast<const bool&>( !!(__VA_ARGS__) ) ) // the expression here is never evaluated at runtime but it forces the compiler to give it a look\\n      |                                                               ^~~~~~~~~~~\\ntest/complex_numbers_test.cpp:165:5: note: in expansion of macro \\'REQUIRE\\'\\n  165 |     REQUIRE(Approx(5.0) == c.abs());\\n      |     ^~~~~~~\\ntest/complex_numbers_test.cpp:165:13: note: suggested alternatives:\\n  165 |     REQUIRE(Approx(5.0) == c.abs());\\n      |             ^~~~~~\\n./catch_amalgamated.hpp:5723:63: note: in definition of macro \\'INTERNAL_CATCH_TEST\\'\\n 5723 |     } while( (void)0, (false) && static_cast<const bool&>( !!(__VA_ARGS__) ) ) // the expression here is never evaluated at runtime but it forces the compiler to give it a look\\n      |                                                               ^~~~~~~~~~~\\ntest/complex_numbers_test.cpp:165:5: note: in expansion of macro \\'REQUIRE\\'\\n  165 |     REQUIRE(Approx(5.0) == c.abs());\\n      |     ^~~~~~~\\n./catch_amalgamated.hpp:3106:11: note:   \\'Catch::Approx\\'\\n 3106 |     class Approx {\\n      |           ^~~~~~\\n./catch_amalgamated.hpp:13160:45: note:   \\'Catch::Matchers::Approx\\'\\n13160 |     ApproxMatcher<T, AllocComp, AllocMatch> Approx( std::vector<T, AllocComp> const& comparator ) {\\n      |                                             ^~~~~~\\ntest/complex_numbers_test.cpp: In function \\'void CATCH2_INTERNAL_TEST_42()\\':\\ntest/complex_numbers_test.cpp:173:13: error: \\'Approx\\' was not declared in this scope\\n  173 |     REQUIRE(Approx(5.0) == c.abs());\\n      |             ^~~~~~\\n./catch_amalgamated.hpp:470:37: note: in definition of macro \\'CATCH_INTERNAL_IGNORE_BUT_WARN\\'\\n  470 |         (void)__builtin_constant_p( __VA_ARGS__ ) /* NOLINT(cppcoreguidelines-pro-type-vararg, \\\\\\n      |                                     ^~~~~~~~~~~\\n./catch_amalgamated.hpp:6371:26: note: in expansion of macro \\'INTERNAL_CATCH_TEST\\'\\n 6371 |   #define REQUIRE( ... ) INTERNAL_CATCH_TEST( \"REQUIRE\", Catch::ResultDisposition::Normal, __VA_ARGS__  )\\n      |                          ^~~~~~~~~~~~~~~~~~~\\ntest/complex_numbers_test.cpp:173:5: note: in expansion of macro \\'REQUIRE\\'\\n  173 |     REQUIRE(Approx(5.0) == c.abs());\\n      |     ^~~~~~~\\ntest/complex_numbers_test.cpp:173:13: note: suggested alternatives:\\n  173 |     REQUIRE(Approx(5.0) == c.abs());\\n      |             ^~~~~~\\n./catch_amalgamated.hpp:470:37: note: in definition of macro \\'CATCH_INTERNAL_IGNORE_BUT_WARN\\'\\n  470 |         (void)__builtin_constant_p( __VA_ARGS__ ) /* NOLINT(cppcoreguidelines-pro-type-vararg, \\\\\\n      |                                     ^~~~~~~~~~~\\n./catch_amalgamated.hpp:6371:26: note: in expansion of macro \\'INTERNAL_CATCH_TEST\\'\\n 6371 |   #define REQUIRE( ... ) INTERNAL_CATCH_TEST( \"REQUIRE\", Catch::ResultDisposition::Normal, __VA_ARGS__  )\\n      |                          ^~~~~~~~~~~~~~~~~~~\\ntest/complex_numbers_test.cpp:173:5: note: in expansion of macro \\'REQUIRE\\'\\n  173 |     REQUIRE(Approx(5.0) == c.abs());\\n      |     ^~~~~~~\\n./catch_amalgamated.hpp:3106:11: note:   \\'Catch::Approx\\'\\n 3106 |     class Approx {\\n      |           ^~~~~~\\n./catch_amalgamated.hpp:13160:45: note:   \\'Catch::Matchers::Approx\\'\\n13160 |     ApproxMatcher<T, AllocComp, AllocMatch> Approx( std::vector<T, AllocComp> const& comparator ) {\\n      |                                             ^~~~~~\\ntest/complex_numbers_test.cpp:173:13: error: \\'Approx\\' was not declared in this scope\\n  173 |     REQUIRE(Approx(5.0) == c.abs());\\n      |             ^~~~~~\\n./catch_amalgamated.hpp:5723:63: note: in definition of macro \\'INTERNAL_CATCH_TEST\\'\\n 5723 |     } while( (void)0, (false) && static_cast<const bool&>( !!(__VA_ARGS__) ) ) // the expression here is never evaluated at runtime but it forces the compiler to give it a look\\n      |                                                               ^~~~~~~~~~~\\ntest/complex_numbers_test.cpp:173:5: note: in expansion of macro \\'REQUIRE\\'\\n  173 |     REQUIRE(Approx(5.0) == c.abs());\\n      |     ^~~~~~~\\ntest/complex_numbers_test.cpp:173:13: note: suggested alternatives:\\n  173 |     REQUIRE(Approx(5.0) == c.abs());\\n      |             ^~~~~~\\n./catch_amalgamated.hpp:5723:63: note: in definition of macro \\'INTERNAL_CATCH_TEST\\'\\n 5723 |     } while( (void)0, (false) && static_cast<const bool&>( !!(__VA_ARGS__) ) ) // the expression here is never evaluated at runtime but it forces the compiler to give it a look\\n      |                                                               ^~~~~~~~~~~\\ntest/complex_numbers_test.cpp:173:5: note: in expansion of macro \\'REQUIRE\\'\\n  173 |     REQUIRE(Approx(5.0) == c.abs());\\n      |     ^~~~~~~\\n./catch_amalgamated.hpp:3106:11: note:   \\'Catch::Approx\\'\\n 3106 |     class Approx {\\n      |           ^~~~~~\\n./catch_amalgamated.hpp:13160:45: note:   \\'Catch::Matchers::Approx\\'\\n13160 |     ApproxMatcher<T, AllocComp, AllocMatch> Approx( std::vector<T, AllocComp> const& comparator ) {\\n      |                                             ^~~~~~\\ntest/complex_numbers_test.cpp: In function \\'void CATCH2_INTERNAL_TEST_44()\\':\\ntest/complex_numbers_test.cpp:181:13: error: \\'Approx\\' was not declared in this scope\\n  181 |     REQUIRE(Approx(5.0) == c.abs());\\n      |             ^~~~~~\\n./catch_amalgamated.hpp:470:37: note: in definition of macro \\'CATCH_INTERNAL_IGNORE_BUT_WARN\\'\\n  470 |         (void)__builtin_constant_p( __VA_ARGS__ ) /* NOLINT(cppcoreguidelines-pro-type-vararg, \\\\\\n      |                                     ^~~~~~~~~~~\\n./catch_amalgamated.hpp:6371:26: note: in expansion of macro \\'INTERNAL_CATCH_TEST\\'\\n 6371 |   #define REQUIRE( ... ) INTERNAL_CATCH_TEST( \"REQUIRE\", Catch::ResultDisposition::Normal, __VA_ARGS__  )\\n      |                          ^~~~~~~~~~~~~~~~~~~\\ntest/complex_numbers_test.cpp:181:5: note: in expansion of macro \\'REQUIRE\\'\\n  181 |     REQUIRE(Approx(5.0) == c.abs());\\n      |     ^~~~~~~\\ntest/complex_numbers_test.cpp:181:13: note: suggested alternatives:\\n  181 |     REQUIRE(Approx(5.0) == c.abs());\\n      |             ^~~~~~\\n./catch_amalgamated.hpp:470:37: note: in definition of macro \\'CATCH_INTERNAL_IGNORE_BUT_WARN\\'\\n  470 |         (void)__builtin_constant_p( __VA_ARGS__ ) /* NOLINT(cppcoreguidelines-pro-type-vararg, \\\\\\n      |                                     ^~~~~~~~~~~\\n./catch_amalgamated.hpp:6371:26: note: in expansion of macro \\'INTERNAL_CATCH_TEST\\'\\n 6371 |   #define REQUIRE( ... ) INTERNAL_CATCH_TEST( \"REQUIRE\", Catch::ResultDisposition::Normal, __VA_ARGS__  )\\n      |                          ^~~~~~~~~~~~~~~~~~~\\ntest/complex_numbers_test.cpp:181:5: note: in expansion of macro \\'REQUIRE\\'\\n  181 |     REQUIRE(Approx(5.0) == c.abs());\\n      |     ^~~~~~~\\n./catch_amalgamated.hpp:3106:11: note:   \\'Catch::Approx\\'\\n 3106 |     class Approx {\\n      |           ^~~~~~\\n./catch_amalgamated.hpp:13160:45: note:   \\'Catch::Matchers::Approx\\'\\n13160 |     ApproxMatcher<T, AllocComp, AllocMatch> Approx( std::vector<T, AllocComp> const& comparator ) {\\n      |                                             ^~~~~~\\ntest/complex_numbers_test.cpp:181:13: error: \\'Approx\\' was not declared in this scope\\n  181 |     REQUIRE(Approx(5.0) == c.abs());\\n      |             ^~~~~~\\n./catch_amalgamated.hpp:5723:63: note: in definition of macro \\'INTERNAL_CATCH_TEST\\'\\n 5723 |     } while( (void)0, (false) && static_cast<const bool&>( !!(__VA_ARGS__) ) ) // the expression here is never evaluated at runtime but it forces the compiler to give it a look\\n      |                                                               ^~~~~~~~~~~\\ntest/complex_numbers_test.cpp:181:5: note: in expansion of macro \\'REQUIRE\\'\\n  181 |     REQUIRE(Approx(5.0) == c.abs());\\n      |     ^~~~~~~\\ntest/complex_numbers_test.cpp:181:13: note: suggested alternatives:\\n  181 |     REQUIRE(Approx(5.0) == c.abs());\\n      |             ^~~~~~\\n./catch_amalgamated.hpp:5723:63: note: in definition of macro \\'INTERNAL_CATCH_TEST\\'\\n 5723 |     } while( (void)0, (false) && static_cast<const bool&>( !!(__VA_ARGS__) ) ) // the expression here is never evaluated at runtime but it forces the compiler to give it a look\\n      |                                                               ^~~~~~~~~~~\\ntest/complex_numbers_test.cpp:181:5: note: in expansion of macro \\'REQUIRE\\'\\n  181 |     REQUIRE(Approx(5.0) == c.abs());\\n      |     ^~~~~~~\\n./catch_amalgamated.hpp:3106:11: note:   \\'Catch::Approx\\'\\n 3106 |     class Approx {\\n      |           ^~~~~~\\n./catch_amalgamated.hpp:13160:45: note:   \\'Catch::Matchers::Approx\\'\\n13160 |     ApproxMatcher<T, AllocComp, AllocMatch> Approx( std::vector<T, AllocComp> const& comparator ) {\\n      |                                             ^~~~~~\\ntest/complex_numbers_test.cpp: In function \\'void CATCH2_INTERNAL_TEST_46()\\':\\ntest/complex_numbers_test.cpp:187:13: error: \\'Approx\\' was not declared in this scope\\n  187 |     REQUIRE(Approx(5.0) == c.abs());\\n      |             ^~~~~~\\n./catch_amalgamated.hpp:470:37: note: in definition of macro \\'CATCH_INTERNAL_IGNORE_BUT_WARN\\'\\n  470 |         (void)__builtin_constant_p( __VA_ARGS__ ) /* NOLINT(cppcoreguidelines-pro-type-vararg, \\\\\\n      |                                     ^~~~~~~~~~~\\n./catch_amalgamated.hpp:6371:26: note: in expansion of macro \\'INTERNAL_CATCH_TEST\\'\\n 6371 |   #define REQUIRE( ... ) INTERNAL_CATCH_TEST( \"REQUIRE\", Catch::ResultDisposition::Normal, __VA_ARGS__  )\\n      |                          ^~~~~~~~~~~~~~~~~~~\\ntest/complex_numbers_test.cpp:187:5: note: in expansion of macro \\'REQUIRE\\'\\n  187 |     REQUIRE(Approx(5.0) == c.abs());\\n      |     ^~~~~~~\\ntest/complex_numbers_test.cpp:187:13: note: suggested alternatives:\\n  187 |     REQUIRE(Approx(5.0) == c.abs());\\n      |             ^~~~~~\\n./catch_amalgamated.hpp:470:37: note: in definition of macro \\'CATCH_INTERNAL_IGNORE_BUT_WARN\\'\\n  470 |         (void)__builtin_constant_p( __VA_ARGS__ ) /* NOLINT(cppcoreguidelines-pro-type-vararg, \\\\\\n      |                                     ^~~~~~~~~~~\\n./catch_amalgamated.hpp:6371:26: note: in expansion of macro \\'INTERNAL_CATCH_TEST\\'\\n 6371 |   #define REQUIRE( ... ) INTERNAL_CATCH_TEST( \"REQUIRE\", Catch::ResultDisposition::Normal, __VA_ARGS__  )\\n      |                          ^~~~~~~~~~~~~~~~~~~\\ntest/complex_numbers_test.cpp:187:5: note: in expansion of macro \\'REQUIRE\\'\\n  187 |     REQUIRE(Approx(5.0) == c.abs());\\n      |     ^~~~~~~\\n./catch_amalgamated.hpp:3106:11: note:   \\'Catch::Approx\\'\\n 3106 |     class Approx {\\n      |           ^~~~~~\\n./catch_amalgamated.hpp:13160:45: note:   \\'Catch::Matchers::Approx\\'\\n13160 |     ApproxMatcher<T, AllocComp, AllocMatch> Approx( std::vector<T, AllocComp> const& comparator ) {\\n      |                                             ^~~~~~\\ntest/complex_numbers_test.cpp:187:13: error: \\'Approx\\' was not declared in this scope\\n  187 |     REQUIRE(Approx(5.0) == c.abs());\\n      |             ^~~~~~\\n./catch_amalgamated.hpp:5723:63: note: in definition of macro \\'INTERNAL_CATCH_TEST\\'\\n 5723 |     } while( (void)0, (false) && static_cast<const bool&>( !!(__VA_ARGS__) ) ) // the expression here is never evaluated at runtime but it forces the compiler to give it a look\\n      |                                                               ^~~~~~~~~~~\\ntest/complex_numbers_test.cpp:187:5: note: in expansion of macro \\'REQUIRE\\'\\n  187 |     REQUIRE(Approx(5.0) == c.abs());\\n      |     ^~~~~~~\\ntest/complex_numbers_test.cpp:187:13: note: suggested alternatives:\\n  187 |     REQUIRE(Approx(5.0) == c.abs());\\n      |             ^~~~~~\\n./catch_amalgamated.hpp:5723:63: note: in definition of macro \\'INTERNAL_CATCH_TEST\\'\\n 5723 |     } while( (void)0, (false) && static_cast<const bool&>( !!(__VA_ARGS__) ) ) // the expression here is never evaluated at runtime but it forces the compiler to give it a look\\n      |                                                               ^~~~~~~~~~~\\ntest/complex_numbers_test.cpp:187:5: note: in expansion of macro \\'REQUIRE\\'\\n  187 |     REQUIRE(Approx(5.0) == c.abs());\\n      |     ^~~~~~~\\n./catch_amalgamated.hpp:3106:11: note:   \\'Catch::Approx\\'\\n 3106 |     class Approx {\\n      |           ^~~~~~\\n./catch_amalgamated.hpp:13160:45: note:   \\'Catch::Matchers::Approx\\'\\n13160 |     ApproxMatcher<T, AllocComp, AllocMatch> Approx( std::vector<T, AllocComp> const& comparator ) {\\n      |                                             ^~~~~~\\nmake: *** [Makefile:40: obj/complex_numbers_test.o] Error 1\\n')\n",
            "log_file_path": "/Users/mars/Desktop/Everything/Pisa/tesi/src/dataset/cpp/complex_numbers_Exercism_thefullarcticfox/output.log",
            "language": "cpp"
        },
        {
            "id": "cpp_space_age_Exercism (thefullarcticfox)",
            "error_message": "\u274c\u203c Errore nel container cpp_space_age_Exercism (thefullarcticfox) -  | result:\nCompletedProcess(args=['docker', 'run', '--rm', '--memory=4g', '-v', '/Users/mars/Desktop/Everything/Pisa/tesi/src/dataset/cpp/space_age_Exercism_thefullarcticfox:/app', 'test_cpp_persistant'], returncode=1, stdout='\ud83d\udd27 Compilazione con make...\\nrm -rf obj test_exec\\n\ud83d\udcc2 File sorgente trovati:\\n-rw-r--r-- 1 501 dialout 1517 Jul 31 09:16 src/space_age.cpp\\nNessun file .cpp o .c in src/\\n\ud83d\udcc2 File di test trovati:\\n-rw-r--r-- 1 501 dialout 1998 Aug  4 12:04 test/space_age_test.cpp\\nNessun file .cpp o .c in test/\\n\ud83d\udd0d Rilevamento framework di test...\\n\ud83d\udccb Rilevato Catch2 test framework\\n\ud83d\udd28 Iniziando compilazione...\\nmkdir -p obj\\n\ud83d\udd28 Compilando src/space_age.cpp...\\ng++ -std=c++17 -I src -I test -I /usr/local/include -I. -c src/space_age.cpp -o obj/space_age.o\\n\ud83d\udd28 Compilando test/space_age_test.cpp...\\ng++ -std=c++17 -I src -I test -I /usr/local/include -I. -c test/space_age_test.cpp -o obj/space_age_test.o\\nIn file included from test/space_age_test.cpp:2:\\ntest/space_age_test.cpp: In function \\'void CATCH2_INTERNAL_TEST_2()\\':\\ntest/space_age_test.cpp:22:31: error: \\'Approx\\' was not declared in this scope\\n   22 |     REQUIRE(age.on_earth() == Approx(31.69).margin(accuracy));\\n      |                               ^~~~~~\\n./catch_amalgamated.hpp:470:37: note: in definition of macro \\'CATCH_INTERNAL_IGNORE_BUT_WARN\\'\\n  470 |         (void)__builtin_constant_p( __VA_ARGS__ ) /* NOLINT(cppcoreguidelines-pro-type-vararg, \\\\\\n      |                                     ^~~~~~~~~~~\\n./catch_amalgamated.hpp:6371:26: note: in expansion of macro \\'INTERNAL_CATCH_TEST\\'\\n 6371 |   #define REQUIRE( ... ) INTERNAL_CATCH_TEST( \"REQUIRE\", Catch::ResultDisposition::Normal, __VA_ARGS__  )\\n      |                          ^~~~~~~~~~~~~~~~~~~\\ntest/space_age_test.cpp:22:5: note: in expansion of macro \\'REQUIRE\\'\\n   22 |     REQUIRE(age.on_earth() == Approx(31.69).margin(accuracy));\\n      |     ^~~~~~~\\ntest/space_age_test.cpp:22:31: note: suggested alternatives:\\n   22 |     REQUIRE(age.on_earth() == Approx(31.69).margin(accuracy));\\n      |                               ^~~~~~\\n./catch_amalgamated.hpp:470:37: note: in definition of macro \\'CATCH_INTERNAL_IGNORE_BUT_WARN\\'\\n  470 |         (void)__builtin_constant_p( __VA_ARGS__ ) /* NOLINT(cppcoreguidelines-pro-type-vararg, \\\\\\n      |                                     ^~~~~~~~~~~\\n./catch_amalgamated.hpp:6371:26: note: in expansion of macro \\'INTERNAL_CATCH_TEST\\'\\n 6371 |   #define REQUIRE( ... ) INTERNAL_CATCH_TEST( \"REQUIRE\", Catch::ResultDisposition::Normal, __VA_ARGS__  )\\n      |                          ^~~~~~~~~~~~~~~~~~~\\ntest/space_age_test.cpp:22:5: note: in expansion of macro \\'REQUIRE\\'\\n   22 |     REQUIRE(age.on_earth() == Approx(31.69).margin(accuracy));\\n      |     ^~~~~~~\\n./catch_amalgamated.hpp:3106:11: note:   \\'Catch::Approx\\'\\n 3106 |     class Approx {\\n      |           ^~~~~~\\n./catch_amalgamated.hpp:13160:45: note:   \\'Catch::Matchers::Approx\\'\\n13160 |     ApproxMatcher<T, AllocComp, AllocMatch> Approx( std::vector<T, AllocComp> const& comparator ) {\\n      |                                             ^~~~~~\\ntest/space_age_test.cpp:22:31: error: \\'Approx\\' was not declared in this scope\\n   22 |     REQUIRE(age.on_earth() == Approx(31.69).margin(accuracy));\\n      |                               ^~~~~~\\n./catch_amalgamated.hpp:5723:63: note: in definition of macro \\'INTERNAL_CATCH_TEST\\'\\n 5723 |     } while( (void)0, (false) && static_cast<const bool&>( !!(__VA_ARGS__) ) ) // the expression here is never evaluated at runtime but it forces the compiler to give it a look\\n      |                                                               ^~~~~~~~~~~\\ntest/space_age_test.cpp:22:5: note: in expansion of macro \\'REQUIRE\\'\\n   22 |     REQUIRE(age.on_earth() == Approx(31.69).margin(accuracy));\\n      |     ^~~~~~~\\ntest/space_age_test.cpp:22:31: note: suggested alternatives:\\n   22 |     REQUIRE(age.on_earth() == Approx(31.69).margin(accuracy));\\n      |                               ^~~~~~\\n./catch_amalgamated.hpp:5723:63: note: in definition of macro \\'INTERNAL_CATCH_TEST\\'\\n 5723 |     } while( (void)0, (false) && static_cast<const bool&>( !!(__VA_ARGS__) ) ) // the expression here is never evaluated at runtime but it forces the compiler to give it a look\\n      |                                                               ^~~~~~~~~~~\\ntest/space_age_test.cpp:22:5: note: in expansion of macro \\'REQUIRE\\'\\n   22 |     REQUIRE(age.on_earth() == Approx(31.69).margin(accuracy));\\n      |     ^~~~~~~\\n./catch_amalgamated.hpp:3106:11: note:   \\'Catch::Approx\\'\\n 3106 |     class Approx {\\n      |           ^~~~~~\\n./catch_amalgamated.hpp:13160:45: note:   \\'Catch::Matchers::Approx\\'\\n13160 |     ApproxMatcher<T, AllocComp, AllocMatch> Approx( std::vector<T, AllocComp> const& comparator ) {\\n      |                                             ^~~~~~\\ntest/space_age_test.cpp: In function \\'void CATCH2_INTERNAL_TEST_4()\\':\\ntest/space_age_test.cpp:29:31: error: \\'Approx\\' was not declared in this scope\\n   29 |     REQUIRE(age.on_earth() == Approx(67.65).margin(accuracy));\\n      |                               ^~~~~~\\n./catch_amalgamated.hpp:470:37: note: in definition of macro \\'CATCH_INTERNAL_IGNORE_BUT_WARN\\'\\n  470 |         (void)__builtin_constant_p( __VA_ARGS__ ) /* NOLINT(cppcoreguidelines-pro-type-vararg, \\\\\\n      |                                     ^~~~~~~~~~~\\n./catch_amalgamated.hpp:6371:26: note: in expansion of macro \\'INTERNAL_CATCH_TEST\\'\\n 6371 |   #define REQUIRE( ... ) INTERNAL_CATCH_TEST( \"REQUIRE\", Catch::ResultDisposition::Normal, __VA_ARGS__  )\\n      |                          ^~~~~~~~~~~~~~~~~~~\\ntest/space_age_test.cpp:29:5: note: in expansion of macro \\'REQUIRE\\'\\n   29 |     REQUIRE(age.on_earth() == Approx(67.65).margin(accuracy));\\n      |     ^~~~~~~\\ntest/space_age_test.cpp:29:31: note: suggested alternatives:\\n   29 |     REQUIRE(age.on_earth() == Approx(67.65).margin(accuracy));\\n      |                               ^~~~~~\\n./catch_amalgamated.hpp:470:37: note: in definition of macro \\'CATCH_INTERNAL_IGNORE_BUT_WARN\\'\\n  470 |         (void)__builtin_constant_p( __VA_ARGS__ ) /* NOLINT(cppcoreguidelines-pro-type-vararg, \\\\\\n      |                                     ^~~~~~~~~~~\\n./catch_amalgamated.hpp:6371:26: note: in expansion of macro \\'INTERNAL_CATCH_TEST\\'\\n 6371 |   #define REQUIRE( ... ) INTERNAL_CATCH_TEST( \"REQUIRE\", Catch::ResultDisposition::Normal, __VA_ARGS__  )\\n      |                          ^~~~~~~~~~~~~~~~~~~\\ntest/space_age_test.cpp:29:5: note: in expansion of macro \\'REQUIRE\\'\\n   29 |     REQUIRE(age.on_earth() == Approx(67.65).margin(accuracy));\\n      |     ^~~~~~~\\n./catch_amalgamated.hpp:3106:11: note:   \\'Catch::Approx\\'\\n 3106 |     class Approx {\\n      |           ^~~~~~\\n./catch_amalgamated.hpp:13160:45: note:   \\'Catch::Matchers::Approx\\'\\n13160 |     ApproxMatcher<T, AllocComp, AllocMatch> Approx( std::vector<T, AllocComp> const& comparator ) {\\n      |                                             ^~~~~~\\ntest/space_age_test.cpp:29:31: error: \\'Approx\\' was not declared in this scope\\n   29 |     REQUIRE(age.on_earth() == Approx(67.65).margin(accuracy));\\n      |                               ^~~~~~\\n./catch_amalgamated.hpp:5723:63: note: in definition of macro \\'INTERNAL_CATCH_TEST\\'\\n 5723 |     } while( (void)0, (false) && static_cast<const bool&>( !!(__VA_ARGS__) ) ) // the expression here is never evaluated at runtime but it forces the compiler to give it a look\\n      |                                                               ^~~~~~~~~~~\\ntest/space_age_test.cpp:29:5: note: in expansion of macro \\'REQUIRE\\'\\n   29 |     REQUIRE(age.on_earth() == Approx(67.65).margin(accuracy));\\n      |     ^~~~~~~\\ntest/space_age_test.cpp:29:31: note: suggested alternatives:\\n   29 |     REQUIRE(age.on_earth() == Approx(67.65).margin(accuracy));\\n      |                               ^~~~~~\\n./catch_amalgamated.hpp:5723:63: note: in definition of macro \\'INTERNAL_CATCH_TEST\\'\\n 5723 |     } while( (void)0, (false) && static_cast<const bool&>( !!(__VA_ARGS__) ) ) // the expression here is never evaluated at runtime but it forces the compiler to give it a look\\n      |                                                               ^~~~~~~~~~~\\ntest/space_age_test.cpp:29:5: note: in expansion of macro \\'REQUIRE\\'\\n   29 |     REQUIRE(age.on_earth() == Approx(67.65).margin(accuracy));\\n      |     ^~~~~~~\\n./catch_amalgamated.hpp:3106:11: note:   \\'Catch::Approx\\'\\n 3106 |     class Approx {\\n      |           ^~~~~~\\n./catch_amalgamated.hpp:13160:45: note:   \\'Catch::Matchers::Approx\\'\\n13160 |     ApproxMatcher<T, AllocComp, AllocMatch> Approx( std::vector<T, AllocComp> const& comparator ) {\\n      |                                             ^~~~~~\\ntest/space_age_test.cpp: In function \\'void CATCH2_INTERNAL_TEST_6()\\':\\ntest/space_age_test.cpp:37:31: error: \\'Approx\\' was not declared in this scope\\n   37 |     REQUIRE(age.on_earth() == Approx(6.02).margin(accuracy));\\n      |                               ^~~~~~\\n./catch_amalgamated.hpp:470:37: note: in definition of macro \\'CATCH_INTERNAL_IGNORE_BUT_WARN\\'\\n  470 |         (void)__builtin_constant_p( __VA_ARGS__ ) /* NOLINT(cppcoreguidelines-pro-type-vararg, \\\\\\n      |                                     ^~~~~~~~~~~\\n./catch_amalgamated.hpp:6371:26: note: in expansion of macro \\'INTERNAL_CATCH_TEST\\'\\n 6371 |   #define REQUIRE( ... ) INTERNAL_CATCH_TEST( \"REQUIRE\", Catch::ResultDisposition::Normal, __VA_ARGS__  )\\n      |                          ^~~~~~~~~~~~~~~~~~~\\ntest/space_age_test.cpp:37:5: note: in expansion of macro \\'REQUIRE\\'\\n   37 |     REQUIRE(age.on_earth() == Approx(6.02).margin(accuracy));\\n      |     ^~~~~~~\\ntest/space_age_test.cpp:37:31: note: suggested alternatives:\\n   37 |     REQUIRE(age.on_earth() == Approx(6.02).margin(accuracy));\\n      |                               ^~~~~~\\n./catch_amalgamated.hpp:470:37: note: in definition of macro \\'CATCH_INTERNAL_IGNORE_BUT_WARN\\'\\n  470 |         (void)__builtin_constant_p( __VA_ARGS__ ) /* NOLINT(cppcoreguidelines-pro-type-vararg, \\\\\\n      |                                     ^~~~~~~~~~~\\n./catch_amalgamated.hpp:6371:26: note: in expansion of macro \\'INTERNAL_CATCH_TEST\\'\\n 6371 |   #define REQUIRE( ... ) INTERNAL_CATCH_TEST( \"REQUIRE\", Catch::ResultDisposition::Normal, __VA_ARGS__  )\\n      |                          ^~~~~~~~~~~~~~~~~~~\\ntest/space_age_test.cpp:37:5: note: in expansion of macro \\'REQUIRE\\'\\n   37 |     REQUIRE(age.on_earth() == Approx(6.02).margin(accuracy));\\n      |     ^~~~~~~\\n./catch_amalgamated.hpp:3106:11: note:   \\'Catch::Approx\\'\\n 3106 |     class Approx {\\n      |           ^~~~~~\\n./catch_amalgamated.hpp:13160:45: note:   \\'Catch::Matchers::Approx\\'\\n13160 |     ApproxMatcher<T, AllocComp, AllocMatch> Approx( std::vector<T, AllocComp> const& comparator ) {\\n      |                                             ^~~~~~\\ntest/space_age_test.cpp:37:31: error: \\'Approx\\' was not declared in this scope\\n   37 |     REQUIRE(age.on_earth() == Approx(6.02).margin(accuracy));\\n      |                               ^~~~~~\\n./catch_amalgamated.hpp:5723:63: note: in definition of macro \\'INTERNAL_CATCH_TEST\\'\\n 5723 |     } while( (void)0, (false) && static_cast<const bool&>( !!(__VA_ARGS__) ) ) // the expression here is never evaluated at runtime but it forces the compiler to give it a look\\n      |                                                               ^~~~~~~~~~~\\ntest/space_age_test.cpp:37:5: note: in expansion of macro \\'REQUIRE\\'\\n   37 |     REQUIRE(age.on_earth() == Approx(6.02).margin(accuracy));\\n      |     ^~~~~~~\\ntest/space_age_test.cpp:37:31: note: suggested alternatives:\\n   37 |     REQUIRE(age.on_earth() == Approx(6.02).margin(accuracy));\\n      |                               ^~~~~~\\n./catch_amalgamated.hpp:5723:63: note: in definition of macro \\'INTERNAL_CATCH_TEST\\'\\n 5723 |     } while( (void)0, (false) && static_cast<const bool&>( !!(__VA_ARGS__) ) ) // the expression here is never evaluated at runtime but it forces the compiler to give it a look\\n      |                                                               ^~~~~~~~~~~\\ntest/space_age_test.cpp:37:5: note: in expansion of macro \\'REQUIRE\\'\\n   37 |     REQUIRE(age.on_earth() == Approx(6.02).margin(accuracy));\\n      |     ^~~~~~~\\n./catch_amalgamated.hpp:3106:11: note:   \\'Catch::Approx\\'\\n 3106 |     class Approx {\\n      |           ^~~~~~\\n./catch_amalgamated.hpp:13160:45: note:   \\'Catch::Matchers::Approx\\'\\n13160 |     ApproxMatcher<T, AllocComp, AllocMatch> Approx( std::vector<T, AllocComp> const& comparator ) {\\n      |                                             ^~~~~~\\ntest/space_age_test.cpp: In function \\'void CATCH2_INTERNAL_TEST_8()\\':\\ntest/space_age_test.cpp:45:31: error: \\'Approx\\' was not declared in this scope\\n   45 |     REQUIRE(age.on_earth() == Approx(73.83).margin(accuracy));\\n      |                               ^~~~~~\\n./catch_amalgamated.hpp:470:37: note: in definition of macro \\'CATCH_INTERNAL_IGNORE_BUT_WARN\\'\\n  470 |         (void)__builtin_constant_p( __VA_ARGS__ ) /* NOLINT(cppcoreguidelines-pro-type-vararg, \\\\\\n      |                                     ^~~~~~~~~~~\\n./catch_amalgamated.hpp:6371:26: note: in expansion of macro \\'INTERNAL_CATCH_TEST\\'\\n 6371 |   #define REQUIRE( ... ) INTERNAL_CATCH_TEST( \"REQUIRE\", Catch::ResultDisposition::Normal, __VA_ARGS__  )\\n      |                          ^~~~~~~~~~~~~~~~~~~\\ntest/space_age_test.cpp:45:5: note: in expansion of macro \\'REQUIRE\\'\\n   45 |     REQUIRE(age.on_earth() == Approx(73.83).margin(accuracy));\\n      |     ^~~~~~~\\ntest/space_age_test.cpp:45:31: note: suggested alternatives:\\n   45 |     REQUIRE(age.on_earth() == Approx(73.83).margin(accuracy));\\n      |                               ^~~~~~\\n./catch_amalgamated.hpp:470:37: note: in definition of macro \\'CATCH_INTERNAL_IGNORE_BUT_WARN\\'\\n  470 |         (void)__builtin_constant_p( __VA_ARGS__ ) /* NOLINT(cppcoreguidelines-pro-type-vararg, \\\\\\n      |                                     ^~~~~~~~~~~\\n./catch_amalgamated.hpp:6371:26: note: in expansion of macro \\'INTERNAL_CATCH_TEST\\'\\n 6371 |   #define REQUIRE( ... ) INTERNAL_CATCH_TEST( \"REQUIRE\", Catch::ResultDisposition::Normal, __VA_ARGS__  )\\n      |                          ^~~~~~~~~~~~~~~~~~~\\ntest/space_age_test.cpp:45:5: note: in expansion of macro \\'REQUIRE\\'\\n   45 |     REQUIRE(age.on_earth() == Approx(73.83).margin(accuracy));\\n      |     ^~~~~~~\\n./catch_amalgamated.hpp:3106:11: note:   \\'Catch::Approx\\'\\n 3106 |     class Approx {\\n      |           ^~~~~~\\n./catch_amalgamated.hpp:13160:45: note:   \\'Catch::Matchers::Approx\\'\\n13160 |     ApproxMatcher<T, AllocComp, AllocMatch> Approx( std::vector<T, AllocComp> const& comparator ) {\\n      |                                             ^~~~~~\\ntest/space_age_test.cpp:45:31: error: \\'Approx\\' was not declared in this scope\\n   45 |     REQUIRE(age.on_earth() == Approx(73.83).margin(accuracy));\\n      |                               ^~~~~~\\n./catch_amalgamated.hpp:5723:63: note: in definition of macro \\'INTERNAL_CATCH_TEST\\'\\n 5723 |     } while( (void)0, (false) && static_cast<const bool&>( !!(__VA_ARGS__) ) ) // the expression here is never evaluated at runtime but it forces the compiler to give it a look\\n      |                                                               ^~~~~~~~~~~\\ntest/space_age_test.cpp:45:5: note: in expansion of macro \\'REQUIRE\\'\\n   45 |     REQUIRE(age.on_earth() == Approx(73.83).margin(accuracy));\\n      |     ^~~~~~~\\ntest/space_age_test.cpp:45:31: note: suggested alternatives:\\n   45 |     REQUIRE(age.on_earth() == Approx(73.83).margin(accuracy));\\n      |                               ^~~~~~\\n./catch_amalgamated.hpp:5723:63: note: in definition of macro \\'INTERNAL_CATCH_TEST\\'\\n 5723 |     } while( (void)0, (false) && static_cast<const bool&>( !!(__VA_ARGS__) ) ) // the expression here is never evaluated at runtime but it forces the compiler to give it a look\\n      |                                                               ^~~~~~~~~~~\\ntest/space_age_test.cpp:45:5: note: in expansion of macro \\'REQUIRE\\'\\n   45 |     REQUIRE(age.on_earth() == Approx(73.83).margin(accuracy));\\n      |     ^~~~~~~\\n./catch_amalgamated.hpp:3106:11: note:   \\'Catch::Approx\\'\\n 3106 |     class Approx {\\n      |           ^~~~~~\\n./catch_amalgamated.hpp:13160:45: note:   \\'Catch::Matchers::Approx\\'\\n13160 |     ApproxMatcher<T, AllocComp, AllocMatch> Approx( std::vector<T, AllocComp> const& comparator ) {\\n      |                                             ^~~~~~\\ntest/space_age_test.cpp: In function \\'void CATCH2_INTERNAL_TEST_10()\\':\\ntest/space_age_test.cpp:53:31: error: \\'Approx\\' was not declared in this scope\\n   53 |     REQUIRE(age.on_earth() == Approx(28.58).margin(accuracy));\\n      |                               ^~~~~~\\n./catch_amalgamated.hpp:470:37: note: in definition of macro \\'CATCH_INTERNAL_IGNORE_BUT_WARN\\'\\n  470 |         (void)__builtin_constant_p( __VA_ARGS__ ) /* NOLINT(cppcoreguidelines-pro-type-vararg, \\\\\\n      |                                     ^~~~~~~~~~~\\n./catch_amalgamated.hpp:6371:26: note: in expansion of macro \\'INTERNAL_CATCH_TEST\\'\\n 6371 |   #define REQUIRE( ... ) INTERNAL_CATCH_TEST( \"REQUIRE\", Catch::ResultDisposition::Normal, __VA_ARGS__  )\\n      |                          ^~~~~~~~~~~~~~~~~~~\\ntest/space_age_test.cpp:53:5: note: in expansion of macro \\'REQUIRE\\'\\n   53 |     REQUIRE(age.on_earth() == Approx(28.58).margin(accuracy));\\n      |     ^~~~~~~\\ntest/space_age_test.cpp:53:31: note: suggested alternatives:\\n   53 |     REQUIRE(age.on_earth() == Approx(28.58).margin(accuracy));\\n      |                               ^~~~~~\\n./catch_amalgamated.hpp:470:37: note: in definition of macro \\'CATCH_INTERNAL_IGNORE_BUT_WARN\\'\\n  470 |         (void)__builtin_constant_p( __VA_ARGS__ ) /* NOLINT(cppcoreguidelines-pro-type-vararg, \\\\\\n      |                                     ^~~~~~~~~~~\\n./catch_amalgamated.hpp:6371:26: note: in expansion of macro \\'INTERNAL_CATCH_TEST\\'\\n 6371 |   #define REQUIRE( ... ) INTERNAL_CATCH_TEST( \"REQUIRE\", Catch::ResultDisposition::Normal, __VA_ARGS__  )\\n      |                          ^~~~~~~~~~~~~~~~~~~\\ntest/space_age_test.cpp:53:5: note: in expansion of macro \\'REQUIRE\\'\\n   53 |     REQUIRE(age.on_earth() == Approx(28.58).margin(accuracy));\\n      |     ^~~~~~~\\n./catch_amalgamated.hpp:3106:11: note:   \\'Catch::Approx\\'\\n 3106 |     class Approx {\\n      |           ^~~~~~\\n./catch_amalgamated.hpp:13160:45: note:   \\'Catch::Matchers::Approx\\'\\n13160 |     ApproxMatcher<T, AllocComp, AllocMatch> Approx( std::vector<T, AllocComp> const& comparator ) {\\n      |                                             ^~~~~~\\ntest/space_age_test.cpp:53:31: error: \\'Approx\\' was not declared in this scope\\n   53 |     REQUIRE(age.on_earth() == Approx(28.58).margin(accuracy));\\n      |                               ^~~~~~\\n./catch_amalgamated.hpp:5723:63: note: in definition of macro \\'INTERNAL_CATCH_TEST\\'\\n 5723 |     } while( (void)0, (false) && static_cast<const bool&>( !!(__VA_ARGS__) ) ) // the expression here is never evaluated at runtime but it forces the compiler to give it a look\\n      |                                                               ^~~~~~~~~~~\\ntest/space_age_test.cpp:53:5: note: in expansion of macro \\'REQUIRE\\'\\n   53 |     REQUIRE(age.on_earth() == Approx(28.58).margin(accuracy));\\n      |     ^~~~~~~\\ntest/space_age_test.cpp:53:31: note: suggested alternatives:\\n   53 |     REQUIRE(age.on_earth() == Approx(28.58).margin(accuracy));\\n      |                               ^~~~~~\\n./catch_amalgamated.hpp:5723:63: note: in definition of macro \\'INTERNAL_CATCH_TEST\\'\\n 5723 |     } while( (void)0, (false) && static_cast<const bool&>( !!(__VA_ARGS__) ) ) // the expression here is never evaluated at runtime but it forces the compiler to give it a look\\n      |                                                               ^~~~~~~~~~~\\ntest/space_age_test.cpp:53:5: note: in expansion of macro \\'REQUIRE\\'\\n   53 |     REQUIRE(age.on_earth() == Approx(28.58).margin(accuracy));\\n      |     ^~~~~~~\\n./catch_amalgamated.hpp:3106:11: note:   \\'Catch::Approx\\'\\n 3106 |     class Approx {\\n      |           ^~~~~~\\n./catch_amalgamated.hpp:13160:45: note:   \\'Catch::Matchers::Approx\\'\\n13160 |     ApproxMatcher<T, AllocComp, AllocMatch> Approx( std::vector<T, AllocComp> const& comparator ) {\\n      |                                             ^~~~~~\\ntest/space_age_test.cpp: In function \\'void CATCH2_INTERNAL_TEST_12()\\':\\ntest/space_age_test.cpp:61:31: error: \\'Approx\\' was not declared in this scope\\n   61 |     REQUIRE(age.on_earth() == Approx(95.06).margin(accuracy));\\n      |                               ^~~~~~\\n./catch_amalgamated.hpp:470:37: note: in definition of macro \\'CATCH_INTERNAL_IGNORE_BUT_WARN\\'\\n  470 |         (void)__builtin_constant_p( __VA_ARGS__ ) /* NOLINT(cppcoreguidelines-pro-type-vararg, \\\\\\n      |                                     ^~~~~~~~~~~\\n./catch_amalgamated.hpp:6371:26: note: in expansion of macro \\'INTERNAL_CATCH_TEST\\'\\n 6371 |   #define REQUIRE( ... ) INTERNAL_CATCH_TEST( \"REQUIRE\", Catch::ResultDisposition::Normal, __VA_ARGS__  )\\n      |                          ^~~~~~~~~~~~~~~~~~~\\ntest/space_age_test.cpp:61:5: note: in expansion of macro \\'REQUIRE\\'\\n   61 |     REQUIRE(age.on_earth() == Approx(95.06).margin(accuracy));\\n      |     ^~~~~~~\\ntest/space_age_test.cpp:61:31: note: suggested alternatives:\\n   61 |     REQUIRE(age.on_earth() == Approx(95.06).margin(accuracy));\\n      |                               ^~~~~~\\n./catch_amalgamated.hpp:470:37: note: in definition of macro \\'CATCH_INTERNAL_IGNORE_BUT_WARN\\'\\n  470 |         (void)__builtin_constant_p( __VA_ARGS__ ) /* NOLINT(cppcoreguidelines-pro-type-vararg, \\\\\\n      |                                     ^~~~~~~~~~~\\n./catch_amalgamated.hpp:6371:26: note: in expansion of macro \\'INTERNAL_CATCH_TEST\\'\\n 6371 |   #define REQUIRE( ... ) INTERNAL_CATCH_TEST( \"REQUIRE\", Catch::ResultDisposition::Normal, __VA_ARGS__  )\\n      |                          ^~~~~~~~~~~~~~~~~~~\\ntest/space_age_test.cpp:61:5: note: in expansion of macro \\'REQUIRE\\'\\n   61 |     REQUIRE(age.on_earth() == Approx(95.06).margin(accuracy));\\n      |     ^~~~~~~\\n./catch_amalgamated.hpp:3106:11: note:   \\'Catch::Approx\\'\\n 3106 |     class Approx {\\n      |           ^~~~~~\\n./catch_amalgamated.hpp:13160:45: note:   \\'Catch::Matchers::Approx\\'\\n13160 |     ApproxMatcher<T, AllocComp, AllocMatch> Approx( std::vector<T, AllocComp> const& comparator ) {\\n      |                                             ^~~~~~\\ntest/space_age_test.cpp:61:31: error: \\'Approx\\' was not declared in this scope\\n   61 |     REQUIRE(age.on_earth() == Approx(95.06).margin(accuracy));\\n      |                               ^~~~~~\\n./catch_amalgamated.hpp:5723:63: note: in definition of macro \\'INTERNAL_CATCH_TEST\\'\\n 5723 |     } while( (void)0, (false) && static_cast<const bool&>( !!(__VA_ARGS__) ) ) // the expression here is never evaluated at runtime but it forces the compiler to give it a look\\n      |                                                               ^~~~~~~~~~~\\ntest/space_age_test.cpp:61:5: note: in expansion of macro \\'REQUIRE\\'\\n   61 |     REQUIRE(age.on_earth() == Approx(95.06).margin(accuracy));\\n      |     ^~~~~~~\\ntest/space_age_test.cpp:61:31: note: suggested alternatives:\\n   61 |     REQUIRE(age.on_earth() == Approx(95.06).margin(accuracy));\\n      |                               ^~~~~~\\n./catch_amalgamated.hpp:5723:63: note: in definition of macro \\'INTERNAL_CATCH_TEST\\'\\n 5723 |     } while( (void)0, (false) && static_cast<const bool&>( !!(__VA_ARGS__) ) ) // the expression here is never evaluated at runtime but it forces the compiler to give it a look\\n      |                                                               ^~~~~~~~~~~\\ntest/space_age_test.cpp:61:5: note: in expansion of macro \\'REQUIRE\\'\\n   61 |     REQUIRE(age.on_earth() == Approx(95.06).margin(accuracy));\\n      |     ^~~~~~~\\n./catch_amalgamated.hpp:3106:11: note:   \\'Catch::Approx\\'\\n 3106 |     class Approx {\\n      |           ^~~~~~\\n./catch_amalgamated.hpp:13160:45: note:   \\'Catch::Matchers::Approx\\'\\n13160 |     ApproxMatcher<T, AllocComp, AllocMatch> Approx( std::vector<T, AllocComp> const& comparator ) {\\n      |                                             ^~~~~~\\ntest/space_age_test.cpp: In function \\'void CATCH2_INTERNAL_TEST_14()\\':\\ntest/space_age_test.cpp:69:31: error: \\'Approx\\' was not declared in this scope\\n   69 |     REQUIRE(age.on_earth() == Approx(101.72).margin(accuracy));\\n      |                               ^~~~~~\\n./catch_amalgamated.hpp:470:37: note: in definition of macro \\'CATCH_INTERNAL_IGNORE_BUT_WARN\\'\\n  470 |         (void)__builtin_constant_p( __VA_ARGS__ ) /* NOLINT(cppcoreguidelines-pro-type-vararg, \\\\\\n      |                                     ^~~~~~~~~~~\\n./catch_amalgamated.hpp:6371:26: note: in expansion of macro \\'INTERNAL_CATCH_TEST\\'\\n 6371 |   #define REQUIRE( ... ) INTERNAL_CATCH_TEST( \"REQUIRE\", Catch::ResultDisposition::Normal, __VA_ARGS__  )\\n      |                          ^~~~~~~~~~~~~~~~~~~\\ntest/space_age_test.cpp:69:5: note: in expansion of macro \\'REQUIRE\\'\\n   69 |     REQUIRE(age.on_earth() == Approx(101.72).margin(accuracy));\\n      |     ^~~~~~~\\ntest/space_age_test.cpp:69:31: note: suggested alternatives:\\n   69 |     REQUIRE(age.on_earth() == Approx(101.72).margin(accuracy));\\n      |                               ^~~~~~\\n./catch_amalgamated.hpp:470:37: note: in definition of macro \\'CATCH_INTERNAL_IGNORE_BUT_WARN\\'\\n  470 |         (void)__builtin_constant_p( __VA_ARGS__ ) /* NOLINT(cppcoreguidelines-pro-type-vararg, \\\\\\n      |                                     ^~~~~~~~~~~\\n./catch_amalgamated.hpp:6371:26: note: in expansion of macro \\'INTERNAL_CATCH_TEST\\'\\n 6371 |   #define REQUIRE( ... ) INTERNAL_CATCH_TEST( \"REQUIRE\", Catch::ResultDisposition::Normal, __VA_ARGS__  )\\n      |                          ^~~~~~~~~~~~~~~~~~~\\ntest/space_age_test.cpp:69:5: note: in expansion of macro \\'REQUIRE\\'\\n   69 |     REQUIRE(age.on_earth() == Approx(101.72).margin(accuracy));\\n      |     ^~~~~~~\\n./catch_amalgamated.hpp:3106:11: note:   \\'Catch::Approx\\'\\n 3106 |     class Approx {\\n      |           ^~~~~~\\n./catch_amalgamated.hpp:13160:45: note:   \\'Catch::Matchers::Approx\\'\\n13160 |     ApproxMatcher<T, AllocComp, AllocMatch> Approx( std::vector<T, AllocComp> const& comparator ) {\\n      |                                             ^~~~~~\\ntest/space_age_test.cpp:69:31: error: \\'Approx\\' was not declared in this scope\\n   69 |     REQUIRE(age.on_earth() == Approx(101.72).margin(accuracy));\\n      |                               ^~~~~~\\n./catch_amalgamated.hpp:5723:63: note: in definition of macro \\'INTERNAL_CATCH_TEST\\'\\n 5723 |     } while( (void)0, (false) && static_cast<const bool&>( !!(__VA_ARGS__) ) ) // the expression here is never evaluated at runtime but it forces the compiler to give it a look\\n      |                                                               ^~~~~~~~~~~\\ntest/space_age_test.cpp:69:5: note: in expansion of macro \\'REQUIRE\\'\\n   69 |     REQUIRE(age.on_earth() == Approx(101.72).margin(accuracy));\\n      |     ^~~~~~~\\ntest/space_age_test.cpp:69:31: note: suggested alternatives:\\n   69 |     REQUIRE(age.on_earth() == Approx(101.72).margin(accuracy));\\n      |                               ^~~~~~\\n./catch_amalgamated.hpp:5723:63: note: in definition of macro \\'INTERNAL_CATCH_TEST\\'\\n 5723 |     } while( (void)0, (false) && static_cast<const bool&>( !!(__VA_ARGS__) ) ) // the expression here is never evaluated at runtime but it forces the compiler to give it a look\\n      |                                                               ^~~~~~~~~~~\\ntest/space_age_test.cpp:69:5: note: in expansion of macro \\'REQUIRE\\'\\n   69 |     REQUIRE(age.on_earth() == Approx(101.72).margin(accuracy));\\n      |     ^~~~~~~\\n./catch_amalgamated.hpp:3106:11: note:   \\'Catch::Approx\\'\\n 3106 |     class Approx {\\n      |           ^~~~~~\\n./catch_amalgamated.hpp:13160:45: note:   \\'Catch::Matchers::Approx\\'\\n13160 |     ApproxMatcher<T, AllocComp, AllocMatch> Approx( std::vector<T, AllocComp> const& comparator ) {\\n      |                                             ^~~~~~\\ntest/space_age_test.cpp: In function \\'void CATCH2_INTERNAL_TEST_16()\\':\\ntest/space_age_test.cpp:77:31: error: \\'Approx\\' was not declared in this scope\\n   77 |     REQUIRE(age.on_earth() == Approx(260.16).margin(accuracy));\\n      |                               ^~~~~~\\n./catch_amalgamated.hpp:470:37: note: in definition of macro \\'CATCH_INTERNAL_IGNORE_BUT_WARN\\'\\n  470 |         (void)__builtin_constant_p( __VA_ARGS__ ) /* NOLINT(cppcoreguidelines-pro-type-vararg, \\\\\\n      |                                     ^~~~~~~~~~~\\n./catch_amalgamated.hpp:6371:26: note: in expansion of macro \\'INTERNAL_CATCH_TEST\\'\\n 6371 |   #define REQUIRE( ... ) INTERNAL_CATCH_TEST( \"REQUIRE\", Catch::ResultDisposition::Normal, __VA_ARGS__  )\\n      |                          ^~~~~~~~~~~~~~~~~~~\\ntest/space_age_test.cpp:77:5: note: in expansion of macro \\'REQUIRE\\'\\n   77 |     REQUIRE(age.on_earth() == Approx(260.16).margin(accuracy));\\n      |     ^~~~~~~\\ntest/space_age_test.cpp:77:31: note: suggested alternatives:\\n   77 |     REQUIRE(age.on_earth() == Approx(260.16).margin(accuracy));\\n      |                               ^~~~~~\\n./catch_amalgamated.hpp:470:37: note: in definition of macro \\'CATCH_INTERNAL_IGNORE_BUT_WARN\\'\\n  470 |         (void)__builtin_constant_p( __VA_ARGS__ ) /* NOLINT(cppcoreguidelines-pro-type-vararg, \\\\\\n      |                                     ^~~~~~~~~~~\\n./catch_amalgamated.hpp:6371:26: note: in expansion of macro \\'INTERNAL_CATCH_TEST\\'\\n 6371 |   #define REQUIRE( ... ) INTERNAL_CATCH_TEST( \"REQUIRE\", Catch::ResultDisposition::Normal, __VA_ARGS__  )\\n      |                          ^~~~~~~~~~~~~~~~~~~\\ntest/space_age_test.cpp:77:5: note: in expansion of macro \\'REQUIRE\\'\\n   77 |     REQUIRE(age.on_earth() == Approx(260.16).margin(accuracy));\\n      |     ^~~~~~~\\n./catch_amalgamated.hpp:3106:11: note:   \\'Catch::Approx\\'\\n 3106 |     class Approx {\\n      |           ^~~~~~\\n./catch_amalgamated.hpp:13160:45: note:   \\'Catch::Matchers::Approx\\'\\n13160 |     ApproxMatcher<T, AllocComp, AllocMatch> Approx( std::vector<T, AllocComp> const& comparator ) {\\n      |                                             ^~~~~~\\ntest/space_age_test.cpp:77:31: error: \\'Approx\\' was not declared in this scope\\n   77 |     REQUIRE(age.on_earth() == Approx(260.16).margin(accuracy));\\n      |                               ^~~~~~\\n./catch_amalgamated.hpp:5723:63: note: in definition of macro \\'INTERNAL_CATCH_TEST\\'\\n 5723 |     } while( (void)0, (false) && static_cast<const bool&>( !!(__VA_ARGS__) ) ) // the expression here is never evaluated at runtime but it forces the compiler to give it a look\\n      |                                                               ^~~~~~~~~~~\\ntest/space_age_test.cpp:77:5: note: in expansion of macro \\'REQUIRE\\'\\n   77 |     REQUIRE(age.on_earth() == Approx(260.16).margin(accuracy));\\n      |     ^~~~~~~\\ntest/space_age_test.cpp:77:31: note: suggested alternatives:\\n   77 |     REQUIRE(age.on_earth() == Approx(260.16).margin(accuracy));\\n      |                               ^~~~~~\\n./catch_amalgamated.hpp:5723:63: note: in definition of macro \\'INTERNAL_CATCH_TEST\\'\\n 5723 |     } while( (void)0, (false) && static_cast<const bool&>( !!(__VA_ARGS__) ) ) // the expression here is never evaluated at runtime but it forces the compiler to give it a look\\n      |                                                               ^~~~~~~~~~~\\ntest/space_age_test.cpp:77:5: note: in expansion of macro \\'REQUIRE\\'\\n   77 |     REQUIRE(age.on_earth() == Approx(260.16).margin(accuracy));\\n      |     ^~~~~~~\\n./catch_amalgamated.hpp:3106:11: note:   \\'Catch::Approx\\'\\n 3106 |     class Approx {\\n      |           ^~~~~~\\n./catch_amalgamated.hpp:13160:45: note:   \\'Catch::Matchers::Approx\\'\\n13160 |     ApproxMatcher<T, AllocComp, AllocMatch> Approx( std::vector<T, AllocComp> const& comparator ) {\\n      |                                             ^~~~~~\\nmake: *** [Makefile:40: obj/space_age_test.o] Error 1\\n\u274c Compilazione fallita\\n\ud83d\udd28 Compilando test/space_age_test.cpp...\\ng++ -std=c++17 -I src -I test -I /usr/local/include -I. -c test/space_age_test.cpp -o obj/space_age_test.o\\nIn file included from test/space_age_test.cpp:2:\\ntest/space_age_test.cpp: In function \\'void CATCH2_INTERNAL_TEST_2()\\':\\ntest/space_age_test.cpp:22:31: error: \\'Approx\\' was not declared in this scope\\n   22 |     REQUIRE(age.on_earth() == Approx(31.69).margin(accuracy));\\n      |                               ^~~~~~\\n./catch_amalgamated.hpp:470:37: note: in definition of macro \\'CATCH_INTERNAL_IGNORE_BUT_WARN\\'\\n  470 |         (void)__builtin_constant_p( __VA_ARGS__ ) /* NOLINT(cppcoreguidelines-pro-type-vararg, \\\\\\n      |                                     ^~~~~~~~~~~\\n./catch_amalgamated.hpp:6371:26: note: in expansion of macro \\'INTERNAL_CATCH_TEST\\'\\n 6371 |   #define REQUIRE( ... ) INTERNAL_CATCH_TEST( \"REQUIRE\", Catch::ResultDisposition::Normal, __VA_ARGS__  )\\n      |                          ^~~~~~~~~~~~~~~~~~~\\ntest/space_age_test.cpp:22:5: note: in expansion of macro \\'REQUIRE\\'\\n   22 |     REQUIRE(age.on_earth() == Approx(31.69).margin(accuracy));\\n      |     ^~~~~~~\\ntest/space_age_test.cpp:22:31: note: suggested alternatives:\\n   22 |     REQUIRE(age.on_earth() == Approx(31.69).margin(accuracy));\\n      |                               ^~~~~~\\n./catch_amalgamated.hpp:470:37: note: in definition of macro \\'CATCH_INTERNAL_IGNORE_BUT_WARN\\'\\n  470 |         (void)__builtin_constant_p( __VA_ARGS__ ) /* NOLINT(cppcoreguidelines-pro-type-vararg, \\\\\\n      |                                     ^~~~~~~~~~~\\n./catch_amalgamated.hpp:6371:26: note: in expansion of macro \\'INTERNAL_CATCH_TEST\\'\\n 6371 |   #define REQUIRE( ... ) INTERNAL_CATCH_TEST( \"REQUIRE\", Catch::ResultDisposition::Normal, __VA_ARGS__  )\\n      |                          ^~~~~~~~~~~~~~~~~~~\\ntest/space_age_test.cpp:22:5: note: in expansion of macro \\'REQUIRE\\'\\n   22 |     REQUIRE(age.on_earth() == Approx(31.69).margin(accuracy));\\n      |     ^~~~~~~\\n./catch_amalgamated.hpp:3106:11: note:   \\'Catch::Approx\\'\\n 3106 |     class Approx {\\n      |           ^~~~~~\\n./catch_amalgamated.hpp:13160:45: note:   \\'Catch::Matchers::Approx\\'\\n13160 |     ApproxMatcher<T, AllocComp, AllocMatch> Approx( std::vector<T, AllocComp> const& comparator ) {\\n      |                                             ^~~~~~\\ntest/space_age_test.cpp:22:31: error: \\'Approx\\' was not declared in this scope\\n   22 |     REQUIRE(age.on_earth() == Approx(31.69).margin(accuracy));\\n      |                               ^~~~~~\\n./catch_amalgamated.hpp:5723:63: note: in definition of macro \\'INTERNAL_CATCH_TEST\\'\\n 5723 |     } while( (void)0, (false) && static_cast<const bool&>( !!(__VA_ARGS__) ) ) // the expression here is never evaluated at runtime but it forces the compiler to give it a look\\n      |                                                               ^~~~~~~~~~~\\ntest/space_age_test.cpp:22:5: note: in expansion of macro \\'REQUIRE\\'\\n   22 |     REQUIRE(age.on_earth() == Approx(31.69).margin(accuracy));\\n      |     ^~~~~~~\\ntest/space_age_test.cpp:22:31: note: suggested alternatives:\\n   22 |     REQUIRE(age.on_earth() == Approx(31.69).margin(accuracy));\\n      |                               ^~~~~~\\n./catch_amalgamated.hpp:5723:63: note: in definition of macro \\'INTERNAL_CATCH_TEST\\'\\n 5723 |     } while( (void)0, (false) && static_cast<const bool&>( !!(__VA_ARGS__) ) ) // the expression here is never evaluated at runtime but it forces the compiler to give it a look\\n      |                                                               ^~~~~~~~~~~\\ntest/space_age_test.cpp:22:5: note: in expansion of macro \\'REQUIRE\\'\\n   22 |     REQUIRE(age.on_earth() == Approx(31.69).margin(accuracy));\\n      |     ^~~~~~~\\n./catch_amalgamated.hpp:3106:11: note:   \\'Catch::Approx\\'\\n 3106 |     class Approx {\\n      |           ^~~~~~\\n./catch_amalgamated.hpp:13160:45: note:   \\'Catch::Matchers::Approx\\'\\n13160 |     ApproxMatcher<T, AllocComp, AllocMatch> Approx( std::vector<T, AllocComp> const& comparator ) {\\n      |                                             ^~~~~~\\ntest/space_age_test.cpp: In function \\'void CATCH2_INTERNAL_TEST_4()\\':\\ntest/space_age_test.cpp:29:31: error: \\'Approx\\' was not declared in this scope\\n   29 |     REQUIRE(age.on_earth() == Approx(67.65).margin(accuracy));\\n      |                               ^~~~~~\\n./catch_amalgamated.hpp:470:37: note: in definition of macro \\'CATCH_INTERNAL_IGNORE_BUT_WARN\\'\\n  470 |         (void)__builtin_constant_p( __VA_ARGS__ ) /* NOLINT(cppcoreguidelines-pro-type-vararg, \\\\\\n      |                                     ^~~~~~~~~~~\\n./catch_amalgamated.hpp:6371:26: note: in expansion of macro \\'INTERNAL_CATCH_TEST\\'\\n 6371 |   #define REQUIRE( ... ) INTERNAL_CATCH_TEST( \"REQUIRE\", Catch::ResultDisposition::Normal, __VA_ARGS__  )\\n      |                          ^~~~~~~~~~~~~~~~~~~\\ntest/space_age_test.cpp:29:5: note: in expansion of macro \\'REQUIRE\\'\\n   29 |     REQUIRE(age.on_earth() == Approx(67.65).margin(accuracy));\\n      |     ^~~~~~~\\ntest/space_age_test.cpp:29:31: note: suggested alternatives:\\n   29 |     REQUIRE(age.on_earth() == Approx(67.65).margin(accuracy));\\n      |                               ^~~~~~\\n./catch_amalgamated.hpp:470:37: note: in definition of macro \\'CATCH_INTERNAL_IGNORE_BUT_WARN\\'\\n  470 |         (void)__builtin_constant_p( __VA_ARGS__ ) /* NOLINT(cppcoreguidelines-pro-type-vararg, \\\\\\n      |                                     ^~~~~~~~~~~\\n./catch_amalgamated.hpp:6371:26: note: in expansion of macro \\'INTERNAL_CATCH_TEST\\'\\n 6371 |   #define REQUIRE( ... ) INTERNAL_CATCH_TEST( \"REQUIRE\", Catch::ResultDisposition::Normal, __VA_ARGS__  )\\n      |                          ^~~~~~~~~~~~~~~~~~~\\ntest/space_age_test.cpp:29:5: note: in expansion of macro \\'REQUIRE\\'\\n   29 |     REQUIRE(age.on_earth() == Approx(67.65).margin(accuracy));\\n      |     ^~~~~~~\\n./catch_amalgamated.hpp:3106:11: note:   \\'Catch::Approx\\'\\n 3106 |     class Approx {\\n      |           ^~~~~~\\n./catch_amalgamated.hpp:13160:45: note:   \\'Catch::Matchers::Approx\\'\\n13160 |     ApproxMatcher<T, AllocComp, AllocMatch> Approx( std::vector<T, AllocComp> const& comparator ) {\\n      |                                             ^~~~~~\\ntest/space_age_test.cpp:29:31: error: \\'Approx\\' was not declared in this scope\\n   29 |     REQUIRE(age.on_earth() == Approx(67.65).margin(accuracy));\\n      |                               ^~~~~~\\n./catch_amalgamated.hpp:5723:63: note: in definition of macro \\'INTERNAL_CATCH_TEST\\'\\n 5723 |     } while( (void)0, (false) && static_cast<const bool&>( !!(__VA_ARGS__) ) ) // the expression here is never evaluated at runtime but it forces the compiler to give it a look\\n      |                                                               ^~~~~~~~~~~\\ntest/space_age_test.cpp:29:5: note: in expansion of macro \\'REQUIRE\\'\\n   29 |     REQUIRE(age.on_earth() == Approx(67.65).margin(accuracy));\\n      |     ^~~~~~~\\ntest/space_age_test.cpp:29:31: note: suggested alternatives:\\n   29 |     REQUIRE(age.on_earth() == Approx(67.65).margin(accuracy));\\n      |                               ^~~~~~\\n./catch_amalgamated.hpp:5723:63: note: in definition of macro \\'INTERNAL_CATCH_TEST\\'\\n 5723 |     } while( (void)0, (false) && static_cast<const bool&>( !!(__VA_ARGS__) ) ) // the expression here is never evaluated at runtime but it forces the compiler to give it a look\\n      |                                                               ^~~~~~~~~~~\\ntest/space_age_test.cpp:29:5: note: in expansion of macro \\'REQUIRE\\'\\n   29 |     REQUIRE(age.on_earth() == Approx(67.65).margin(accuracy));\\n      |     ^~~~~~~\\n./catch_amalgamated.hpp:3106:11: note:   \\'Catch::Approx\\'\\n 3106 |     class Approx {\\n      |           ^~~~~~\\n./catch_amalgamated.hpp:13160:45: note:   \\'Catch::Matchers::Approx\\'\\n13160 |     ApproxMatcher<T, AllocComp, AllocMatch> Approx( std::vector<T, AllocComp> const& comparator ) {\\n      |                                             ^~~~~~\\ntest/space_age_test.cpp: In function \\'void CATCH2_INTERNAL_TEST_6()\\':\\ntest/space_age_test.cpp:37:31: error: \\'Approx\\' was not declared in this scope\\n   37 |     REQUIRE(age.on_earth() == Approx(6.02).margin(accuracy));\\n      |                               ^~~~~~\\n./catch_amalgamated.hpp:470:37: note: in definition of macro \\'CATCH_INTERNAL_IGNORE_BUT_WARN\\'\\n  470 |         (void)__builtin_constant_p( __VA_ARGS__ ) /* NOLINT(cppcoreguidelines-pro-type-vararg, \\\\\\n      |                                     ^~~~~~~~~~~\\n./catch_amalgamated.hpp:6371:26: note: in expansion of macro \\'INTERNAL_CATCH_TEST\\'\\n 6371 |   #define REQUIRE( ... ) INTERNAL_CATCH_TEST( \"REQUIRE\", Catch::ResultDisposition::Normal, __VA_ARGS__  )\\n      |                          ^~~~~~~~~~~~~~~~~~~\\ntest/space_age_test.cpp:37:5: note: in expansion of macro \\'REQUIRE\\'\\n   37 |     REQUIRE(age.on_earth() == Approx(6.02).margin(accuracy));\\n      |     ^~~~~~~\\ntest/space_age_test.cpp:37:31: note: suggested alternatives:\\n   37 |     REQUIRE(age.on_earth() == Approx(6.02).margin(accuracy));\\n      |                               ^~~~~~\\n./catch_amalgamated.hpp:470:37: note: in definition of macro \\'CATCH_INTERNAL_IGNORE_BUT_WARN\\'\\n  470 |         (void)__builtin_constant_p( __VA_ARGS__ ) /* NOLINT(cppcoreguidelines-pro-type-vararg, \\\\\\n      |                                     ^~~~~~~~~~~\\n./catch_amalgamated.hpp:6371:26: note: in expansion of macro \\'INTERNAL_CATCH_TEST\\'\\n 6371 |   #define REQUIRE( ... ) INTERNAL_CATCH_TEST( \"REQUIRE\", Catch::ResultDisposition::Normal, __VA_ARGS__  )\\n      |                          ^~~~~~~~~~~~~~~~~~~\\ntest/space_age_test.cpp:37:5: note: in expansion of macro \\'REQUIRE\\'\\n   37 |     REQUIRE(age.on_earth() == Approx(6.02).margin(accuracy));\\n      |     ^~~~~~~\\n./catch_amalgamated.hpp:3106:11: note:   \\'Catch::Approx\\'\\n 3106 |     class Approx {\\n      |           ^~~~~~\\n./catch_amalgamated.hpp:13160:45: note:   \\'Catch::Matchers::Approx\\'\\n13160 |     ApproxMatcher<T, AllocComp, AllocMatch> Approx( std::vector<T, AllocComp> const& comparator ) {\\n      |                                             ^~~~~~\\ntest/space_age_test.cpp:37:31: error: \\'Approx\\' was not declared in this scope\\n   37 |     REQUIRE(age.on_earth() == Approx(6.02).margin(accuracy));\\n      |                               ^~~~~~\\n./catch_amalgamated.hpp:5723:63: note: in definition of macro \\'INTERNAL_CATCH_TEST\\'\\n 5723 |     } while( (void)0, (false) && static_cast<const bool&>( !!(__VA_ARGS__) ) ) // the expression here is never evaluated at runtime but it forces the compiler to give it a look\\n      |                                                               ^~~~~~~~~~~\\ntest/space_age_test.cpp:37:5: note: in expansion of macro \\'REQUIRE\\'\\n   37 |     REQUIRE(age.on_earth() == Approx(6.02).margin(accuracy));\\n      |     ^~~~~~~\\ntest/space_age_test.cpp:37:31: note: suggested alternatives:\\n   37 |     REQUIRE(age.on_earth() == Approx(6.02).margin(accuracy));\\n      |                               ^~~~~~\\n./catch_amalgamated.hpp:5723:63: note: in definition of macro \\'INTERNAL_CATCH_TEST\\'\\n 5723 |     } while( (void)0, (false) && static_cast<const bool&>( !!(__VA_ARGS__) ) ) // the expression here is never evaluated at runtime but it forces the compiler to give it a look\\n      |                                                               ^~~~~~~~~~~\\ntest/space_age_test.cpp:37:5: note: in expansion of macro \\'REQUIRE\\'\\n   37 |     REQUIRE(age.on_earth() == Approx(6.02).margin(accuracy));\\n      |     ^~~~~~~\\n./catch_amalgamated.hpp:3106:11: note:   \\'Catch::Approx\\'\\n 3106 |     class Approx {\\n      |           ^~~~~~\\n./catch_amalgamated.hpp:13160:45: note:   \\'Catch::Matchers::Approx\\'\\n13160 |     ApproxMatcher<T, AllocComp, AllocMatch> Approx( std::vector<T, AllocComp> const& comparator ) {\\n      |                                             ^~~~~~\\ntest/space_age_test.cpp: In function \\'void CATCH2_INTERNAL_TEST_8()\\':\\ntest/space_age_test.cpp:45:31: error: \\'Approx\\' was not declared in this scope\\n   45 |     REQUIRE(age.on_earth() == Approx(73.83).margin(accuracy));\\n      |                               ^~~~~~\\n./catch_amalgamated.hpp:470:37: note: in definition of macro \\'CATCH_INTERNAL_IGNORE_BUT_WARN\\'\\n  470 |         (void)__builtin_constant_p( __VA_ARGS__ ) /* NOLINT(cppcoreguidelines-pro-type-vararg, \\\\\\n      |                                     ^~~~~~~~~~~\\n./catch_amalgamated.hpp:6371:26: note: in expansion of macro \\'INTERNAL_CATCH_TEST\\'\\n 6371 |   #define REQUIRE( ... ) INTERNAL_CATCH_TEST( \"REQUIRE\", Catch::ResultDisposition::Normal, __VA_ARGS__  )\\n      |                          ^~~~~~~~~~~~~~~~~~~\\ntest/space_age_test.cpp:45:5: note: in expansion of macro \\'REQUIRE\\'\\n   45 |     REQUIRE(age.on_earth() == Approx(73.83).margin(accuracy));\\n      |     ^~~~~~~\\ntest/space_age_test.cpp:45:31: note: suggested alternatives:\\n   45 |     REQUIRE(age.on_earth() == Approx(73.83).margin(accuracy));\\n      |                               ^~~~~~\\n./catch_amalgamated.hpp:470:37: note: in definition of macro \\'CATCH_INTERNAL_IGNORE_BUT_WARN\\'\\n  470 |         (void)__builtin_constant_p( __VA_ARGS__ ) /* NOLINT(cppcoreguidelines-pro-type-vararg, \\\\\\n      |                                     ^~~~~~~~~~~\\n./catch_amalgamated.hpp:6371:26: note: in expansion of macro \\'INTERNAL_CATCH_TEST\\'\\n 6371 |   #define REQUIRE( ... ) INTERNAL_CATCH_TEST( \"REQUIRE\", Catch::ResultDisposition::Normal, __VA_ARGS__  )\\n      |                          ^~~~~~~~~~~~~~~~~~~\\ntest/space_age_test.cpp:45:5: note: in expansion of macro \\'REQUIRE\\'\\n   45 |     REQUIRE(age.on_earth() == Approx(73.83).margin(accuracy));\\n      |     ^~~~~~~\\n./catch_amalgamated.hpp:3106:11: note:   \\'Catch::Approx\\'\\n 3106 |     class Approx {\\n      |           ^~~~~~\\n./catch_amalgamated.hpp:13160:45: note:   \\'Catch::Matchers::Approx\\'\\n13160 |     ApproxMatcher<T, AllocComp, AllocMatch> Approx( std::vector<T, AllocComp> const& comparator ) {\\n      |                                             ^~~~~~\\ntest/space_age_test.cpp:45:31: error: \\'Approx\\' was not declared in this scope\\n   45 |     REQUIRE(age.on_earth() == Approx(73.83).margin(accuracy));\\n      |                               ^~~~~~\\n./catch_amalgamated.hpp:5723:63: note: in definition of macro \\'INTERNAL_CATCH_TEST\\'\\n 5723 |     } while( (void)0, (false) && static_cast<const bool&>( !!(__VA_ARGS__) ) ) // the expression here is never evaluated at runtime but it forces the compiler to give it a look\\n      |                                                               ^~~~~~~~~~~\\ntest/space_age_test.cpp:45:5: note: in expansion of macro \\'REQUIRE\\'\\n   45 |     REQUIRE(age.on_earth() == Approx(73.83).margin(accuracy));\\n      |     ^~~~~~~\\ntest/space_age_test.cpp:45:31: note: suggested alternatives:\\n   45 |     REQUIRE(age.on_earth() == Approx(73.83).margin(accuracy));\\n      |                               ^~~~~~\\n./catch_amalgamated.hpp:5723:63: note: in definition of macro \\'INTERNAL_CATCH_TEST\\'\\n 5723 |     } while( (void)0, (false) && static_cast<const bool&>( !!(__VA_ARGS__) ) ) // the expression here is never evaluated at runtime but it forces the compiler to give it a look\\n      |                                                               ^~~~~~~~~~~\\ntest/space_age_test.cpp:45:5: note: in expansion of macro \\'REQUIRE\\'\\n   45 |     REQUIRE(age.on_earth() == Approx(73.83).margin(accuracy));\\n      |     ^~~~~~~\\n./catch_amalgamated.hpp:3106:11: note:   \\'Catch::Approx\\'\\n 3106 |     class Approx {\\n      |           ^~~~~~\\n./catch_amalgamated.hpp:13160:45: note:   \\'Catch::Matchers::Approx\\'\\n13160 |     ApproxMatcher<T, AllocComp, AllocMatch> Approx( std::vector<T, AllocComp> const& comparator ) {\\n      |                                             ^~~~~~\\ntest/space_age_test.cpp: In function \\'void CATCH2_INTERNAL_TEST_10()\\':\\ntest/space_age_test.cpp:53:31: error: \\'Approx\\' was not declared in this scope\\n   53 |     REQUIRE(age.on_earth() == Approx(28.58).margin(accuracy));\\n      |                               ^~~~~~\\n./catch_amalgamated.hpp:470:37: note: in definition of macro \\'CATCH_INTERNAL_IGNORE_BUT_WARN\\'\\n  470 |         (void)__builtin_constant_p( __VA_ARGS__ ) /* NOLINT(cppcoreguidelines-pro-type-vararg, \\\\\\n      |                                     ^~~~~~~~~~~\\n./catch_amalgamated.hpp:6371:26: note: in expansion of macro \\'INTERNAL_CATCH_TEST\\'\\n 6371 |   #define REQUIRE( ... ) INTERNAL_CATCH_TEST( \"REQUIRE\", Catch::ResultDisposition::Normal, __VA_ARGS__  )\\n      |                          ^~~~~~~~~~~~~~~~~~~\\ntest/space_age_test.cpp:53:5: note: in expansion of macro \\'REQUIRE\\'\\n   53 |     REQUIRE(age.on_earth() == Approx(28.58).margin(accuracy));\\n      |     ^~~~~~~\\ntest/space_age_test.cpp:53:31: note: suggested alternatives:\\n   53 |     REQUIRE(age.on_earth() == Approx(28.58).margin(accuracy));\\n      |                               ^~~~~~\\n./catch_amalgamated.hpp:470:37: note: in definition of macro \\'CATCH_INTERNAL_IGNORE_BUT_WARN\\'\\n  470 |         (void)__builtin_constant_p( __VA_ARGS__ ) /* NOLINT(cppcoreguidelines-pro-type-vararg, \\\\\\n      |                                     ^~~~~~~~~~~\\n./catch_amalgamated.hpp:6371:26: note: in expansion of macro \\'INTERNAL_CATCH_TEST\\'\\n 6371 |   #define REQUIRE( ... ) INTERNAL_CATCH_TEST( \"REQUIRE\", Catch::ResultDisposition::Normal, __VA_ARGS__  )\\n      |                          ^~~~~~~~~~~~~~~~~~~\\ntest/space_age_test.cpp:53:5: note: in expansion of macro \\'REQUIRE\\'\\n   53 |     REQUIRE(age.on_earth() == Approx(28.58).margin(accuracy));\\n      |     ^~~~~~~\\n./catch_amalgamated.hpp:3106:11: note:   \\'Catch::Approx\\'\\n 3106 |     class Approx {\\n      |           ^~~~~~\\n./catch_amalgamated.hpp:13160:45: note:   \\'Catch::Matchers::Approx\\'\\n13160 |     ApproxMatcher<T, AllocComp, AllocMatch> Approx( std::vector<T, AllocComp> const& comparator ) {\\n      |                                             ^~~~~~\\ntest/space_age_test.cpp:53:31: error: \\'Approx\\' was not declared in this scope\\n   53 |     REQUIRE(age.on_earth() == Approx(28.58).margin(accuracy));\\n      |                               ^~~~~~\\n./catch_amalgamated.hpp:5723:63: note: in definition of macro \\'INTERNAL_CATCH_TEST\\'\\n 5723 |     } while( (void)0, (false) && static_cast<const bool&>( !!(__VA_ARGS__) ) ) // the expression here is never evaluated at runtime but it forces the compiler to give it a look\\n      |                                                               ^~~~~~~~~~~\\ntest/space_age_test.cpp:53:5: note: in expansion of macro \\'REQUIRE\\'\\n   53 |     REQUIRE(age.on_earth() == Approx(28.58).margin(accuracy));\\n      |     ^~~~~~~\\ntest/space_age_test.cpp:53:31: note: suggested alternatives:\\n   53 |     REQUIRE(age.on_earth() == Approx(28.58).margin(accuracy));\\n      |                               ^~~~~~\\n./catch_amalgamated.hpp:5723:63: note: in definition of macro \\'INTERNAL_CATCH_TEST\\'\\n 5723 |     } while( (void)0, (false) && static_cast<const bool&>( !!(__VA_ARGS__) ) ) // the expression here is never evaluated at runtime but it forces the compiler to give it a look\\n      |                                                               ^~~~~~~~~~~\\ntest/space_age_test.cpp:53:5: note: in expansion of macro \\'REQUIRE\\'\\n   53 |     REQUIRE(age.on_earth() == Approx(28.58).margin(accuracy));\\n      |     ^~~~~~~\\n./catch_amalgamated.hpp:3106:11: note:   \\'Catch::Approx\\'\\n 3106 |     class Approx {\\n      |           ^~~~~~\\n./catch_amalgamated.hpp:13160:45: note:   \\'Catch::Matchers::Approx\\'\\n13160 |     ApproxMatcher<T, AllocComp, AllocMatch> Approx( std::vector<T, AllocComp> const& comparator ) {\\n      |                                             ^~~~~~\\ntest/space_age_test.cpp: In function \\'void CATCH2_INTERNAL_TEST_12()\\':\\ntest/space_age_test.cpp:61:31: error: \\'Approx\\' was not declared in this scope\\n   61 |     REQUIRE(age.on_earth() == Approx(95.06).margin(accuracy));\\n      |                               ^~~~~~\\n./catch_amalgamated.hpp:470:37: note: in definition of macro \\'CATCH_INTERNAL_IGNORE_BUT_WARN\\'\\n  470 |         (void)__builtin_constant_p( __VA_ARGS__ ) /* NOLINT(cppcoreguidelines-pro-type-vararg, \\\\\\n      |                                     ^~~~~~~~~~~\\n./catch_amalgamated.hpp:6371:26: note: in expansion of macro \\'INTERNAL_CATCH_TEST\\'\\n 6371 |   #define REQUIRE( ... ) INTERNAL_CATCH_TEST( \"REQUIRE\", Catch::ResultDisposition::Normal, __VA_ARGS__  )\\n      |                          ^~~~~~~~~~~~~~~~~~~\\ntest/space_age_test.cpp:61:5: note: in expansion of macro \\'REQUIRE\\'\\n   61 |     REQUIRE(age.on_earth() == Approx(95.06).margin(accuracy));\\n      |     ^~~~~~~\\ntest/space_age_test.cpp:61:31: note: suggested alternatives:\\n   61 |     REQUIRE(age.on_earth() == Approx(95.06).margin(accuracy));\\n      |                               ^~~~~~\\n./catch_amalgamated.hpp:470:37: note: in definition of macro \\'CATCH_INTERNAL_IGNORE_BUT_WARN\\'\\n  470 |         (void)__builtin_constant_p( __VA_ARGS__ ) /* NOLINT(cppcoreguidelines-pro-type-vararg, \\\\\\n      |                                     ^~~~~~~~~~~\\n./catch_amalgamated.hpp:6371:26: note: in expansion of macro \\'INTERNAL_CATCH_TEST\\'\\n 6371 |   #define REQUIRE( ... ) INTERNAL_CATCH_TEST( \"REQUIRE\", Catch::ResultDisposition::Normal, __VA_ARGS__  )\\n      |                          ^~~~~~~~~~~~~~~~~~~\\ntest/space_age_test.cpp:61:5: note: in expansion of macro \\'REQUIRE\\'\\n   61 |     REQUIRE(age.on_earth() == Approx(95.06).margin(accuracy));\\n      |     ^~~~~~~\\n./catch_amalgamated.hpp:3106:11: note:   \\'Catch::Approx\\'\\n 3106 |     class Approx {\\n      |           ^~~~~~\\n./catch_amalgamated.hpp:13160:45: note:   \\'Catch::Matchers::Approx\\'\\n13160 |     ApproxMatcher<T, AllocComp, AllocMatch> Approx( std::vector<T, AllocComp> const& comparator ) {\\n      |                                             ^~~~~~\\ntest/space_age_test.cpp:61:31: error: \\'Approx\\' was not declared in this scope\\n   61 |     REQUIRE(age.on_earth() == Approx(95.06).margin(accuracy));\\n      |                               ^~~~~~\\n./catch_amalgamated.hpp:5723:63: note: in definition of macro \\'INTERNAL_CATCH_TEST\\'\\n 5723 |     } while( (void)0, (false) && static_cast<const bool&>( !!(__VA_ARGS__) ) ) // the expression here is never evaluated at runtime but it forces the compiler to give it a look\\n      |                                                               ^~~~~~~~~~~\\ntest/space_age_test.cpp:61:5: note: in expansion of macro \\'REQUIRE\\'\\n   61 |     REQUIRE(age.on_earth() == Approx(95.06).margin(accuracy));\\n      |     ^~~~~~~\\ntest/space_age_test.cpp:61:31: note: suggested alternatives:\\n   61 |     REQUIRE(age.on_earth() == Approx(95.06).margin(accuracy));\\n      |                               ^~~~~~\\n./catch_amalgamated.hpp:5723:63: note: in definition of macro \\'INTERNAL_CATCH_TEST\\'\\n 5723 |     } while( (void)0, (false) && static_cast<const bool&>( !!(__VA_ARGS__) ) ) // the expression here is never evaluated at runtime but it forces the compiler to give it a look\\n      |                                                               ^~~~~~~~~~~\\ntest/space_age_test.cpp:61:5: note: in expansion of macro \\'REQUIRE\\'\\n   61 |     REQUIRE(age.on_earth() == Approx(95.06).margin(accuracy));\\n      |     ^~~~~~~\\n./catch_amalgamated.hpp:3106:11: note:   \\'Catch::Approx\\'\\n 3106 |     class Approx {\\n      |           ^~~~~~\\n./catch_amalgamated.hpp:13160:45: note:   \\'Catch::Matchers::Approx\\'\\n13160 |     ApproxMatcher<T, AllocComp, AllocMatch> Approx( std::vector<T, AllocComp> const& comparator ) {\\n      |                                             ^~~~~~\\ntest/space_age_test.cpp: In function \\'void CATCH2_INTERNAL_TEST_14()\\':\\ntest/space_age_test.cpp:69:31: error: \\'Approx\\' was not declared in this scope\\n   69 |     REQUIRE(age.on_earth() == Approx(101.72).margin(accuracy));\\n      |                               ^~~~~~\\n./catch_amalgamated.hpp:470:37: note: in definition of macro \\'CATCH_INTERNAL_IGNORE_BUT_WARN\\'\\n  470 |         (void)__builtin_constant_p( __VA_ARGS__ ) /* NOLINT(cppcoreguidelines-pro-type-vararg, \\\\\\n      |                                     ^~~~~~~~~~~\\n./catch_amalgamated.hpp:6371:26: note: in expansion of macro \\'INTERNAL_CATCH_TEST\\'\\n 6371 |   #define REQUIRE( ... ) INTERNAL_CATCH_TEST( \"REQUIRE\", Catch::ResultDisposition::Normal, __VA_ARGS__  )\\n      |                          ^~~~~~~~~~~~~~~~~~~\\ntest/space_age_test.cpp:69:5: note: in expansion of macro \\'REQUIRE\\'\\n   69 |     REQUIRE(age.on_earth() == Approx(101.72).margin(accuracy));\\n      |     ^~~~~~~\\ntest/space_age_test.cpp:69:31: note: suggested alternatives:\\n   69 |     REQUIRE(age.on_earth() == Approx(101.72).margin(accuracy));\\n      |                               ^~~~~~\\n./catch_amalgamated.hpp:470:37: note: in definition of macro \\'CATCH_INTERNAL_IGNORE_BUT_WARN\\'\\n  470 |         (void)__builtin_constant_p( __VA_ARGS__ ) /* NOLINT(cppcoreguidelines-pro-type-vararg, \\\\\\n      |                                     ^~~~~~~~~~~\\n./catch_amalgamated.hpp:6371:26: note: in expansion of macro \\'INTERNAL_CATCH_TEST\\'\\n 6371 |   #define REQUIRE( ... ) INTERNAL_CATCH_TEST( \"REQUIRE\", Catch::ResultDisposition::Normal, __VA_ARGS__  )\\n      |                          ^~~~~~~~~~~~~~~~~~~\\ntest/space_age_test.cpp:69:5: note: in expansion of macro \\'REQUIRE\\'\\n   69 |     REQUIRE(age.on_earth() == Approx(101.72).margin(accuracy));\\n      |     ^~~~~~~\\n./catch_amalgamated.hpp:3106:11: note:   \\'Catch::Approx\\'\\n 3106 |     class Approx {\\n      |           ^~~~~~\\n./catch_amalgamated.hpp:13160:45: note:   \\'Catch::Matchers::Approx\\'\\n13160 |     ApproxMatcher<T, AllocComp, AllocMatch> Approx( std::vector<T, AllocComp> const& comparator ) {\\n      |                                             ^~~~~~\\ntest/space_age_test.cpp:69:31: error: \\'Approx\\' was not declared in this scope\\n   69 |     REQUIRE(age.on_earth() == Approx(101.72).margin(accuracy));\\n      |                               ^~~~~~\\n./catch_amalgamated.hpp:5723:63: note: in definition of macro \\'INTERNAL_CATCH_TEST\\'\\n 5723 |     } while( (void)0, (false) && static_cast<const bool&>( !!(__VA_ARGS__) ) ) // the expression here is never evaluated at runtime but it forces the compiler to give it a look\\n      |                                                               ^~~~~~~~~~~\\ntest/space_age_test.cpp:69:5: note: in expansion of macro \\'REQUIRE\\'\\n   69 |     REQUIRE(age.on_earth() == Approx(101.72).margin(accuracy));\\n      |     ^~~~~~~\\ntest/space_age_test.cpp:69:31: note: suggested alternatives:\\n   69 |     REQUIRE(age.on_earth() == Approx(101.72).margin(accuracy));\\n      |                               ^~~~~~\\n./catch_amalgamated.hpp:5723:63: note: in definition of macro \\'INTERNAL_CATCH_TEST\\'\\n 5723 |     } while( (void)0, (false) && static_cast<const bool&>( !!(__VA_ARGS__) ) ) // the expression here is never evaluated at runtime but it forces the compiler to give it a look\\n      |                                                               ^~~~~~~~~~~\\ntest/space_age_test.cpp:69:5: note: in expansion of macro \\'REQUIRE\\'\\n   69 |     REQUIRE(age.on_earth() == Approx(101.72).margin(accuracy));\\n      |     ^~~~~~~\\n./catch_amalgamated.hpp:3106:11: note:   \\'Catch::Approx\\'\\n 3106 |     class Approx {\\n      |           ^~~~~~\\n./catch_amalgamated.hpp:13160:45: note:   \\'Catch::Matchers::Approx\\'\\n13160 |     ApproxMatcher<T, AllocComp, AllocMatch> Approx( std::vector<T, AllocComp> const& comparator ) {\\n      |                                             ^~~~~~\\ntest/space_age_test.cpp: In function \\'void CATCH2_INTERNAL_TEST_16()\\':\\ntest/space_age_test.cpp:77:31: error: \\'Approx\\' was not declared in this scope\\n   77 |     REQUIRE(age.on_earth() == Approx(260.16).margin(accuracy));\\n      |                               ^~~~~~\\n./catch_amalgamated.hpp:470:37: note: in definition of macro \\'CATCH_INTERNAL_IGNORE_BUT_WARN\\'\\n  470 |         (void)__builtin_constant_p( __VA_ARGS__ ) /* NOLINT(cppcoreguidelines-pro-type-vararg, \\\\\\n      |                                     ^~~~~~~~~~~\\n./catch_amalgamated.hpp:6371:26: note: in expansion of macro \\'INTERNAL_CATCH_TEST\\'\\n 6371 |   #define REQUIRE( ... ) INTERNAL_CATCH_TEST( \"REQUIRE\", Catch::ResultDisposition::Normal, __VA_ARGS__  )\\n      |                          ^~~~~~~~~~~~~~~~~~~\\ntest/space_age_test.cpp:77:5: note: in expansion of macro \\'REQUIRE\\'\\n   77 |     REQUIRE(age.on_earth() == Approx(260.16).margin(accuracy));\\n      |     ^~~~~~~\\ntest/space_age_test.cpp:77:31: note: suggested alternatives:\\n   77 |     REQUIRE(age.on_earth() == Approx(260.16).margin(accuracy));\\n      |                               ^~~~~~\\n./catch_amalgamated.hpp:470:37: note: in definition of macro \\'CATCH_INTERNAL_IGNORE_BUT_WARN\\'\\n  470 |         (void)__builtin_constant_p( __VA_ARGS__ ) /* NOLINT(cppcoreguidelines-pro-type-vararg, \\\\\\n      |                                     ^~~~~~~~~~~\\n./catch_amalgamated.hpp:6371:26: note: in expansion of macro \\'INTERNAL_CATCH_TEST\\'\\n 6371 |   #define REQUIRE( ... ) INTERNAL_CATCH_TEST( \"REQUIRE\", Catch::ResultDisposition::Normal, __VA_ARGS__  )\\n      |                          ^~~~~~~~~~~~~~~~~~~\\ntest/space_age_test.cpp:77:5: note: in expansion of macro \\'REQUIRE\\'\\n   77 |     REQUIRE(age.on_earth() == Approx(260.16).margin(accuracy));\\n      |     ^~~~~~~\\n./catch_amalgamated.hpp:3106:11: note:   \\'Catch::Approx\\'\\n 3106 |     class Approx {\\n      |           ^~~~~~\\n./catch_amalgamated.hpp:13160:45: note:   \\'Catch::Matchers::Approx\\'\\n13160 |     ApproxMatcher<T, AllocComp, AllocMatch> Approx( std::vector<T, AllocComp> const& comparator ) {\\n      |                                             ^~~~~~\\ntest/space_age_test.cpp:77:31: error: \\'Approx\\' was not declared in this scope\\n   77 |     REQUIRE(age.on_earth() == Approx(260.16).margin(accuracy));\\n      |                               ^~~~~~\\n./catch_amalgamated.hpp:5723:63: note: in definition of macro \\'INTERNAL_CATCH_TEST\\'\\n 5723 |     } while( (void)0, (false) && static_cast<const bool&>( !!(__VA_ARGS__) ) ) // the expression here is never evaluated at runtime but it forces the compiler to give it a look\\n      |                                                               ^~~~~~~~~~~\\ntest/space_age_test.cpp:77:5: note: in expansion of macro \\'REQUIRE\\'\\n   77 |     REQUIRE(age.on_earth() == Approx(260.16).margin(accuracy));\\n      |     ^~~~~~~\\ntest/space_age_test.cpp:77:31: note: suggested alternatives:\\n   77 |     REQUIRE(age.on_earth() == Approx(260.16).margin(accuracy));\\n      |                               ^~~~~~\\n./catch_amalgamated.hpp:5723:63: note: in definition of macro \\'INTERNAL_CATCH_TEST\\'\\n 5723 |     } while( (void)0, (false) && static_cast<const bool&>( !!(__VA_ARGS__) ) ) // the expression here is never evaluated at runtime but it forces the compiler to give it a look\\n      |                                                               ^~~~~~~~~~~\\ntest/space_age_test.cpp:77:5: note: in expansion of macro \\'REQUIRE\\'\\n   77 |     REQUIRE(age.on_earth() == Approx(260.16).margin(accuracy));\\n      |     ^~~~~~~\\n./catch_amalgamated.hpp:3106:11: note:   \\'Catch::Approx\\'\\n 3106 |     class Approx {\\n      |           ^~~~~~\\n./catch_amalgamated.hpp:13160:45: note:   \\'Catch::Matchers::Approx\\'\\n13160 |     ApproxMatcher<T, AllocComp, AllocMatch> Approx( std::vector<T, AllocComp> const& comparator ) {\\n      |                                             ^~~~~~\\nmake: *** [Makefile:40: obj/space_age_test.o] Error 1\\n')\n",
            "log_file_path": "/Users/mars/Desktop/Everything/Pisa/tesi/src/dataset/cpp/space_age_Exercism_thefullarcticfox/output.log",
            "language": "cpp"
        }
    ]
}