armstrong-numbers.test.ts(1,30): error TS2306: File '/app/armstrong-numbers.ts' is not a module.
armstrong-numbers.ts(2,23): error TS2304: Cannot find name 'exports'.
armstrong-numbers.ts(4,30): error TS7006: Parameter 'num' implicitly has an 'any' type.
armstrong-numbers.ts(15,1): error TS2304: Cannot find name 'exports'.
