gemini/GeminiFlash_alphametics_v2.ts(82,27): error TS2683: 'this' implicitly has type 'any' because it does not have a type annotation.
gemini/GeminiFlash_alphametics_v2.ts(83,21): error TS2683: 'this' implicitly has type 'any' because it does not have a type annotation.
gemini/GeminiFlash_alphametics_v2.ts(94,40): error TS2683: 'this' implicitly has type 'any' because it does not have a type annotation.
