Running 9 test cases...
test/trinary_test.cpp(7): [4;31;49mfatal error: in "_1_yields_decimal_1": critical check 1 == trinary::to_decimal("1") has failed [1 != 29575][0;39;49m
test/trinary_test.cpp(12): [4;31;49mfatal error: in "_2_yields_decimal_2": critical check 2 == trinary::to_decimal("2") has failed [2 != 29576][0;39;49m
test/trinary_test.cpp(17): [4;31;49mfatal error: in "_10_yields_decimal_3": critical check 3 == trinary::to_decimal("10") has failed [3 != 29577][0;39;49m
test/trinary_test.cpp(22): [4;31;49mfatal error: in "_11_yields_decimal_4": critical check 4 == trinary::to_decimal("11") has failed [4 != 29578][0;39;49m
test/trinary_test.cpp(27): [4;31;49mfatal error: in "_100_yields_decimal_9": critical check 9 == trinary::to_decimal("100") has failed [9 != 29583][0;39;49m
test/trinary_test.cpp(32): [4;31;49mfatal error: in "_112_yields_decimal_14": critical check 14 == trinary::to_decimal("112") has failed [14 != 29588][0;39;49m
test/trinary_test.cpp(37): [4;31;49mfatal error: in "_222_yields_decimal_26": critical check 26 == trinary::to_decimal("222") has failed [26 != 29600][0;39;49m
test/trinary_test.cpp(42): [4;31;49mfatal error: in "_1122000120_yields_decimal_32091": critical check 32091 == trinary::to_decimal("1122000120") has failed [32091 != 61665][0;39;49m

[1;31;49m*** 8 failures are detected in the test module "Master Test Suite"
[0;39;49mCommand exited with non-zero status 201
	Command being timed: "./test_exec"
	User time (seconds): 0.00
	System time (seconds): 0.00
	Percent of CPU this job got: 15%
	Elapsed (wall clock) time (h:mm:ss or m:ss): 0:00.07
	Average shared text size (kbytes): 0
	Average unshared data size (kbytes): 0
	Average stack size (kbytes): 0
	Average total size (kbytes): 0
	Maximum resident set size (kbytes): 4992
	Average resident set size (kbytes): 0
	Major (requiring I/O) page faults: 1
	Minor (reclaiming a frame) page faults: 228
	Voluntary context switches: 20
	Involuntary context switches: 22
	Swaps: 0
	File system inputs: 0
	File system outputs: 0
	Socket messages sent: 0
	Socket messages received: 0
	Signals delivered: 0
	Page size (bytes): 4096
	Exit status: 201
