perfect-numbers.test.ts(1,28): error TS2306: File '/app/perfect-numbers.ts' is not a module.
perfect-numbers.ts(2,23): error TS2304: Cannot find name 'exports'.
perfect-numbers.ts(3,30): error TS7006: Parameter 'x' implicitly has an 'any' type.
perfect-numbers.ts(19,21): error TS7006: Parameter 'x' implicitly has an 'any' type.
perfect-numbers.ts(35,1): error TS2304: Cannot find name 'exports'.
npm notice
npm notice New major version of npm available! 10.8.2 -> 11.6.1
npm notice Changelog: https://github.com/npm/cli/releases/tag/v11.6.1
npm notice To update run: npm install -g npm@11.6.1
npm notice
