/usr/local/include/c++/15.1.0/bits/stl_bvector.h:1158: std::vector<bool, _Alloc>::reference std::vector<bool, _Alloc>::operator[](size_type) [with _Alloc = std::allocator<bool>; reference = std::vector<bool>::reference; size_type = long unsigned int]: Assertion '__n < this->size()' failed.
Running 2 test cases...
unknown location(0): [4;31;49mfatal error: in "primes_up_to_10": signal: SIGABRT (application abort requested)[0;39;49m
test/sieve_test.cpp(5): [1;36;49mlast checkpoint: "primes_up_to_10" test entry[0;39;49m
/usr/local/include/c++/15.1.0/bits/stl_bvector.h:1158: std::vector<bool, _Alloc>::reference std::vector<bool, _Alloc>::operator[](size_type) [with _Alloc = std::allocator<bool>; reference = std::vector<bool>::reference; size_type = long unsigned int]: Assertion '__n < this->size()' failed.
unknown location(0): [4;31;49mfatal error: in "primes_up_to_1000": signal: SIGABRT (application abort requested)[0;39;49m
test/sieve_test.cpp(14): [1;36;49mlast checkpoint: "primes_up_to_1000" test entry[0;39;49m

[1;31;49m*** 2 failures are detected in the test module "Master Test Suite"
[0;39;49mCommand exited with non-zero status 201
	Command being timed: "./test_exec"
	User time (seconds): 0.00
	System time (seconds): 0.01
	Percent of CPU this job got: 22%
	Elapsed (wall clock) time (h:mm:ss or m:ss): 0:00.09
	Average shared text size (kbytes): 0
	Average unshared data size (kbytes): 0
	Average stack size (kbytes): 0
	Average total size (kbytes): 0
	Maximum resident set size (kbytes): 4864
	Average resident set size (kbytes): 0
	Major (requiring I/O) page faults: 1
	Minor (reclaiming a frame) page faults: 230
	Voluntary context switches: 21
	Involuntary context switches: 14
	Swaps: 0
	File system inputs: 0
	File system outputs: 0
	Socket messages sent: 0
	Socket messages received: 0
	Signals delivered: 0
	Page size (bytes): 4096
	Exit status: 201
