E
======================================================================
ERROR: min_cost_coloring_testSuite (unittest.loader._FailedTest.min_cost_coloring_testSuite)
----------------------------------------------------------------------
ImportError: Failed to import test module: min_cost_coloring_testSuite
Traceback (most recent call last):
  File "/usr/local/lib/python3.11/unittest/loader.py", line 419, in _find_test_path
    module = self._get_module_from_name(name)
             ^^^^^^^^^^^^^^^^^^^^^^^^^^^^^^^^
  File "/usr/local/lib/python3.11/unittest/loader.py", line 362, in _get_module_from_name
    __import__(name)
  File "/app/min_cost_coloring_testSuite.py", line 3, in <module>
    print(min_cost_coloring([[1, 2, 3, 4, 5], [5, 4, 3, 2, 1], [3, 2, 1, 4, 5], [3, 2, 1, 4, 3]]))
          ^^^^^^^^^^^^^^^^^
NameError: name 'min_cost_coloring' is not defined


----------------------------------------------------------------------
Ran 1 test in 0.000s

FAILED (errors=1)
Command exited with non-zero status 1
	Command being timed: "python3 -m unittest discover -s . -p *test*.py"
	User time (seconds): 0.17
	System time (seconds): 0.09
	Percent of CPU this job got: 23%
	Elapsed (wall clock) time (h:mm:ss or m:ss): 0:01.13
	Average shared text size (kbytes): 0
	Average unshared data size (kbytes): 0
	Average stack size (kbytes): 0
	Average total size (kbytes): 0
	Maximum resident set size (kbytes): 14976
	Average resident set size (kbytes): 0
	Major (requiring I/O) page faults: 0
	Minor (reclaiming a frame) page faults: 2495
	Voluntary context switches: 95
	Involuntary context switches: 282
	Swaps: 0
	File system inputs: 0
	File system outputs: 576
	Socket messages sent: 0
	Socket messages received: 0
	Signals delivered: 0
	Page size (bytes): 4096
	Exit status: 1
