=== RUN   TestSearchInts
    binary_search_test.go:93: SearchInts([1 1 1 1 1 3 6], 1) = 3, want 0
--- FAIL: TestSearchInts (0.00s)
=== RUN   TestMessage
    binary_search_test.go:127: Message([1 1 1 1 1 3 6], 1) =
        "1 found at index 3"
        want:
        "1 found at beginning of slice"
--- FAIL: TestMessage (0.00s)
FAIL
exit status 1
FAIL	esercizio	0.002s
Command exited with non-zero status 1
	Command being timed: "go test -v"
	User time (seconds): 5.42
	System time (seconds): 0.72
	Percent of CPU this job got: 45%
	Elapsed (wall clock) time (h:mm:ss or m:ss): 0:13.54
	Average shared text size (kbytes): 0
	Average unshared data size (kbytes): 0
	Average stack size (kbytes): 0
	Average total size (kbytes): 0
	Maximum resident set size (kbytes): 225880
	Average resident set size (kbytes): 0
	Major (requiring I/O) page faults: 124
	Minor (reclaiming a frame) page faults: 735719
	Voluntary context switches: 25936
	Involuntary context switches: 35733
	Swaps: 0
	File system inputs: 59280
	File system outputs: 172336
	Socket messages sent: 0
	Socket messages received: 0
	Signals delivered: 0
	Page size (bytes): 4096
	Exit status: 1
