gemini/GeminiFlash_scrabble-score_v1.ts(32,65): error TS2550: Property 'fromEntries' does not exist on type 'ObjectConstructor'. Do you need to change your target library? Try changing the 'lib' compiler option to 'es2019' or later.
gemini/GeminiFlash_scrabble-score_v1.ts(33,10): error TS2550: Property 'entries' does not exist on type 'ObjectConstructor'. Do you need to change your target library? Try changing the 'lib' compiler option to 'es2017' or later.
gemini/GeminiFlash_scrabble-score_v1.ts(33,41): error TS7031: Binding element 'key' implicitly has an 'any' type.
gemini/GeminiFlash_scrabble-score_v1.ts(33,46): error TS7031: Binding element 'value' implicitly has an 'any' type.
gemini/GeminiFlash_scrabble-score_v3.ts(32,53): error TS2550: Property 'entries' does not exist on type 'ObjectConstructor'. Do you need to change your target library? Try changing the 'lib' compiler option to 'es2017' or later.
scrabble-score.ts(32,65): error TS2550: Property 'fromEntries' does not exist on type 'ObjectConstructor'. Do you need to change your target library? Try changing the 'lib' compiler option to 'es2019' or later.
scrabble-score.ts(33,10): error TS2550: Property 'entries' does not exist on type 'ObjectConstructor'. Do you need to change your target library? Try changing the 'lib' compiler option to 'es2017' or later.
scrabble-score.ts(33,41): error TS7031: Binding element 'key' implicitly has an 'any' type.
scrabble-score.ts(33,46): error TS7031: Binding element 'value' implicitly has an 'any' type.
