binary-search.test.ts(1,26): error TS2306: File '/app/binary-search.ts' is not a module.
binary-search.ts(2,23): error TS2304: Cannot find name 'exports'.
binary-search.ts(3,19): error TS7006: Parameter 'array' implicitly has an 'any' type.
binary-search.ts(11,18): error TS7006: Parameter 'array' implicitly has an 'any' type.
binary-search.ts(11,25): error TS7006: Parameter 'value' implicitly has an 'any' type.
binary-search.ts(30,17): error TS7006: Parameter 'array' implicitly has an 'any' type.
binary-search.ts(31,14): error TS2339: Property 'indexOf' does not exist on type 'BinarySearch'.
binary-search.ts(31,25): error TS7006: Parameter 'value' implicitly has an 'any' type.
binary-search.ts(32,23): error TS2339: Property 'array' does not exist on type 'BinarySearch'.
binary-search.ts(35,33): error TS2339: Property 'array' does not exist on type 'BinarySearch'.
binary-search.ts(37,14): error TS2339: Property 'array' does not exist on type 'BinarySearch'.
binary-search.ts(40,1): error TS2304: Cannot find name 'exports'.
npm notice
npm notice New major version of npm available! 10.8.2 -> 11.6.1
npm notice Changelog: https://github.com/npm/cli/releases/tag/v11.6.1
npm notice To update run: npm install -g npm@11.6.1
npm notice
