F
======================================================================
FAIL: test_1 (group_anagrams_testSuite.Test.test_1)
----------------------------------------------------------------------
Traceback (most recent call last):
  File "/app/group_anagrams_testSuite.py", line 6, in test_1
    self.assertEqual(group_anagrams(['eat', 'tea', 'tan', 'ate', 'nat', 'bat']),[['eat', 'ate', 'tea'], ['tan', 'nat'], ['bat']])
AssertionError: Lists differ: [['eat', 'tea', 'ate'], ['tan', 'nat'], ['bat']] != [['eat', 'ate', 'tea'], ['tan', 'nat'], ['bat']]

First differing element 0:
['eat', 'tea', 'ate']
['eat', 'ate', 'tea']

- [['eat', 'tea', 'ate'], ['tan', 'nat'], ['bat']]
?               -------

+ [['eat', 'ate', 'tea'], ['tan', 'nat'], ['bat']]
?          +++++++


----------------------------------------------------------------------
Ran 1 test in 0.000s

FAILED (failures=1)
Command exited with non-zero status 1
	Command being timed: "python3 -m unittest discover -s . -p *test*.py"
	User time (seconds): 0.02
	System time (seconds): 0.00
	Percent of CPU this job got: 82%
	Elapsed (wall clock) time (h:mm:ss or m:ss): 0:00.04
	Average shared text size (kbytes): 0
	Average unshared data size (kbytes): 0
	Average stack size (kbytes): 0
	Average total size (kbytes): 0
	Maximum resident set size (kbytes): 14208
	Average resident set size (kbytes): 0
	Major (requiring I/O) page faults: 0
	Minor (reclaiming a frame) page faults: 2477
	Voluntary context switches: 270
	Involuntary context switches: 14
	Swaps: 0
	File system inputs: 3952
	File system outputs: 576
	Socket messages sent: 0
	Socket messages received: 0
	Signals delivered: 0
	Page size (bytes): 4096
	Exit status: 1
