Running 15 test cases...
test/triangle_test.cpp(53): [4;31;49mfatal error: in "very_small_triangles_are_legal": critical check triangle::scalene == triangle::kind(0.4, 0.6, 0.3) has failed [2 != 0][0;39;49m
test/triangle_test.cpp(58): [4;31;49mfatal error: in "very_very_small_triangles_are_legal": critical check triangle::isosceles == triangle::kind(0.0400002, 0.06, 0.0400001) has failed [1 != 0][0;39;49m

[1;31;49m*** 2 failures are detected in the test module "Master Test Suite"
[0;39;49mCommand exited with non-zero status 201
	Command being timed: "./test_exec"
	User time (seconds): 0.01
	System time (seconds): 0.01
	Percent of CPU this job got: 34%
	Elapsed (wall clock) time (h:mm:ss or m:ss): 0:00.06
	Average shared text size (kbytes): 0
	Average unshared data size (kbytes): 0
	Average stack size (kbytes): 0
	Average total size (kbytes): 0
	Maximum resident set size (kbytes): 4736
	Average resident set size (kbytes): 0
	Major (requiring I/O) page faults: 1
	Minor (reclaiming a frame) page faults: 225
	Voluntary context switches: 5
	Involuntary context switches: 31
	Swaps: 0
	File system inputs: 0
	File system outputs: 0
	Socket messages sent: 0
	Socket messages received: 0
	Signals delivered: 0
	Page size (bytes): 4096
	Exit status: 201
