grade-school.test.ts(68,15): error TS2339: Property 'push' does not exist on type 'readonly string[]'.
grade-school.test.ts(75,21): error TS2339: Property 'push' does not exist on type 'readonly string[]'.
