claude/ClaudeSonnet4_bracket-push_v2.ts(6,14): error TS1005: ',' expected.
claude/ClaudeSonnet4_bracket-push_v2.ts(7,1): error TS1128: Declaration or statement expected.
claude/ClaudeSonnet4_bracket-push_v2.ts(7,2): error TS1128: Declaration or statement expected.
