gemini/GeminiFlash_space-age_v1.ts(14,90): error TS2550: Property 'entries' does not exist on type 'ObjectConstructor'. Do you need to change your target library? Try changing the 'lib' compiler option to 'es2017' or later.
gemini/GeminiFlash_space-age_v1.ts(15,4): error TS7006: Parameter 'acc' implicitly has an 'any' type.
gemini/GeminiFlash_space-age_v1.ts(15,10): error TS7031: Binding element 'planet' implicitly has an 'any' type.
gemini/GeminiFlash_space-age_v1.ts(15,18): error TS7031: Binding element 'period' implicitly has an 'any' type.
gemini/GeminiFlash_space-age_v2.ts(14,28): error TS2550: Property 'fromEntries' does not exist on type 'ObjectConstructor'. Do you need to change your target library? Try changing the 'lib' compiler option to 'es2019' or later.
gemini/GeminiFlash_space-age_v2.ts(15,10): error TS2550: Property 'entries' does not exist on type 'ObjectConstructor'. Do you need to change your target library? Try changing the 'lib' compiler option to 'es2017' or later.
gemini/GeminiFlash_space-age_v2.ts(15,40): error TS7031: Binding element 'planet' implicitly has an 'any' type.
gemini/GeminiFlash_space-age_v2.ts(15,48): error TS7031: Binding element 'period' implicitly has an 'any' type.
gemini/GeminiFlash_space-age_v3.ts(14,28): error TS2550: Property 'fromEntries' does not exist on type 'ObjectConstructor'. Do you need to change your target library? Try changing the 'lib' compiler option to 'es2019' or later.
gemini/GeminiFlash_space-age_v3.ts(15,10): error TS2550: Property 'entries' does not exist on type 'ObjectConstructor'. Do you need to change your target library? Try changing the 'lib' compiler option to 'es2017' or later.
gemini/GeminiFlash_space-age_v3.ts(15,40): error TS7031: Binding element 'planet' implicitly has an 'any' type.
gemini/GeminiFlash_space-age_v3.ts(15,48): error TS7031: Binding element 'period' implicitly has an 'any' type.
