accumulate.test.ts(1,24): error TS2306: File '/app/accumulate.ts' is not a module.
accumulate.ts(2,23): error TS2304: Cannot find name 'exports'.
accumulate.ts(3,1): error TS2304: Cannot find name 'exports'.
accumulate.ts(4,21): error TS7006: Parameter 'collection' implicitly has an 'any' type.
accumulate.ts(4,33): error TS7006: Parameter 'accumulator' implicitly has an 'any' type.
npm notice
npm notice New major version of npm available! 10.8.2 -> 11.6.1
npm notice Changelog: https://github.com/npm/cli/releases/tag/v11.6.1
npm notice To update run: npm install -g npm@11.6.1
npm notice
