FF
======================================================================
FAIL: test_remove_element_1 (remove_element_ll_testSuite.Test.test_remove_element_1)
----------------------------------------------------------------------
Traceback (most recent call last):
  File "/app/remove_element_ll_testSuite.py", line 8, in test_remove_element_1
    self.assertEqual(print_ll(remove_element(build_ll([3, 2, 2, 3]), 3)), '2 -> 2')
AssertionError: None != '2 -> 2'

======================================================================
FAIL: test_remove_element_2 (remove_element_ll_testSuite.Test.test_remove_element_2)
----------------------------------------------------------------------
Traceback (most recent call last):
  File "/app/remove_element_ll_testSuite.py", line 11, in test_remove_element_2
    self.assertEqual(print_ll(remove_element(build_ll([0, 1, 2, 3, 0, 4, 2]), 2)), '0 -> 1 -> 3 -> 0 -> 4')
AssertionError: None != '0 -> 1 -> 3 -> 0 -> 4'

----------------------------------------------------------------------
Ran 2 tests in 0.039s

FAILED (failures=2)
2 -> 2
0 -> 1 -> 3 -> 0 -> 4
Command exited with non-zero status 1
	Command being timed: "python3 -m unittest discover -s . -p *test*.py"
	User time (seconds): 0.16
	System time (seconds): 0.09
	Percent of CPU this job got: 25%
	Elapsed (wall clock) time (h:mm:ss or m:ss): 0:01.03
	Average shared text size (kbytes): 0
	Average unshared data size (kbytes): 0
	Average stack size (kbytes): 0
	Average total size (kbytes): 0
	Maximum resident set size (kbytes): 14720
	Average resident set size (kbytes): 0
	Major (requiring I/O) page faults: 0
	Minor (reclaiming a frame) page faults: 2488
	Voluntary context switches: 130
	Involuntary context switches: 176
	Swaps: 0
	File system inputs: 0
	File system outputs: 576
	Socket messages sent: 0
	Socket messages received: 0
	Signals delivered: 0
	Page size (bytes): 4096
	Exit status: 1
