openAI/ChatGPT4_space-age_v3.ts(18,35): error TS2550: Property 'values' does not exist on type 'ObjectConstructor'. Do you need to change your target library? Try changing the 'lib' compiler option to 'es2017' or later.
openAI/ChatGPT4_space-age_v3.ts(18,65): error TS7006: Parameter 'acc' implicitly has an 'any' type.
openAI/ChatGPT4_space-age_v3.ts(18,70): error TS7006: Parameter 'period' implicitly has an 'any' type.
