E
======================================================================
ERROR: test_1 (search_rotated_sorted_array_testSuite.Test.test_1)
----------------------------------------------------------------------
Traceback (most recent call last):
  File "/app/search_rotated_sorted_array_testSuite.py", line 6, in test_1
    self.assertEqual(search_rotated_sorted_array([4, 5, 6, 7, 0, 1, 2],0))
TypeError: TestCase.assertEqual() missing 1 required positional argument: 'second'

----------------------------------------------------------------------
Ran 1 test in 0.021s

FAILED (errors=1)
Command exited with non-zero status 1
	Command being timed: "python3 -m unittest discover -s . -p *test*.py"
	User time (seconds): 0.23
	System time (seconds): 0.22
	Percent of CPU this job got: 38%
	Elapsed (wall clock) time (h:mm:ss or m:ss): 0:01.21
	Average shared text size (kbytes): 0
	Average unshared data size (kbytes): 0
	Average stack size (kbytes): 0
	Average total size (kbytes): 0
	Maximum resident set size (kbytes): 14464
	Average resident set size (kbytes): 0
	Major (requiring I/O) page faults: 0
	Minor (reclaiming a frame) page faults: 2489
	Voluntary context switches: 118
	Involuntary context switches: 363
	Swaps: 0
	File system inputs: 0
	File system outputs: 576
	Socket messages sent: 0
	Socket messages received: 0
	Signals delivered: 0
	Page size (bytes): 4096
	Exit status: 1
